2025-03-17 22:54:32,247 [INFO] Activator:176 - 


2025-03-17 22:54:32,251 [INFO] Activator:177 - !SESSION log4j initialized
2025-03-17 22:54:40,131 [INFO] LogOutputStream:77 - [STDOUT_REDIRECT] 
2025-03-17 22:54:46,495 [INFO] ApplicationProperties:184 - Using Application install path: C:\ST\STM32CubeIDE_1.17.0\STM32CubeIDE\plugins\com.st.stm32cube.common.mx_6.13.0.202411220809
2025-03-17 22:54:46,511 [INFO] DbMcusXml:78 - Set database path to: C:\ST\STM32CubeIDE_1.17.0\STM32CubeIDE\plugins\com.st.stm32cube.common.mx_6.13.0.202411220809\\db\/mcu/
2025-03-17 22:54:46,511 [INFO] ApiDb:274 - Set plugin database path to: C:\ST\STM32CubeIDE_1.17.0\STM32CubeIDE\plugins\com.st.stm32cube.common.mx_6.13.0.202411220809\\db\/plugins/boardmanager/
2025-03-17 22:54:46,514 [WARN] ApiDb:259 - Overriding images path with different value:  => C:\ST\STM32CubeIDE_1.17.0\STM32CubeIDE\plugins\com.st.stm32cube.common.mx_6.13.0.202411220809\\db\/plugins/mcufinder/images/
2025-03-17 22:54:46,519 [INFO] ApiDb:250 - Set database path to: C:\Users\tynix\.stmcufinder\plugins\mcufinder//mcu/
2025-03-17 22:54:46,520 [INFO] DbMcusAds:125 - Set database path to: C:\Users\tynix\.stmcufinder\plugins\mcufinder//mcu/
2025-03-17 22:54:46,522 [INFO] CrossReferenceDbSqlite:203 - Set database path to: C:\Users\tynix\.stmcufinder\plugins\mcufinder//mcu/cs/
2025-03-17 22:54:46,602 [INFO] RulesReader:64 - Compatibility file has been processed (297 Rules)
2025-03-17 22:54:46,672 [INFO] DbMcusXml:78 - Set database path to: C:\ST\STM32CubeIDE_1.17.0\STM32CubeIDE\plugins\com.st.stm32cube.common.mx_6.13.0.202411220809\\db\/mcu/
2025-03-17 22:54:46,672 [INFO] ApiDb:274 - Set plugin database path to: C:\ST\STM32CubeIDE_1.17.0\STM32CubeIDE\plugins\com.st.stm32cube.common.mx_6.13.0.202411220809\\db\/plugins/boardmanager/
2025-03-17 22:54:46,672 [INFO] ApiDb:261 - Set plugin images path to: C:\ST\STM32CubeIDE_1.17.0\STM32CubeIDE\plugins\com.st.stm32cube.common.mx_6.13.0.202411220809\\db\/plugins/mcufinder/images/
2025-03-17 22:54:46,673 [WARN] DbFile:41 - Overriding database path with different value: C:\Users\tynix\.stmcufinder\plugins\mcufinder/ => C:\Users\tynix\.stmcufinder\plugins\mcufinder
2025-03-17 22:54:46,673 [INFO] ApiDb:250 - Set database path to: C:\Users\tynix\.stmcufinder\plugins\mcufinder//mcu/
2025-03-17 22:54:46,673 [WARN] DbFile:41 - Overriding database path with different value: C:\Users\tynix\.stmcufinder\plugins\mcufinder/ => C:\Users\tynix\.stmcufinder\plugins\mcufinder
2025-03-17 22:54:46,673 [INFO] DbMcusAds:125 - Set database path to: C:\Users\tynix\.stmcufinder\plugins\mcufinder//mcu/
2025-03-17 22:54:46,673 [WARN] DbFile:41 - Overriding database path with different value: C:\Users\tynix\.stmcufinder\plugins\mcufinder/ => C:\Users\tynix\.stmcufinder\plugins\mcufinder
2025-03-17 22:54:46,673 [WARN] DbFile:41 - Overriding database path with different value: C:\Users\tynix\.stmcufinder\plugins\mcufinder/ => C:\Users\tynix\.stmcufinder\plugins\mcufinder
2025-03-17 22:54:46,673 [INFO] CrossReferenceDbSqlite:203 - Set database path to: C:\Users\tynix\.stmcufinder\plugins\mcufinder//mcu/cs/
2025-03-17 22:54:46,742 [INFO] MainPanel:272 - HeapMemory: 268435456
2025-03-17 22:54:46,868 [INFO] DbMcusXml:78 - Set database path to: C:\ST\STM32CubeIDE_1.17.0\STM32CubeIDE\plugins\com.st.stm32cube.common.mx_6.13.0.202411220809\\db\/mcu/
2025-03-17 22:54:46,868 [INFO] ApiDb:274 - Set plugin database path to: C:\ST\STM32CubeIDE_1.17.0\STM32CubeIDE\plugins\com.st.stm32cube.common.mx_6.13.0.202411220809\\db\/plugins/boardmanager/
2025-03-17 22:54:46,868 [INFO] ApiDb:261 - Set plugin images path to: C:\ST\STM32CubeIDE_1.17.0\STM32CubeIDE\plugins\com.st.stm32cube.common.mx_6.13.0.202411220809\\db\/plugins/mcufinder/images/
2025-03-17 22:54:46,869 [WARN] DbFile:41 - Overriding database path with different value: C:\Users\tynix\.stmcufinder\plugins\mcufinder/ => C:\Users\tynix\.stmcufinder\plugins\mcufinder
2025-03-17 22:54:46,869 [INFO] ApiDb:250 - Set database path to: C:\Users\tynix\.stmcufinder\plugins\mcufinder//mcu/
2025-03-17 22:54:46,869 [WARN] DbFile:41 - Overriding database path with different value: C:\Users\tynix\.stmcufinder\plugins\mcufinder/ => C:\Users\tynix\.stmcufinder\plugins\mcufinder
2025-03-17 22:54:46,869 [INFO] DbMcusAds:125 - Set database path to: C:\Users\tynix\.stmcufinder\plugins\mcufinder//mcu/
2025-03-17 22:54:46,869 [WARN] DbFile:41 - Overriding database path with different value: C:\Users\tynix\.stmcufinder\plugins\mcufinder/ => C:\Users\tynix\.stmcufinder\plugins\mcufinder
2025-03-17 22:54:46,869 [WARN] DbFile:41 - Overriding database path with different value: C:\Users\tynix\.stmcufinder\plugins\mcufinder/ => C:\Users\tynix\.stmcufinder\plugins\mcufinder
2025-03-17 22:54:46,869 [INFO] CrossReferenceDbSqlite:203 - Set database path to: C:\Users\tynix\.stmcufinder\plugins\mcufinder//mcu/cs/
2025-03-17 22:54:46,884 [INFO] ApplicationProperties:184 - Using Application install path: C:\ST\STM32CubeIDE_1.17.0\STM32CubeIDE\plugins\com.st.stm32cube.common.mx_6.13.0.202411220809
2025-03-17 22:54:46,884 [INFO] PluginManage:196 - Search for loadable plugins [exclusion list=, ]
2025-03-17 22:54:46,886 [INFO] PluginManage:310 - Check plugin analytics
2025-03-17 22:54:47,003 [INFO] AnalyticsPlugin:253 - Accepted Software Licenses: 
2025-03-17 22:54:47,003 [INFO] AnalyticsPlugin:255 - Accepted CMSIS Pack Licenses: 
2025-03-17 22:54:47,003 [INFO] AnalyticsPlugin:257 - Accepted Firmware Licenses: FW.F4.1.28.0,FW.L4.1.18.0
2025-03-17 22:54:47,004 [INFO] PluginManage:359 - Loaded plugin analytics (category:tool,tabindex:-1)
2025-03-17 22:54:47,004 [INFO] PluginManage:310 - Check plugin cadmodel
2025-03-17 22:54:47,020 [INFO] CADModel:105 - Init CAD model plugin
2025-03-17 22:54:47,020 [INFO] PluginManage:359 - Loaded plugin cadmodel (category:power,tabindex:5)
2025-03-17 22:54:47,020 [INFO] PluginManage:310 - Check plugin clock
2025-03-17 22:54:47,036 [INFO] PluginManage:359 - Loaded plugin clock (category:base,tabindex:2)
2025-03-17 22:54:47,036 [INFO] PluginManage:310 - Check plugin ddr
2025-03-17 22:54:47,039 [INFO] PluginManage:359 - Loaded plugin ddr (category:tool,tabindex:6)
2025-03-17 22:54:47,039 [INFO] PluginManage:310 - Check plugin filemanager
2025-03-17 22:54:47,154 [INFO] PluginManage:359 - Loaded plugin filemanager (category:base,tabindex:10)
2025-03-17 22:54:47,154 [INFO] PluginManage:310 - Check plugin ipmanager
2025-03-17 22:54:47,160 [INFO] PluginManage:359 - Loaded plugin ipmanager (category:base,tabindex:5)
2025-03-17 22:54:47,160 [INFO] PluginManage:310 - Check plugin lpbam
2025-03-17 22:54:47,176 [INFO] PluginManage:359 - Loaded plugin lpbam (category:base,tabindex:0)
2025-03-17 22:54:47,176 [INFO] PluginManage:310 - Check plugin memorymap
2025-03-17 22:54:47,199 [INFO] PluginManage:359 - Loaded plugin memorymap (category:base,tabindex:4)
2025-03-17 22:54:47,199 [INFO] PluginManage:310 - Check plugin pinoutandconfiguration
2025-03-17 22:54:47,215 [INFO] PluginManage:359 - Loaded plugin pinoutandconfiguration (category:base,tabindex:1)
2025-03-17 22:54:47,215 [INFO] PluginManage:310 - Check plugin pinoutconfig
2025-03-17 22:54:47,288 [WARN] SupportedApi:132 - Cannot load RTOS API schema: s4s-elt-must-match.1: The content of 'definitions' must match (annotation?, (simpleType | complexType)?, (unique | key | keyref)*)). A problem was found starting at: attribute.
2025-03-17 22:54:47,401 [INFO] PluginManage:359 - Loaded plugin pinoutconfig (category:base,tabindex:0)
2025-03-17 22:54:47,401 [INFO] PluginManage:310 - Check plugin power
2025-03-17 22:54:47,421 [INFO] PluginManage:359 - Loaded plugin power (category:power,tabindex:4)
2025-03-17 22:54:47,421 [INFO] PluginManage:310 - Check plugin projectmanager
2025-03-17 22:54:47,431 [INFO] PluginManage:359 - Loaded plugin projectmanager (category:projectmanager,tabindex:4)
2025-03-17 22:54:47,431 [INFO] PluginManage:310 - Check plugin rif
2025-03-17 22:54:47,448 [INFO] PluginManage:359 - Loaded plugin rif (category:base,tabindex:3)
2025-03-17 22:54:47,449 [INFO] PluginManage:310 - Check plugin thirdparty
2025-03-17 22:54:47,691 [WARN] IntegrityCheckThread:84 - waiting for thirdparty lock release [integrity check]
2025-03-17 22:54:47,691 [INFO] PluginManage:359 - Loaded plugin thirdparty (category:base,tabindex:-1)
2025-03-17 22:54:47,691 [INFO] IntegrityCheckThread:86 - entering critical section [integrity check]
2025-03-17 22:54:47,691 [INFO] PluginManage:310 - Check plugin tools
2025-03-17 22:54:47,691 [INFO] ThirdPartyUpdaterWithRetryManager:70 - Updater plugin not ready yet. [1/15]
2025-03-17 22:54:47,724 [INFO] PluginManage:359 - Loaded plugin tools (category:base,tabindex:7)
2025-03-17 22:54:47,724 [INFO] PluginManage:310 - Check plugin tutovideos
2025-03-17 22:54:47,897 [INFO] PluginManage:359 - Loaded plugin tutovideos (category:base,tabindex:-1)
2025-03-17 22:54:47,897 [INFO] PluginManage:310 - Check plugin updater
2025-03-17 22:54:47,915 [INFO] PluginManage:359 - Loaded plugin updater (category:base,tabindex:12)
2025-03-17 22:54:47,915 [INFO] PluginManage:310 - Check plugin userauth
2025-03-17 22:54:47,918 [INFO] UserAuth:118 - Init User Auth plugin
2025-03-17 22:54:47,918 [INFO] PluginManage:359 - Loaded plugin userauth (category:base,tabindex:14)
2025-03-17 22:54:47,919 [INFO] PluginManage:283 - PluginManage : Loaded plugins [18]
2025-03-17 22:54:48,095 [INFO] PinOutPanel:1589 - setPackage(No Configuration,No Configuration)
2025-03-17 22:54:48,167 [INFO] CADModel:165 - CPN selected for project level
2025-03-17 22:54:48,167 [INFO] CADModel:114 - Register for checkConnection events
2025-03-17 22:54:48,192 [INFO] IPUIPlugin:80 - create IPUIPlugin
2025-03-17 22:54:48,192 [INFO] PluginManager:220 - loadIPPluginJar : add adc
2025-03-17 22:54:48,222 [INFO] IPUIPlugin:80 - create IPUIPlugin
2025-03-17 22:54:48,223 [INFO] PluginManager:220 - loadIPPluginJar : add aes
2025-03-17 22:54:48,256 [INFO] IPUIPlugin:80 - create IPUIPlugin
2025-03-17 22:54:48,256 [INFO] PluginManager:220 - loadIPPluginJar : add can
2025-03-17 22:54:48,278 [INFO] IPUIPlugin:80 - create IPUIPlugin
2025-03-17 22:54:48,278 [INFO] PluginManager:220 - loadIPPluginJar : add comp
2025-03-17 22:54:48,305 [INFO] IPUIPlugin:80 - create IPUIPlugin
2025-03-17 22:54:48,306 [INFO] PluginManager:220 - loadIPPluginJar : add cryp
2025-03-17 22:54:48,318 [INFO] IPUIPlugin:80 - create IPUIPlugin
2025-03-17 22:54:48,318 [INFO] PluginManager:220 - loadIPPluginJar : add ddr_ctrl_phy
2025-03-17 22:54:48,344 [INFO] IPUIPlugin:80 - create IPUIPlugin
2025-03-17 22:54:48,344 [INFO] PluginManager:220 - loadIPPluginJar : add dfsdm
2025-03-17 22:54:48,356 [INFO] IPUIPlugin:80 - create IPUIPlugin
2025-03-17 22:54:48,357 [INFO] PluginManager:220 - loadIPPluginJar : add dma
2025-03-17 22:54:48,391 [INFO] IPUIPlugin:80 - create IPUIPlugin
2025-03-17 22:54:48,391 [INFO] PluginManager:220 - loadIPPluginJar : add dma3
2025-03-17 22:54:48,428 [INFO] IPUIPlugin:80 - create IPUIPlugin
2025-03-17 22:54:48,428 [INFO] PluginManager:220 - loadIPPluginJar : add extmemmanager
2025-03-17 22:54:48,488 [INFO] IPUIPlugin:80 - create IPUIPlugin
2025-03-17 22:54:48,488 [INFO] PluginManager:220 - loadIPPluginJar : add fatfs
2025-03-17 22:54:48,567 [INFO] IPUIPlugin:80 - create IPUIPlugin
2025-03-17 22:54:48,568 [INFO] PluginManager:220 - loadIPPluginJar : add fmc
2025-03-17 22:54:48,583 [INFO] IPUIPlugin:80 - create IPUIPlugin
2025-03-17 22:54:48,583 [INFO] PluginManager:220 - loadIPPluginJar : add freertos
2025-03-17 22:54:48,601 [INFO] IPUIPlugin:80 - create IPUIPlugin
2025-03-17 22:54:48,602 [INFO] PluginManager:220 - loadIPPluginJar : add genericplugin
2025-03-17 22:54:48,721 [INFO] IPUIPlugin:80 - create IPUIPlugin
2025-03-17 22:54:48,721 [INFO] PluginManager:220 - loadIPPluginJar : add gfxmmu
2025-03-17 22:54:48,899 [INFO] IPUIPlugin:80 - create IPUIPlugin
2025-03-17 22:54:48,899 [INFO] PluginManager:220 - loadIPPluginJar : add gic
2025-03-17 22:54:48,919 [INFO] IPUIPlugin:80 - create IPUIPlugin
2025-03-17 22:54:48,919 [INFO] PluginManager:220 - loadIPPluginJar : add gpio
2025-03-17 22:54:49,044 [INFO] IPUIPlugin:80 - create IPUIPlugin
2025-03-17 22:54:49,044 [INFO] PluginManager:220 - loadIPPluginJar : add gtzc
2025-03-17 22:54:49,100 [INFO] IPUIPlugin:80 - create IPUIPlugin
2025-03-17 22:54:49,101 [INFO] PluginManager:220 - loadIPPluginJar : add hash
2025-03-17 22:54:49,149 [INFO] IPUIPlugin:80 - create IPUIPlugin
2025-03-17 22:54:49,149 [INFO] PluginManager:220 - loadIPPluginJar : add i2c
2025-03-17 22:54:49,212 [INFO] IPUIPlugin:80 - create IPUIPlugin
2025-03-17 22:54:49,212 [INFO] PluginManager:220 - loadIPPluginJar : add i2s
2025-03-17 22:54:49,285 [INFO] IPUIPlugin:80 - create IPUIPlugin
2025-03-17 22:54:49,285 [INFO] PluginManager:220 - loadIPPluginJar : add i3c
2025-03-17 22:54:49,415 [INFO] IPUIPlugin:80 - create IPUIPlugin
2025-03-17 22:54:49,416 [INFO] PluginManager:220 - loadIPPluginJar : add ipddr
2025-03-17 22:54:49,548 [INFO] IPUIPlugin:80 - create IPUIPlugin
2025-03-17 22:54:49,548 [INFO] PluginManager:220 - loadIPPluginJar : add linkedlist
2025-03-17 22:54:49,578 [INFO] IPUIPlugin:80 - create IPUIPlugin
2025-03-17 22:54:49,578 [INFO] PluginManager:220 - loadIPPluginJar : add lorawan
2025-03-17 22:54:49,608 [INFO] IPUIPlugin:80 - create IPUIPlugin
2025-03-17 22:54:49,608 [INFO] PluginManager:220 - loadIPPluginJar : add ltdc
2025-03-17 22:54:49,624 [INFO] IPUIPlugin:80 - create IPUIPlugin
2025-03-17 22:54:49,624 [INFO] PluginManager:220 - loadIPPluginJar : add mdma
2025-03-17 22:54:49,639 [INFO] IPUIPlugin:80 - create IPUIPlugin
2025-03-17 22:54:49,639 [INFO] PluginManager:220 - loadIPPluginJar : add nvic
2025-03-17 22:54:49,702 [INFO] IPUIPlugin:80 - create IPUIPlugin
2025-03-17 22:54:49,702 [INFO] PluginManager:220 - loadIPPluginJar : add opamp
2025-03-17 22:54:49,777 [INFO] IPUIPlugin:80 - create IPUIPlugin
2025-03-17 22:54:49,777 [INFO] PluginManager:220 - loadIPPluginJar : add openamp
2025-03-17 22:54:49,844 [INFO] IPUIPlugin:80 - create IPUIPlugin
2025-03-17 22:54:49,844 [INFO] PluginManager:220 - loadIPPluginJar : add pdm2pcm
2025-03-17 22:54:49,856 [INFO] IPUIPlugin:80 - create IPUIPlugin
2025-03-17 22:54:49,857 [INFO] PluginManager:220 - loadIPPluginJar : add plateformsettings
2025-03-17 22:54:49,878 [INFO] IPUIPlugin:80 - create IPUIPlugin
2025-03-17 22:54:49,878 [INFO] PluginManager:220 - loadIPPluginJar : add quadspi
2025-03-17 22:54:49,935 [INFO] IPUIPlugin:80 - create IPUIPlugin
2025-03-17 22:54:49,936 [INFO] PluginManager:220 - loadIPPluginJar : add radio
2025-03-17 22:54:49,950 [INFO] IPUIPlugin:80 - create IPUIPlugin
2025-03-17 22:54:49,950 [INFO] PluginManager:220 - loadIPPluginJar : add resmgrutility
2025-03-17 22:54:49,991 [INFO] IPUIPlugin:80 - create IPUIPlugin
2025-03-17 22:54:49,992 [INFO] PluginManager:220 - loadIPPluginJar : add sai
2025-03-17 22:54:50,059 [INFO] IPUIPlugin:80 - create IPUIPlugin
2025-03-17 22:54:50,059 [INFO] PluginManager:220 - loadIPPluginJar : add spi
2025-03-17 22:54:50,165 [INFO] IPUIPlugin:80 - create IPUIPlugin
2025-03-17 22:54:50,165 [INFO] PluginManager:220 - loadIPPluginJar : add stm32_wpan
2025-03-17 22:54:50,186 [INFO] IPUIPlugin:80 - create IPUIPlugin
2025-03-17 22:54:50,186 [INFO] PluginManager:220 - loadIPPluginJar : add tim
2025-03-17 22:54:50,255 [INFO] IPUIPlugin:80 - create IPUIPlugin
2025-03-17 22:54:50,255 [INFO] PluginManager:220 - loadIPPluginJar : add touchsensing
2025-03-17 22:54:50,292 [INFO] IPUIPlugin:80 - create IPUIPlugin
2025-03-17 22:54:50,292 [INFO] PluginManager:220 - loadIPPluginJar : add tracer_emb
2025-03-17 22:54:50,325 [INFO] IPUIPlugin:80 - create IPUIPlugin
2025-03-17 22:54:50,325 [INFO] PluginManager:220 - loadIPPluginJar : add ts
2025-03-17 22:54:50,345 [INFO] IPUIPlugin:80 - create IPUIPlugin
2025-03-17 22:54:50,345 [INFO] PluginManager:220 - loadIPPluginJar : add tsc
2025-03-17 22:54:50,362 [INFO] IPUIPlugin:80 - create IPUIPlugin
2025-03-17 22:54:50,362 [INFO] PluginManager:220 - loadIPPluginJar : add ucpd
2025-03-17 22:54:50,396 [INFO] IPUIPlugin:80 - create IPUIPlugin
2025-03-17 22:54:50,396 [INFO] PluginManager:220 - loadIPPluginJar : add usart
2025-03-17 22:54:50,453 [INFO] IPUIPlugin:80 - create IPUIPlugin
2025-03-17 22:54:50,453 [INFO] PluginManager:220 - loadIPPluginJar : add usbx
2025-03-17 22:54:50,562 [FATAL] Updater:351 - Updater called before beeing initialized
2025-03-17 22:54:50,646 [INFO] RulesReader:64 - Compatibility file has been processed (297 Rules)
2025-03-17 22:54:50,652 [INFO] RulesReader:64 - Compatibility file has been processed (297 Rules)
2025-03-17 22:54:50,659 [INFO] CADModel:165 - CPN selected for project level
2025-03-17 22:54:50,660 [INFO] CADModel:114 - Register for checkConnection events
2025-03-17 22:54:50,660 [FATAL] Updater:351 - Updater called before beeing initialized
2025-03-17 22:54:50,660 [ERROR] CADModel:125 - Updater not yet initialized, retry later 
2025-03-17 22:54:50,692 [INFO] ThirdPartyUpdaterWithRetryManager:70 - Updater plugin not ready yet. [2/15]
2025-03-17 22:54:50,794 [FATAL] Updater:351 - Updater called before beeing initialized
2025-03-17 22:54:50,795 [INFO] CADModel:165 - CPN selected for project level
2025-03-17 22:54:50,795 [INFO] CADModel:114 - Register for checkConnection events
2025-03-17 22:54:50,796 [FATAL] Updater:351 - Updater called before beeing initialized
2025-03-17 22:54:50,796 [ERROR] CADModel:125 - Updater not yet initialized, retry later 
2025-03-17 22:54:50,798 [FATAL] Updater:351 - Updater called before beeing initialized
2025-03-17 22:54:50,887 [FATAL] Updater:351 - Updater called before beeing initialized
2025-03-17 22:54:50,895 [INFO] DbMcusAds:53 - JSON generation date=Thu Mar 06 08:54:21 CST 2025 (1741272861825)
2025-03-17 22:54:50,895 [FATAL] Updater:351 - Updater called before beeing initialized
2025-03-17 22:54:50,929 [WARN] DetailPanel:346 - Failed to get advertising image, set to default
2025-03-17 22:54:51,061 [FATAL] Updater:351 - Updater called before beeing initialized
2025-03-17 22:54:51,063 [FATAL] Updater:351 - Updater called before beeing initialized
2025-03-17 22:54:51,063 [FATAL] Updater:351 - Updater called before beeing initialized
2025-03-17 22:54:51,063 [WARN] DetailPanel:346 - Failed to get advertising image, set to default
2025-03-17 22:54:51,064 [FATAL] Updater:351 - Updater called before beeing initialized
2025-03-17 22:54:51,103 [ERROR] Updater:1198 - MainUpdater not yet initialized. External WinMGr cannot be set.
2025-03-17 22:54:51,110 [INFO] Updater:1134 - Updater Version found : 6.13.0
2025-03-17 22:54:51,127 [INFO] ApplicationProperties:184 - Using Application install path: C:\ST\STM32CubeIDE_1.17.0\STM32CubeIDE\plugins\com.st.stm32cube.common.mx_6.13.0.202411220809
2025-03-17 22:54:52,701 [ERROR] LogOutputStream:75 - [STDERR_REDIRECT] Mar 17, 2025 10:54:52 PM java.util.prefs.WindowsPreferences <init>
2025-03-17 22:54:52,702 [ERROR] LogOutputStream:75 - [STDERR_REDIRECT] WARNING: Could not open/create prefs root node Software\JavaSoft\Prefs at root 0xffffffff80000002. Windows RegCreateKeyEx(...) returned error code 5.
2025-03-17 22:54:52,702 [ERROR] LogOutputStream:75 - [STDERR_REDIRECT] 
2025-03-17 22:54:53,001 [INFO] MainUpdater:2872 - connection check result : 10
2025-03-17 22:54:53,001 [INFO] MainUpdater:289 - Updater Check For Update Now.
2025-03-17 22:54:53,001 [INFO] MicroXplorer:498 - Change Database Version : DB.6.0.130
2025-03-17 22:54:53,024 [INFO] McuFinderGlobals:63 - Set McuFinder mode to 2 (CubeIDE integrated)
2025-03-17 22:54:53,029 [INFO] UserAuth:486 - Internet connection configuration mode: 1
2025-03-17 22:54:53,070 [INFO] JxBrowserEngine:152 - Initiate JxBrowser Engine with user profile folder
2025-03-17 22:54:53,181 [INFO] CheckServerUpdateThread:120 - End of CheckServer Thread
2025-03-17 22:54:54,404 [WARN] PackLoader:240 - Cannot read IP mode file for STMicroelectronics.FP-SNS-MOTENVWB1.1.4.0
2025-03-17 22:54:54,426 [WARN] PackLoader:240 - Cannot read IP mode file for STMicroelectronics.FP-ATR-ASTRA1.2.0.2
2025-03-17 22:54:54,437 [WARN] PackLoader:240 - Cannot read IP mode file for STMicroelectronics.FP-ATR-ASTRA1.2.0.1
2025-03-17 22:54:54,454 [WARN] PackLoader:240 - Cannot read IP mode file for STMicroelectronics.X-CUBE-SMBUS.2.1.0
2025-03-17 22:54:54,471 [WARN] PackLoader:240 - Cannot read IP mode file for STMicroelectronics.X-CUBE-WB05N.1.1.0
2025-03-17 22:54:54,511 [WARN] PackLoader:240 - Cannot read IP mode file for STMicroelectronics.X-CUBE-AZRTOS-F7.1.1.0
2025-03-17 22:54:54,524 [WARN] PackLoader:240 - Cannot read IP mode file for STMicroelectronics.FP-SNS-FLIGHT1.5.0.2
2025-03-17 22:54:54,549 [WARN] PackLoader:240 - Cannot read IP mode file for Infineon.AIROC-Wi-Fi-Bluetooth-STM32.1.7.0
2025-03-17 22:54:54,567 [WARN] PackLoader:240 - Cannot read IP mode file for STMicroelectronics.X-CUBE-DISPLAY.3.0.0
2025-03-17 22:54:54,582 [WARN] PackLoader:240 - Cannot read IP mode file for STMicroelectronics.X-CUBE-BLE1.7.0.0
2025-03-17 22:54:54,594 [WARN] PackLoader:240 - Cannot read IP mode file for STMicroelectronics.X-CUBE-NFC10.1.0.0
2025-03-17 22:54:54,607 [WARN] PackLoader:240 - Cannot read IP mode file for emotas.I-CUBE-CANOPEN.1.3.0
2025-03-17 22:54:54,618 [WARN] PackLoader:240 - Cannot read IP mode file for STMicroelectronics.X-CUBE-AI.10.0.0
2025-03-17 22:54:54,634 [WARN] PackLoader:240 - Cannot read IP mode file for STMicroelectronics.FP-SNS-SMARTAG2.1.2.0
2025-03-17 22:54:54,646 [WARN] PackLoader:240 - Cannot read IP mode file for STMicroelectronics.FP-SNS-FLIGHT1.5.1.0
2025-03-17 22:54:54,682 [WARN] PackLoader:240 - Cannot read IP mode file for STMicroelectronics.X-CUBE-MEMS1.11.1.0
2025-03-17 22:54:54,791 [INFO] WebApp:168 - Instantiating new browser for Auth
2025-03-17 22:54:54,794 [INFO] LogOutputStream:77 - [STDOUT_REDIRECT] 1 : Invalid condition id : UX_CORESTACK_Condition cause : null
2025-03-17 22:54:54,796 [INFO] LogOutputStream:77 - [STDOUT_REDIRECT] 1 : Invalid condition id : UX_CORESTACK_Condition cause : null
2025-03-17 22:54:54,797 [INFO] LogOutputStream:77 - [STDOUT_REDIRECT] 1 : Invalid condition id : UX_CORESTACK_Condition cause : null
2025-03-17 22:54:54,798 [INFO] LogOutputStream:77 - [STDOUT_REDIRECT] 1 : Invalid condition id : UX_CORESTACK_Condition cause : null
2025-03-17 22:54:54,798 [INFO] LogOutputStream:77 - [STDOUT_REDIRECT] 1 : Invalid condition id : UX_CORESTACK_Condition cause : null
2025-03-17 22:54:54,802 [WARN] PackLoader:240 - Cannot read IP mode file for STMicroelectronics.X-CUBE-AZRTOS-WL.2.0.0
2025-03-17 22:54:54,822 [WARN] PackLoader:240 - Cannot read IP mode file for STMicroelectronics.FP-SNS-MOTENV1.5.0.0
2025-03-17 22:54:54,837 [WARN] PackLoader:240 - Cannot read IP mode file for wolfSSL.I-CUBE-wolfMQTT.1.19.0
2025-03-17 22:54:54,857 [WARN] PackLoader:240 - Cannot read IP mode file for WES.I-CUBE-Cesium.1.3.0
2025-03-17 22:54:54,881 [WARN] PackLoader:240 - Cannot read IP mode file for STMicroelectronics.X-CUBE-BLE2.3.3.0
2025-03-17 22:54:54,939 [WARN] PackLoader:240 - Cannot read IP mode file for STMicroelectronics.X-CUBE-NFC9.1.0.0
2025-03-17 22:54:54,953 [WARN] PackLoader:240 - Cannot read IP mode file for STMicroelectronics.X-CUBE-BLE1.7.1.0
2025-03-17 22:54:54,977 [WARN] PackLoader:240 - Cannot read IP mode file for STMicroelectronics.X-CUBE-AZRTOS-G0.1.1.0
2025-03-17 22:54:54,994 [WARN] PackLoader:240 - Cannot read IP mode file for STMicroelectronics.X-CUBE-SAFEA1.1.2.2
2025-03-17 22:54:55,012 [WARN] PackLoader:240 - Cannot read IP mode file for STMicroelectronics.X-CUBE-NFC4.3.0.0
2025-03-17 22:54:55,031 [WARN] PackLoader:240 - Cannot read IP mode file for EmbeddedOffice.I-CUBE-FS-RTOS.1.0.1
2025-03-17 22:54:55,046 [WARN] PackLoader:240 - Cannot read IP mode file for STMicroelectronics.X-CUBE-TCPP.4.2.0
2025-03-17 22:54:55,058 [WARN] PackLoader:240 - Cannot read IP mode file for RealThread.X-CUBE-RT-Thread_Nano.4.1.1
2025-03-17 22:54:55,072 [WARN] PackLoader:240 - Cannot read IP mode file for STMicroelectronics.FP-ATR-SIGFOX1.3.2.0
2025-03-17 22:54:55,084 [WARN] ConditionMgr:438 - getConditionDescription Invalid condition id : Cortex-A Device cause : null
2025-03-17 22:54:55,110 [WARN] ConditionMgr:1044 - genDependencies : Invalid condition id : Cortex-A Device cause : null
2025-03-17 22:54:55,110 [WARN] ConditionMgr:1044 - genDependencies : Invalid condition id : Cortex-A Device cause : null
2025-03-17 22:54:55,110 [WARN] ConditionMgr:1044 - genDependencies : Invalid condition id : Cortex-A Device cause : null
2025-03-17 22:54:55,122 [WARN] PackLoader:240 - Cannot read IP mode file for STMicroelectronics.X-CUBE-EEPRMA1.5.1.0
2025-03-17 22:54:55,135 [WARN] PackLoader:240 - Cannot read IP mode file for wolfSSL.I-CUBE-wolfSSL.5.7.4
2025-03-17 22:54:55,148 [WARN] PackLoader:240 - Cannot read IP mode file for ITTIA_DB.I-CUBE-ITTIADB.8.9.0
2025-03-17 22:54:55,175 [WARN] PackLoader:240 - Cannot read IP mode file for SEGGER.I-CUBE-embOS.1.3.1
2025-03-17 22:54:55,201 [WARN] PackLoader:240 - Cannot read IP mode file for STMicroelectronics.X-CUBE-ALGOBUILD.1.4.0
2025-03-17 22:54:55,212 [WARN] PackLoader:240 - Cannot read IP mode file for STMicroelectronics.X-CUBE-AI.9.1.0
2025-03-17 22:54:55,234 [WARN] PackLoader:240 - Cannot read IP mode file for STMicroelectronics.X-CUBE-AZRTOS-F4.1.1.0
2025-03-17 22:54:55,247 [WARN] PackLoader:240 - Cannot read IP mode file for STMicroelectronics.X-CUBE-ISPU.2.1.0
2025-03-17 22:54:55,269 [WARN] PackLoader:240 - Cannot read IP mode file for STMicroelectronics.X-CUBE-AZRTOS-L5.2.0.0
2025-03-17 22:54:55,503 [WARN] PackLoader:240 - Cannot read IP mode file for STMicroelectronics.X-CUBE-NFC6.3.1.0
2025-03-17 22:54:55,521 [WARN] PackLoader:240 - Cannot read IP mode file for STMicroelectronics.X-CUBE-DPower.1.2.0
2025-03-17 22:54:55,532 [WARN] PackLoader:240 - Cannot read IP mode file for STMicroelectronics.X-CUBE-FREERTOS.1.3.0
2025-03-17 22:54:55,543 [WARN] PackLoader:240 - Cannot read IP mode file for STMicroelectronics.X-CUBE-NFC7.1.0.1
2025-03-17 22:54:55,564 [WARN] ConditionMgr:438 - getConditionDescription Invalid condition id : LAN8742 Phy interface Condition cause : null
2025-03-17 22:54:55,564 [WARN] PackLoader:240 - Cannot read IP mode file for STMicroelectronics.X-CUBE-AZRTOS-L4.2.0.0
2025-03-17 22:54:55,565 [WARN] ConditionMgr:1044 - genDependencies : Invalid condition id : LAN8742 Phy interface Condition cause : null
2025-03-17 22:54:55,565 [WARN] ConditionMgr:1044 - genDependencies : Invalid condition id : LAN8742 Phy interface Condition cause : null
2025-03-17 22:54:55,565 [WARN] ConditionMgr:1044 - genDependencies : Invalid condition id : LAN8742 Phy interface Condition cause : null
2025-03-17 22:54:55,577 [WARN] PackLoader:240 - Cannot read IP mode file for STMicroelectronics.X-CUBE-SFXS2LP1.4.0.0
2025-03-17 22:54:55,605 [WARN] PackLoader:240 - Cannot read IP mode file for STMicroelectronics.X-CUBE-AZRTOS-H7.3.3.0
2025-03-17 22:54:55,623 [WARN] ConditionMgr:438 - getConditionDescription Invalid condition id : UX DEVICE CLASS RTOS Condition cause : null
2025-03-17 22:54:55,623 [WARN] ConditionMgr:438 - getConditionDescription Invalid condition id : UX DEVICE CLASS RTOS Condition cause : null
2025-03-17 22:54:55,626 [WARN] PackLoader:240 - Cannot read IP mode file for STMicroelectronics.X-CUBE-AZRTOS-WB.2.0.0
2025-03-17 22:54:55,627 [WARN] ConditionMgr:1044 - genDependencies : Invalid condition id : UX DEVICE CLASS RTOS Condition cause : null
2025-03-17 22:54:55,627 [WARN] ConditionMgr:1044 - genDependencies : Invalid condition id : UX DEVICE CLASS RTOS Condition cause : null
2025-03-17 22:54:55,627 [WARN] ConditionMgr:1044 - genDependencies : Invalid condition id : UX DEVICE CLASS RTOS Condition cause : null
2025-03-17 22:54:55,628 [WARN] ConditionMgr:1044 - genDependencies : Invalid condition id : UX DEVICE CLASS RTOS Condition cause : null
2025-03-17 22:54:55,628 [WARN] ConditionMgr:1044 - genDependencies : Invalid condition id : UX DEVICE CLASS RTOS Condition cause : null
2025-03-17 22:54:55,639 [WARN] PackLoader:240 - Cannot read IP mode file for STMicroelectronics.X-CUBE-GNSS1.7.0.1
2025-03-17 22:54:55,651 [WARN] PackLoader:240 - Cannot read IP mode file for STMicroelectronics.X-CUBE-TOUCHGFX.4.25.0
2025-03-17 22:54:55,662 [WARN] PackLoader:240 - Cannot read IP mode file for STMicroelectronics.FP-SNS-STBOX1.2.0.0
2025-03-17 22:54:55,681 [WARN] PackLoader:240 - Cannot read IP mode file for STMicroelectronics.X-CUBE-SUBG2.5.0.0
2025-03-17 22:54:55,705 [WARN] PackLoader:240 - Cannot read IP mode file for Cesanta.I-CUBE-Mongoose.7.13.0
2025-03-17 22:54:55,728 [WARN] PackLoader:240 - Cannot read IP mode file for STMicroelectronics.X-CUBE-AZRTOS-G4.2.0.0
2025-03-17 22:54:55,749 [WARN] PackLoader:240 - Cannot read IP mode file for STMicroelectronics.X-CUBE-IPS.3.1.0
2025-03-17 22:54:55,763 [WARN] PackLoader:240 - Cannot read IP mode file for STMicroelectronics.X-CUBE-ALS.1.0.2
2025-03-17 22:54:55,770 [INFO] WebApp:449 - Apply proxy settings
2025-03-17 22:54:55,770 [INFO] WebApp:534 - Chromium requires no authentication
2025-03-17 22:54:55,774 [WARN] PackLoader:240 - Cannot read IP mode file for STMicroelectronics.X-CUBE-TOUCHGFX.4.24.2
2025-03-17 22:54:55,800 [INFO] WebApp:477 - Direct internet connection detected
2025-03-17 22:54:55,801 [WARN] PackLoader:240 - Cannot read IP mode file for wolfSSL.I-CUBE-wolfTPM.3.4.0
2025-03-17 22:54:55,812 [WARN] PackLoader:240 - Cannot read IP mode file for portGmbH.I-Cube-SoM-uGOAL.1.1.0
2025-03-17 22:54:55,829 [INFO] WebApp:880 - Register for checkConnection events
2025-03-17 22:54:55,829 [INFO] WebApp:449 - Apply proxy settings
2025-03-17 22:54:55,830 [INFO] WebApp:534 - Chromium requires no authentication
2025-03-17 22:54:55,830 [INFO] WebApp:477 - Direct internet connection detected
2025-03-17 22:54:55,835 [WARN] PackLoader:240 - Cannot read IP mode file for STMicroelectronics.X-CUBE-AZRTOS-H7RS.1.0.0
2025-03-17 22:54:55,852 [WARN] PackLoader:240 - Cannot read IP mode file for STMicroelectronics.X-CUBE-TOF1.3.4.2
2025-03-17 22:54:55,865 [WARN] PackLoader:240 - Cannot read IP mode file for wolfSSL.I-CUBE-wolfSSH.1.4.17
2025-03-17 22:54:55,866 [INFO] ThirdParty:978 - Integrity check success = true
2025-03-17 22:54:55,866 [INFO] IntegrityCheckThread:100 - exiting critical section [integrity check]
2025-03-17 22:54:55,866 [INFO] IntegrityCheckThread:103 - End integrity checks thread
2025-03-17 22:54:56,007 [INFO] WebApp:221 - Starting web application
2025-03-17 22:54:56,007 [INFO] WebApp:579 - Web application path used C:\ST\STM32CubeIDE_1.17.0\STM32CubeIDE\plugins\com.st.stm32cube.common.mx_6.13.0.202411220809\db\plugins\mcufinder\reactClient1\index.html
2025-03-17 22:54:56,115 [INFO] UserAuth:486 - Internet connection configuration mode: 1
2025-03-17 22:54:56,322 [ERROR] LogOutputStream:75 - [STDERR_REDIRECT] [Fatal Error] :1:1: Premature end of file.
2025-03-17 22:54:56,322 [ERROR] LogOutputStream:75 - [STDERR_REDIRECT] 
2025-03-17 22:54:57,167 [ERROR] LogOutputStream:75 - [STDERR_REDIRECT] [Fatal Error] :1:1: Premature end of file.
2025-03-17 22:54:57,167 [ERROR] LogOutputStream:75 - [STDERR_REDIRECT] 
2025-03-17 22:54:58,167 [ERROR] LogOutputStream:75 - [STDERR_REDIRECT] [Fatal Error] :1:1: Premature end of file.
2025-03-17 22:54:58,167 [ERROR] LogOutputStream:75 - [STDERR_REDIRECT] 
2025-03-17 22:54:59,047 [INFO] WebApp:187 - Connection restablished
2025-03-17 22:54:59,175 [ERROR] LogOutputStream:75 - [STDERR_REDIRECT] [Fatal Error] :1:1: Premature end of file.
2025-03-17 22:54:59,175 [ERROR] LogOutputStream:75 - [STDERR_REDIRECT] 
2025-03-17 22:55:00,167 [ERROR] LogOutputStream:75 - [STDERR_REDIRECT] [Fatal Error] :1:1: Premature end of file.
2025-03-17 22:55:00,167 [ERROR] LogOutputStream:75 - [STDERR_REDIRECT] 
2025-03-17 22:55:01,172 [ERROR] LogOutputStream:75 - [STDERR_REDIRECT] [Fatal Error] :1:1: Premature end of file.
2025-03-17 22:55:01,172 [ERROR] LogOutputStream:75 - [STDERR_REDIRECT] 
2025-03-17 22:55:02,169 [ERROR] LogOutputStream:75 - [STDERR_REDIRECT] [Fatal Error] :1:1: Premature end of file.
2025-03-17 22:55:02,169 [ERROR] LogOutputStream:75 - [STDERR_REDIRECT] 
2025-03-17 22:55:03,169 [ERROR] LogOutputStream:75 - [STDERR_REDIRECT] [Fatal Error] :1:1: Premature end of file.
2025-03-17 22:55:03,169 [ERROR] LogOutputStream:75 - [STDERR_REDIRECT] 
2025-03-17 22:55:04,170 [ERROR] LogOutputStream:75 - [STDERR_REDIRECT] [Fatal Error] :1:1: Premature end of file.
2025-03-17 22:55:04,170 [ERROR] LogOutputStream:75 - [STDERR_REDIRECT] 
2025-03-17 22:55:05,172 [ERROR] LogOutputStream:75 - [STDERR_REDIRECT] [Fatal Error] :1:1: Premature end of file.
2025-03-17 22:55:05,172 [ERROR] LogOutputStream:75 - [STDERR_REDIRECT] 
2025-03-17 22:55:06,167 [ERROR] LogOutputStream:75 - [STDERR_REDIRECT] [Fatal Error] :1:1: Premature end of file.
2025-03-17 22:55:06,168 [ERROR] LogOutputStream:75 - [STDERR_REDIRECT] 
2025-03-17 22:55:07,168 [ERROR] LogOutputStream:75 - [STDERR_REDIRECT] [Fatal Error] :1:1: Premature end of file.
2025-03-17 22:55:07,168 [ERROR] LogOutputStream:75 - [STDERR_REDIRECT] 
2025-03-17 22:55:08,170 [ERROR] LogOutputStream:75 - [STDERR_REDIRECT] [Fatal Error] :1:1: Premature end of file.
2025-03-17 22:55:08,170 [ERROR] LogOutputStream:75 - [STDERR_REDIRECT] 
2025-03-17 22:55:09,173 [ERROR] LogOutputStream:75 - [STDERR_REDIRECT] [Fatal Error] :1:1: Premature end of file.
2025-03-17 22:55:09,173 [ERROR] LogOutputStream:75 - [STDERR_REDIRECT] 
2025-03-17 22:55:10,169 [ERROR] LogOutputStream:75 - [STDERR_REDIRECT] [Fatal Error] :1:1: Premature end of file.
2025-03-17 22:55:10,169 [ERROR] LogOutputStream:75 - [STDERR_REDIRECT] 
2025-03-17 22:55:11,170 [ERROR] LogOutputStream:75 - [STDERR_REDIRECT] [Fatal Error] :1:1: Premature end of file.
2025-03-17 22:55:11,170 [ERROR] LogOutputStream:75 - [STDERR_REDIRECT] 
2025-03-17 22:55:12,168 [ERROR] LogOutputStream:75 - [STDERR_REDIRECT] [Fatal Error] :1:1: Premature end of file.
2025-03-17 22:55:12,168 [ERROR] LogOutputStream:75 - [STDERR_REDIRECT] 
2025-03-17 22:55:13,176 [ERROR] LogOutputStream:75 - [STDERR_REDIRECT] [Fatal Error] :1:1: Premature end of file.
2025-03-17 22:55:13,176 [ERROR] LogOutputStream:75 - [STDERR_REDIRECT] 
2025-03-17 22:55:14,165 [ERROR] LogOutputStream:75 - [STDERR_REDIRECT] [Fatal Error] :1:1: Premature end of file.
2025-03-17 22:55:14,165 [ERROR] LogOutputStream:75 - [STDERR_REDIRECT] 
2025-03-17 22:55:15,170 [ERROR] LogOutputStream:75 - [STDERR_REDIRECT] [Fatal Error] :1:1: Premature end of file.
2025-03-17 22:55:15,170 [ERROR] LogOutputStream:75 - [STDERR_REDIRECT] 
2025-03-17 22:55:16,166 [ERROR] LogOutputStream:75 - [STDERR_REDIRECT] [Fatal Error] :1:1: Premature end of file.
2025-03-17 22:55:16,166 [ERROR] LogOutputStream:75 - [STDERR_REDIRECT] 
2025-03-17 22:55:17,169 [ERROR] LogOutputStream:75 - [STDERR_REDIRECT] [Fatal Error] :1:1: Premature end of file.
2025-03-17 22:55:17,169 [ERROR] LogOutputStream:75 - [STDERR_REDIRECT] 
2025-03-17 22:55:18,170 [ERROR] LogOutputStream:75 - [STDERR_REDIRECT] [Fatal Error] :1:1: Premature end of file.
2025-03-17 22:55:18,171 [ERROR] LogOutputStream:75 - [STDERR_REDIRECT] 
2025-03-17 22:55:19,172 [ERROR] LogOutputStream:75 - [STDERR_REDIRECT] [Fatal Error] :1:1: Premature end of file.
2025-03-17 22:55:19,172 [ERROR] LogOutputStream:75 - [STDERR_REDIRECT] 
2025-03-17 22:55:20,169 [ERROR] LogOutputStream:75 - [STDERR_REDIRECT] [Fatal Error] :1:1: Premature end of file.
2025-03-17 22:55:20,169 [ERROR] LogOutputStream:75 - [STDERR_REDIRECT] 
2025-03-17 22:55:21,171 [ERROR] LogOutputStream:75 - [STDERR_REDIRECT] [Fatal Error] :1:1: Premature end of file.
2025-03-17 22:55:21,171 [ERROR] LogOutputStream:75 - [STDERR_REDIRECT] 
2025-03-17 22:55:22,170 [ERROR] LogOutputStream:75 - [STDERR_REDIRECT] [Fatal Error] :1:1: Premature end of file.
2025-03-17 22:55:22,170 [ERROR] LogOutputStream:75 - [STDERR_REDIRECT] 
2025-03-17 22:55:23,171 [ERROR] LogOutputStream:75 - [STDERR_REDIRECT] [Fatal Error] :1:1: Premature end of file.
2025-03-17 22:55:23,171 [ERROR] LogOutputStream:75 - [STDERR_REDIRECT] 
2025-03-17 22:55:24,170 [ERROR] LogOutputStream:75 - [STDERR_REDIRECT] [Fatal Error] :1:1: Premature end of file.
2025-03-17 22:55:24,170 [ERROR] LogOutputStream:75 - [STDERR_REDIRECT] 
2025-03-17 22:55:25,171 [ERROR] LogOutputStream:75 - [STDERR_REDIRECT] [Fatal Error] :1:1: Premature end of file.
2025-03-17 22:55:25,171 [ERROR] LogOutputStream:75 - [STDERR_REDIRECT] 
2025-03-17 22:55:26,167 [ERROR] LogOutputStream:75 - [STDERR_REDIRECT] [Fatal Error] :1:1: Premature end of file.
2025-03-17 22:55:26,171 [ERROR] LogOutputStream:75 - [STDERR_REDIRECT] 
2025-03-17 22:55:27,170 [ERROR] LogOutputStream:75 - [STDERR_REDIRECT] [Fatal Error] :1:1: Premature end of file.
2025-03-17 22:55:27,170 [ERROR] LogOutputStream:75 - [STDERR_REDIRECT] 
2025-03-17 22:55:28,172 [ERROR] LogOutputStream:75 - [STDERR_REDIRECT] [Fatal Error] :1:1: Premature end of file.
2025-03-17 22:55:28,172 [ERROR] LogOutputStream:75 - [STDERR_REDIRECT] 
2025-03-17 22:55:29,166 [ERROR] LogOutputStream:75 - [STDERR_REDIRECT] [Fatal Error] :1:1: Premature end of file.
2025-03-17 22:55:29,166 [ERROR] LogOutputStream:75 - [STDERR_REDIRECT] 
2025-03-17 22:55:30,167 [ERROR] LogOutputStream:75 - [STDERR_REDIRECT] [Fatal Error] :1:1: Premature end of file.
2025-03-17 22:55:30,167 [ERROR] LogOutputStream:75 - [STDERR_REDIRECT] 
2025-03-17 22:55:31,172 [ERROR] LogOutputStream:75 - [STDERR_REDIRECT] [Fatal Error] :1:1: Premature end of file.
2025-03-17 22:55:31,172 [ERROR] LogOutputStream:75 - [STDERR_REDIRECT] 
2025-03-17 22:55:32,178 [ERROR] LogOutputStream:75 - [STDERR_REDIRECT] [Fatal Error] :1:1: Premature end of file.
2025-03-17 22:55:32,179 [ERROR] LogOutputStream:75 - [STDERR_REDIRECT] 
2025-03-17 22:55:33,173 [ERROR] LogOutputStream:75 - [STDERR_REDIRECT] [Fatal Error] :1:1: Premature end of file.
2025-03-17 22:55:33,174 [ERROR] LogOutputStream:75 - [STDERR_REDIRECT] 
2025-03-17 22:55:34,169 [ERROR] LogOutputStream:75 - [STDERR_REDIRECT] [Fatal Error] :1:1: Premature end of file.
2025-03-17 22:55:34,169 [ERROR] LogOutputStream:75 - [STDERR_REDIRECT] 
2025-03-17 22:55:35,167 [ERROR] LogOutputStream:75 - [STDERR_REDIRECT] [Fatal Error] :1:1: Premature end of file.
2025-03-17 22:55:35,168 [ERROR] LogOutputStream:75 - [STDERR_REDIRECT] 
2025-03-17 22:55:36,175 [ERROR] LogOutputStream:75 - [STDERR_REDIRECT] [Fatal Error] :1:1: Premature end of file.
2025-03-17 22:55:36,175 [ERROR] LogOutputStream:75 - [STDERR_REDIRECT] 
2025-03-17 22:55:37,171 [ERROR] LogOutputStream:75 - [STDERR_REDIRECT] [Fatal Error] :1:1: Premature end of file.
2025-03-17 22:55:37,172 [ERROR] LogOutputStream:75 - [STDERR_REDIRECT] 
2025-03-17 22:55:38,169 [ERROR] LogOutputStream:75 - [STDERR_REDIRECT] [Fatal Error] :1:1: Premature end of file.
2025-03-17 22:55:38,169 [ERROR] LogOutputStream:75 - [STDERR_REDIRECT] 
2025-03-17 22:55:39,168 [ERROR] LogOutputStream:75 - [STDERR_REDIRECT] [Fatal Error] :1:1: Premature end of file.
2025-03-17 22:55:39,168 [ERROR] LogOutputStream:75 - [STDERR_REDIRECT] 
2025-03-17 22:55:40,166 [ERROR] LogOutputStream:75 - [STDERR_REDIRECT] [Fatal Error] :1:1: Premature end of file.
2025-03-17 22:55:40,167 [ERROR] LogOutputStream:75 - [STDERR_REDIRECT] 
2025-03-17 22:55:41,172 [ERROR] LogOutputStream:75 - [STDERR_REDIRECT] [Fatal Error] :1:1: Premature end of file.
2025-03-17 22:55:41,172 [ERROR] LogOutputStream:75 - [STDERR_REDIRECT] 
2025-03-17 22:55:42,169 [ERROR] LogOutputStream:75 - [STDERR_REDIRECT] [Fatal Error] :1:1: Premature end of file.
2025-03-17 22:55:42,169 [ERROR] LogOutputStream:75 - [STDERR_REDIRECT] 
2025-03-17 22:55:43,166 [ERROR] LogOutputStream:75 - [STDERR_REDIRECT] [Fatal Error] :1:1: Premature end of file.
2025-03-17 22:55:43,166 [ERROR] LogOutputStream:75 - [STDERR_REDIRECT] 
2025-03-17 22:55:44,166 [ERROR] LogOutputStream:75 - [STDERR_REDIRECT] [Fatal Error] :1:1: Premature end of file.
2025-03-17 22:55:44,166 [ERROR] LogOutputStream:75 - [STDERR_REDIRECT] 
2025-03-17 22:55:45,168 [ERROR] LogOutputStream:75 - [STDERR_REDIRECT] [Fatal Error] :1:1: Premature end of file.
2025-03-17 22:55:45,168 [ERROR] LogOutputStream:75 - [STDERR_REDIRECT] 
2025-03-17 22:55:46,169 [ERROR] LogOutputStream:75 - [STDERR_REDIRECT] [Fatal Error] :1:1: Premature end of file.
2025-03-17 22:55:46,169 [ERROR] LogOutputStream:75 - [STDERR_REDIRECT] 
2025-03-17 22:55:47,167 [ERROR] LogOutputStream:75 - [STDERR_REDIRECT] [Fatal Error] :1:1: Premature end of file.
2025-03-17 22:55:47,167 [ERROR] LogOutputStream:75 - [STDERR_REDIRECT] 
2025-03-17 22:55:48,168 [ERROR] LogOutputStream:75 - [STDERR_REDIRECT] [Fatal Error] :1:1: Premature end of file.
2025-03-17 22:55:48,169 [ERROR] LogOutputStream:75 - [STDERR_REDIRECT] 
2025-03-17 22:55:49,174 [ERROR] LogOutputStream:75 - [STDERR_REDIRECT] [Fatal Error] :1:1: Premature end of file.
2025-03-17 22:55:49,174 [ERROR] LogOutputStream:75 - [STDERR_REDIRECT] 
2025-03-17 22:55:50,174 [ERROR] LogOutputStream:75 - [STDERR_REDIRECT] [Fatal Error] :1:1: Premature end of file.
2025-03-17 22:55:50,174 [ERROR] LogOutputStream:75 - [STDERR_REDIRECT] 
2025-03-17 22:55:51,173 [ERROR] LogOutputStream:75 - [STDERR_REDIRECT] [Fatal Error] :1:1: Premature end of file.
2025-03-17 22:55:51,173 [ERROR] LogOutputStream:75 - [STDERR_REDIRECT] 
2025-03-17 22:55:52,169 [ERROR] LogOutputStream:75 - [STDERR_REDIRECT] [Fatal Error] :1:1: Premature end of file.
2025-03-17 22:55:52,170 [ERROR] LogOutputStream:75 - [STDERR_REDIRECT] 
2025-03-17 22:55:53,171 [ERROR] LogOutputStream:75 - [STDERR_REDIRECT] [Fatal Error] :1:1: Premature end of file.
2025-03-17 22:55:53,171 [ERROR] LogOutputStream:75 - [STDERR_REDIRECT] 
2025-03-17 22:55:54,167 [ERROR] LogOutputStream:75 - [STDERR_REDIRECT] [Fatal Error] :1:1: Premature end of file.
2025-03-17 22:55:54,167 [ERROR] LogOutputStream:75 - [STDERR_REDIRECT] 
2025-03-17 22:55:55,169 [ERROR] LogOutputStream:75 - [STDERR_REDIRECT] [Fatal Error] :1:1: Premature end of file.
2025-03-17 22:55:55,169 [ERROR] LogOutputStream:75 - [STDERR_REDIRECT] 
2025-03-17 22:55:56,167 [ERROR] LogOutputStream:75 - [STDERR_REDIRECT] [Fatal Error] :1:1: Premature end of file.
2025-03-17 22:55:56,167 [ERROR] LogOutputStream:75 - [STDERR_REDIRECT] 
2025-03-17 22:55:57,169 [ERROR] LogOutputStream:75 - [STDERR_REDIRECT] [Fatal Error] :1:1: Premature end of file.
2025-03-17 22:55:57,169 [ERROR] LogOutputStream:75 - [STDERR_REDIRECT] 
2025-03-17 22:55:58,169 [ERROR] LogOutputStream:75 - [STDERR_REDIRECT] [Fatal Error] :1:1: Premature end of file.
2025-03-17 22:55:58,169 [ERROR] LogOutputStream:75 - [STDERR_REDIRECT] 
2025-03-17 22:55:59,166 [ERROR] LogOutputStream:75 - [STDERR_REDIRECT] [Fatal Error] :1:1: Premature end of file.
2025-03-17 22:55:59,166 [ERROR] LogOutputStream:75 - [STDERR_REDIRECT] 
2025-03-17 22:56:00,175 [ERROR] LogOutputStream:75 - [STDERR_REDIRECT] [Fatal Error] :1:1: Premature end of file.
2025-03-17 22:56:00,175 [ERROR] LogOutputStream:75 - [STDERR_REDIRECT] 
2025-03-17 22:56:01,172 [ERROR] LogOutputStream:75 - [STDERR_REDIRECT] [Fatal Error] :1:1: Premature end of file.
2025-03-17 22:56:01,173 [ERROR] LogOutputStream:75 - [STDERR_REDIRECT] 
2025-03-17 22:56:02,169 [ERROR] LogOutputStream:75 - [STDERR_REDIRECT] [Fatal Error] :1:1: Premature end of file.
2025-03-17 22:56:02,169 [ERROR] LogOutputStream:75 - [STDERR_REDIRECT] 
2025-03-17 22:56:03,176 [ERROR] LogOutputStream:75 - [STDERR_REDIRECT] [Fatal Error] :1:1: Premature end of file.
2025-03-17 22:56:03,176 [ERROR] LogOutputStream:75 - [STDERR_REDIRECT] 
2025-03-17 22:56:04,167 [ERROR] LogOutputStream:75 - [STDERR_REDIRECT] [Fatal Error] :1:1: Premature end of file.
2025-03-17 22:56:04,168 [ERROR] LogOutputStream:75 - [STDERR_REDIRECT] 
2025-03-17 22:56:05,167 [ERROR] LogOutputStream:75 - [STDERR_REDIRECT] [Fatal Error] :1:1: Premature end of file.
2025-03-17 22:56:05,167 [ERROR] LogOutputStream:75 - [STDERR_REDIRECT] 
2025-03-17 22:56:06,172 [ERROR] LogOutputStream:75 - [STDERR_REDIRECT] [Fatal Error] :1:1: Premature end of file.
2025-03-17 22:56:06,173 [ERROR] LogOutputStream:75 - [STDERR_REDIRECT] 
2025-03-17 22:56:07,174 [ERROR] LogOutputStream:75 - [STDERR_REDIRECT] [Fatal Error] :1:1: Premature end of file.
2025-03-17 22:56:07,175 [ERROR] LogOutputStream:75 - [STDERR_REDIRECT] 
2025-03-17 22:56:08,169 [ERROR] LogOutputStream:75 - [STDERR_REDIRECT] [Fatal Error] :1:1: Premature end of file.
2025-03-17 22:56:08,169 [ERROR] LogOutputStream:75 - [STDERR_REDIRECT] 
2025-03-17 22:56:09,182 [ERROR] LogOutputStream:75 - [STDERR_REDIRECT] [Fatal Error] :1:1: Premature end of file.
2025-03-17 22:56:09,182 [ERROR] LogOutputStream:75 - [STDERR_REDIRECT] 
2025-03-17 22:56:10,169 [ERROR] LogOutputStream:75 - [STDERR_REDIRECT] [Fatal Error] :1:1: Premature end of file.
2025-03-17 22:56:10,169 [ERROR] LogOutputStream:75 - [STDERR_REDIRECT] 
2025-03-17 22:56:11,169 [ERROR] LogOutputStream:75 - [STDERR_REDIRECT] [Fatal Error] :1:1: Premature end of file.
2025-03-17 22:56:11,169 [ERROR] LogOutputStream:75 - [STDERR_REDIRECT] 
2025-03-17 22:56:12,167 [ERROR] LogOutputStream:75 - [STDERR_REDIRECT] [Fatal Error] :1:1: Premature end of file.
2025-03-17 22:56:12,167 [ERROR] LogOutputStream:75 - [STDERR_REDIRECT] 
2025-03-17 22:56:13,171 [ERROR] LogOutputStream:75 - [STDERR_REDIRECT] [Fatal Error] :1:1: Premature end of file.
2025-03-17 22:56:13,172 [ERROR] LogOutputStream:75 - [STDERR_REDIRECT] 
2025-03-17 22:56:14,181 [ERROR] LogOutputStream:75 - [STDERR_REDIRECT] [Fatal Error] :1:1: Premature end of file.
2025-03-17 22:56:14,181 [ERROR] LogOutputStream:75 - [STDERR_REDIRECT] 
2025-03-17 22:56:15,171 [ERROR] LogOutputStream:75 - [STDERR_REDIRECT] [Fatal Error] :1:1: Premature end of file.
2025-03-17 22:56:15,171 [ERROR] LogOutputStream:75 - [STDERR_REDIRECT] 
2025-03-17 22:56:16,169 [ERROR] LogOutputStream:75 - [STDERR_REDIRECT] [Fatal Error] :1:1: Premature end of file.
2025-03-17 22:56:16,170 [ERROR] LogOutputStream:75 - [STDERR_REDIRECT] 
2025-03-17 22:56:17,169 [ERROR] LogOutputStream:75 - [STDERR_REDIRECT] [Fatal Error] :1:1: Premature end of file.
2025-03-17 22:56:17,170 [ERROR] LogOutputStream:75 - [STDERR_REDIRECT] 
2025-03-17 22:56:18,169 [ERROR] LogOutputStream:75 - [STDERR_REDIRECT] [Fatal Error] :1:1: Premature end of file.
2025-03-17 22:56:18,169 [ERROR] LogOutputStream:75 - [STDERR_REDIRECT] 
2025-03-17 22:56:19,167 [ERROR] LogOutputStream:75 - [STDERR_REDIRECT] [Fatal Error] :1:1: Premature end of file.
2025-03-17 22:56:19,167 [ERROR] LogOutputStream:75 - [STDERR_REDIRECT] 
2025-03-17 22:56:20,169 [ERROR] LogOutputStream:75 - [STDERR_REDIRECT] [Fatal Error] :1:1: Premature end of file.
2025-03-17 22:56:20,169 [ERROR] LogOutputStream:75 - [STDERR_REDIRECT] 
2025-03-17 22:56:21,171 [ERROR] LogOutputStream:75 - [STDERR_REDIRECT] [Fatal Error] :1:1: Premature end of file.
2025-03-17 22:56:21,172 [ERROR] LogOutputStream:75 - [STDERR_REDIRECT] 
2025-03-17 22:56:22,167 [ERROR] LogOutputStream:75 - [STDERR_REDIRECT] [Fatal Error] :1:1: Premature end of file.
2025-03-17 22:56:22,167 [ERROR] LogOutputStream:75 - [STDERR_REDIRECT] 
2025-03-17 22:56:23,167 [ERROR] LogOutputStream:75 - [STDERR_REDIRECT] [Fatal Error] :1:1: Premature end of file.
2025-03-17 22:56:23,167 [ERROR] LogOutputStream:75 - [STDERR_REDIRECT] 
2025-03-17 22:56:24,171 [ERROR] LogOutputStream:75 - [STDERR_REDIRECT] [Fatal Error] :1:1: Premature end of file.
2025-03-17 22:56:24,171 [ERROR] LogOutputStream:75 - [STDERR_REDIRECT] 
2025-03-17 22:56:25,168 [ERROR] LogOutputStream:75 - [STDERR_REDIRECT] [Fatal Error] :1:1: Premature end of file.
2025-03-17 22:56:25,168 [ERROR] LogOutputStream:75 - [STDERR_REDIRECT] 
2025-03-17 22:56:26,168 [ERROR] LogOutputStream:75 - [STDERR_REDIRECT] [Fatal Error] :1:1: Premature end of file.
2025-03-17 22:56:26,168 [ERROR] LogOutputStream:75 - [STDERR_REDIRECT] 
2025-03-17 22:56:27,168 [ERROR] LogOutputStream:75 - [STDERR_REDIRECT] [Fatal Error] :1:1: Premature end of file.
2025-03-17 22:56:27,168 [ERROR] LogOutputStream:75 - [STDERR_REDIRECT] 
2025-03-17 22:56:28,172 [ERROR] LogOutputStream:75 - [STDERR_REDIRECT] [Fatal Error] :1:1: Premature end of file.
2025-03-17 22:56:28,172 [ERROR] LogOutputStream:75 - [STDERR_REDIRECT] 
2025-03-17 22:56:29,172 [ERROR] LogOutputStream:75 - [STDERR_REDIRECT] [Fatal Error] :1:1: Premature end of file.
2025-03-17 22:56:29,173 [ERROR] LogOutputStream:75 - [STDERR_REDIRECT] 
2025-03-17 22:56:30,167 [ERROR] LogOutputStream:75 - [STDERR_REDIRECT] [Fatal Error] :1:1: Premature end of file.
2025-03-17 22:56:30,167 [ERROR] LogOutputStream:75 - [STDERR_REDIRECT] 
2025-03-17 22:56:31,170 [ERROR] LogOutputStream:75 - [STDERR_REDIRECT] [Fatal Error] :1:1: Premature end of file.
2025-03-17 22:56:31,171 [ERROR] LogOutputStream:75 - [STDERR_REDIRECT] 
2025-03-17 22:56:32,174 [ERROR] LogOutputStream:75 - [STDERR_REDIRECT] [Fatal Error] :1:1: Premature end of file.
2025-03-17 22:56:32,175 [ERROR] LogOutputStream:75 - [STDERR_REDIRECT] 
2025-03-17 22:56:33,183 [ERROR] LogOutputStream:75 - [STDERR_REDIRECT] [Fatal Error] :1:1: Premature end of file.
2025-03-17 22:56:33,183 [ERROR] LogOutputStream:75 - [STDERR_REDIRECT] 
2025-03-17 22:56:34,169 [ERROR] LogOutputStream:75 - [STDERR_REDIRECT] [Fatal Error] :1:1: Premature end of file.
2025-03-17 22:56:34,169 [ERROR] LogOutputStream:75 - [STDERR_REDIRECT] 
2025-03-17 22:56:35,182 [ERROR] LogOutputStream:75 - [STDERR_REDIRECT] [Fatal Error] :1:1: Premature end of file.
2025-03-17 22:56:35,182 [ERROR] LogOutputStream:75 - [STDERR_REDIRECT] 
2025-03-17 22:56:36,172 [ERROR] LogOutputStream:75 - [STDERR_REDIRECT] [Fatal Error] :1:1: Premature end of file.
2025-03-17 22:56:36,172 [ERROR] LogOutputStream:75 - [STDERR_REDIRECT] 
2025-03-17 22:56:37,174 [ERROR] LogOutputStream:75 - [STDERR_REDIRECT] [Fatal Error] :1:1: Premature end of file.
2025-03-17 22:56:37,175 [ERROR] LogOutputStream:75 - [STDERR_REDIRECT] 
2025-03-17 22:56:38,171 [ERROR] LogOutputStream:75 - [STDERR_REDIRECT] [Fatal Error] :1:1: Premature end of file.
2025-03-17 22:56:38,171 [ERROR] LogOutputStream:75 - [STDERR_REDIRECT] 
2025-03-17 22:56:39,170 [ERROR] LogOutputStream:75 - [STDERR_REDIRECT] [Fatal Error] :1:1: Premature end of file.
2025-03-17 22:56:39,170 [ERROR] LogOutputStream:75 - [STDERR_REDIRECT] 
2025-03-17 22:56:40,169 [ERROR] LogOutputStream:75 - [STDERR_REDIRECT] [Fatal Error] :1:1: Premature end of file.
2025-03-17 22:56:40,170 [ERROR] LogOutputStream:75 - [STDERR_REDIRECT] 
2025-03-17 22:56:41,173 [ERROR] LogOutputStream:75 - [STDERR_REDIRECT] [Fatal Error] :1:1: Premature end of file.
2025-03-17 22:56:41,173 [ERROR] LogOutputStream:75 - [STDERR_REDIRECT] 
2025-03-17 22:56:42,172 [ERROR] LogOutputStream:75 - [STDERR_REDIRECT] [Fatal Error] :1:1: Premature end of file.
2025-03-17 22:56:42,172 [ERROR] LogOutputStream:75 - [STDERR_REDIRECT] 
2025-03-17 22:56:43,175 [ERROR] LogOutputStream:75 - [STDERR_REDIRECT] [Fatal Error] :1:1: Premature end of file.
2025-03-17 22:56:43,175 [ERROR] LogOutputStream:75 - [STDERR_REDIRECT] 
2025-03-17 22:56:44,168 [ERROR] LogOutputStream:75 - [STDERR_REDIRECT] [Fatal Error] :1:1: Premature end of file.
2025-03-17 22:56:44,168 [ERROR] LogOutputStream:75 - [STDERR_REDIRECT] 
2025-03-17 22:56:45,176 [ERROR] LogOutputStream:75 - [STDERR_REDIRECT] [Fatal Error] :1:1: Premature end of file.
2025-03-17 22:56:45,176 [ERROR] LogOutputStream:75 - [STDERR_REDIRECT] 
2025-03-17 22:56:46,045 [ERROR] LogOutputStream:75 - [STDERR_REDIRECT] 
