2024-12-27 21:46:11,333 [INFO] Activator:176 - 


2024-12-27 21:46:11,333 [INFO] Activator:177 - !SESSION log4j initialized
2024-12-27 21:46:12,821 [INFO] LogOutputStream:77 - [STDOUT_REDIRECT] 
2024-12-27 21:46:13,794 [INFO] ApplicationProperties:184 - Using Application install path: C:\ST\STM32CubeIDE_1.17.0\STM32CubeIDE\plugins\com.st.stm32cube.common.mx_6.13.0.202411220809
2024-12-27 21:46:13,803 [INFO] DbMcusXml:78 - Set database path to: C:\ST\STM32CubeIDE_1.17.0\STM32CubeIDE\plugins\com.st.stm32cube.common.mx_6.13.0.202411220809\\db\/mcu/
2024-12-27 21:46:13,804 [INFO] ApiDb:274 - Set plugin database path to: C:\ST\STM32CubeIDE_1.17.0\STM32CubeIDE\plugins\com.st.stm32cube.common.mx_6.13.0.202411220809\\db\/plugins/boardmanager/
2024-12-27 21:46:13,804 [WARN] ApiDb:259 - Overriding images path with different value:  => C:\ST\STM32CubeIDE_1.17.0\STM32CubeIDE\plugins\com.st.stm32cube.common.mx_6.13.0.202411220809\\db\/plugins/mcufinder/images/
2024-12-27 21:46:13,807 [INFO] ApiDb:250 - Set database path to: C:\Users\tynix\.stmcufinder\plugins\mcufinder//mcu/
2024-12-27 21:46:13,808 [INFO] DbMcusAds:125 - Set database path to: C:\Users\tynix\.stmcufinder\plugins\mcufinder//mcu/
2024-12-27 21:46:13,809 [INFO] CrossReferenceDbSqlite:203 - Set database path to: C:\Users\tynix\.stmcufinder\plugins\mcufinder//mcu/cs/
2024-12-27 21:46:13,875 [INFO] RulesReader:64 - Compatibility file has been processed (297 Rules)
2024-12-27 21:46:13,922 [INFO] DbMcusXml:78 - Set database path to: C:\ST\STM32CubeIDE_1.17.0\STM32CubeIDE\plugins\com.st.stm32cube.common.mx_6.13.0.202411220809\\db\/mcu/
2024-12-27 21:46:13,922 [INFO] ApiDb:274 - Set plugin database path to: C:\ST\STM32CubeIDE_1.17.0\STM32CubeIDE\plugins\com.st.stm32cube.common.mx_6.13.0.202411220809\\db\/plugins/boardmanager/
2024-12-27 21:46:13,922 [INFO] ApiDb:261 - Set plugin images path to: C:\ST\STM32CubeIDE_1.17.0\STM32CubeIDE\plugins\com.st.stm32cube.common.mx_6.13.0.202411220809\\db\/plugins/mcufinder/images/
2024-12-27 21:46:13,922 [WARN] DbFile:41 - Overriding database path with different value: C:\Users\tynix\.stmcufinder\plugins\mcufinder/ => C:\Users\tynix\.stmcufinder\plugins\mcufinder
2024-12-27 21:46:13,922 [INFO] ApiDb:250 - Set database path to: C:\Users\tynix\.stmcufinder\plugins\mcufinder//mcu/
2024-12-27 21:46:13,922 [WARN] DbFile:41 - Overriding database path with different value: C:\Users\tynix\.stmcufinder\plugins\mcufinder/ => C:\Users\tynix\.stmcufinder\plugins\mcufinder
2024-12-27 21:46:13,922 [INFO] DbMcusAds:125 - Set database path to: C:\Users\tynix\.stmcufinder\plugins\mcufinder//mcu/
2024-12-27 21:46:13,922 [WARN] DbFile:41 - Overriding database path with different value: C:\Users\tynix\.stmcufinder\plugins\mcufinder/ => C:\Users\tynix\.stmcufinder\plugins\mcufinder
2024-12-27 21:46:13,922 [WARN] DbFile:41 - Overriding database path with different value: C:\Users\tynix\.stmcufinder\plugins\mcufinder/ => C:\Users\tynix\.stmcufinder\plugins\mcufinder
2024-12-27 21:46:13,923 [INFO] CrossReferenceDbSqlite:203 - Set database path to: C:\Users\tynix\.stmcufinder\plugins\mcufinder//mcu/cs/
2024-12-27 21:46:13,963 [INFO] MainPanel:272 - HeapMemory: 268435456
2024-12-27 21:46:14,010 [INFO] DbMcusXml:78 - Set database path to: C:\ST\STM32CubeIDE_1.17.0\STM32CubeIDE\plugins\com.st.stm32cube.common.mx_6.13.0.202411220809\\db\/mcu/
2024-12-27 21:46:14,010 [INFO] ApiDb:274 - Set plugin database path to: C:\ST\STM32CubeIDE_1.17.0\STM32CubeIDE\plugins\com.st.stm32cube.common.mx_6.13.0.202411220809\\db\/plugins/boardmanager/
2024-12-27 21:46:14,010 [INFO] ApiDb:261 - Set plugin images path to: C:\ST\STM32CubeIDE_1.17.0\STM32CubeIDE\plugins\com.st.stm32cube.common.mx_6.13.0.202411220809\\db\/plugins/mcufinder/images/
2024-12-27 21:46:14,011 [WARN] DbFile:41 - Overriding database path with different value: C:\Users\tynix\.stmcufinder\plugins\mcufinder/ => C:\Users\tynix\.stmcufinder\plugins\mcufinder
2024-12-27 21:46:14,011 [INFO] ApiDb:250 - Set database path to: C:\Users\tynix\.stmcufinder\plugins\mcufinder//mcu/
2024-12-27 21:46:14,011 [WARN] DbFile:41 - Overriding database path with different value: C:\Users\tynix\.stmcufinder\plugins\mcufinder/ => C:\Users\tynix\.stmcufinder\plugins\mcufinder
2024-12-27 21:46:14,011 [INFO] DbMcusAds:125 - Set database path to: C:\Users\tynix\.stmcufinder\plugins\mcufinder//mcu/
2024-12-27 21:46:14,011 [WARN] DbFile:41 - Overriding database path with different value: C:\Users\tynix\.stmcufinder\plugins\mcufinder/ => C:\Users\tynix\.stmcufinder\plugins\mcufinder
2024-12-27 21:46:14,011 [WARN] DbFile:41 - Overriding database path with different value: C:\Users\tynix\.stmcufinder\plugins\mcufinder/ => C:\Users\tynix\.stmcufinder\plugins\mcufinder
2024-12-27 21:46:14,011 [INFO] CrossReferenceDbSqlite:203 - Set database path to: C:\Users\tynix\.stmcufinder\plugins\mcufinder//mcu/cs/
2024-12-27 21:46:14,022 [INFO] ApplicationProperties:184 - Using Application install path: C:\ST\STM32CubeIDE_1.17.0\STM32CubeIDE\plugins\com.st.stm32cube.common.mx_6.13.0.202411220809
2024-12-27 21:46:14,022 [INFO] PluginManage:196 - Search for loadable plugins [exclusion list=, ]
2024-12-27 21:46:14,023 [INFO] PluginManage:310 - Check plugin analytics
2024-12-27 21:46:14,126 [INFO] AnalyticsPlugin:253 - Accepted Software Licenses: 
2024-12-27 21:46:14,126 [INFO] AnalyticsPlugin:255 - Accepted CMSIS Pack Licenses: 
2024-12-27 21:46:14,126 [INFO] AnalyticsPlugin:257 - Accepted Firmware Licenses: 
2024-12-27 21:46:14,128 [INFO] PluginManage:359 - Loaded plugin analytics (category:tool,tabindex:-1)
2024-12-27 21:46:14,128 [INFO] PluginManage:310 - Check plugin cadmodel
2024-12-27 21:46:14,131 [INFO] CADModel:105 - Init CAD model plugin
2024-12-27 21:46:14,131 [INFO] PluginManage:359 - Loaded plugin cadmodel (category:power,tabindex:5)
2024-12-27 21:46:14,131 [INFO] PluginManage:310 - Check plugin clock
2024-12-27 21:46:14,135 [INFO] PluginManage:359 - Loaded plugin clock (category:base,tabindex:2)
2024-12-27 21:46:14,135 [INFO] PluginManage:310 - Check plugin ddr
2024-12-27 21:46:14,136 [INFO] PluginManage:359 - Loaded plugin ddr (category:tool,tabindex:6)
2024-12-27 21:46:14,136 [INFO] PluginManage:310 - Check plugin filemanager
2024-12-27 21:46:14,244 [INFO] PluginManage:359 - Loaded plugin filemanager (category:base,tabindex:10)
2024-12-27 21:46:14,245 [INFO] PluginManage:310 - Check plugin ipmanager
2024-12-27 21:46:14,249 [INFO] PluginManage:359 - Loaded plugin ipmanager (category:base,tabindex:5)
2024-12-27 21:46:14,249 [INFO] PluginManage:310 - Check plugin lpbam
2024-12-27 21:46:14,254 [INFO] PluginManage:359 - Loaded plugin lpbam (category:base,tabindex:0)
2024-12-27 21:46:14,254 [INFO] PluginManage:310 - Check plugin memorymap
2024-12-27 21:46:14,259 [INFO] PluginManage:359 - Loaded plugin memorymap (category:base,tabindex:4)
2024-12-27 21:46:14,260 [INFO] PluginManage:310 - Check plugin pinoutandconfiguration
2024-12-27 21:46:14,263 [INFO] PluginManage:359 - Loaded plugin pinoutandconfiguration (category:base,tabindex:1)
2024-12-27 21:46:14,264 [INFO] PluginManage:310 - Check plugin pinoutconfig
2024-12-27 21:46:14,308 [WARN] SupportedApi:132 - Cannot load RTOS API schema: s4s-elt-must-match.1: The content of 'definitions' must match (annotation?, (simpleType | complexType)?, (unique | key | keyref)*)). A problem was found starting at: attribute.
2024-12-27 21:46:14,374 [INFO] PluginManage:359 - Loaded plugin pinoutconfig (category:base,tabindex:0)
2024-12-27 21:46:14,375 [INFO] PluginManage:310 - Check plugin power
2024-12-27 21:46:14,378 [INFO] PluginManage:359 - Loaded plugin power (category:power,tabindex:4)
2024-12-27 21:46:14,379 [INFO] PluginManage:310 - Check plugin projectmanager
2024-12-27 21:46:14,389 [INFO] PluginManage:359 - Loaded plugin projectmanager (category:projectmanager,tabindex:4)
2024-12-27 21:46:14,389 [INFO] PluginManage:310 - Check plugin rif
2024-12-27 21:46:14,392 [INFO] PluginManage:359 - Loaded plugin rif (category:base,tabindex:3)
2024-12-27 21:46:14,392 [INFO] PluginManage:310 - Check plugin thirdparty
2024-12-27 21:46:14,459 [INFO] PluginManage:359 - Loaded plugin thirdparty (category:base,tabindex:-1)
2024-12-27 21:46:14,459 [INFO] PluginManage:310 - Check plugin tools
2024-12-27 21:46:14,459 [WARN] IntegrityCheckThread:84 - waiting for thirdparty lock release [integrity check]
2024-12-27 21:46:14,460 [INFO] IntegrityCheckThread:86 - entering critical section [integrity check]
2024-12-27 21:46:14,460 [INFO] ThirdPartyUpdaterWithRetryManager:70 - Updater plugin not ready yet. [1/15]
2024-12-27 21:46:14,461 [INFO] PluginManage:359 - Loaded plugin tools (category:base,tabindex:7)
2024-12-27 21:46:14,461 [INFO] PluginManage:310 - Check plugin tutovideos
2024-12-27 21:46:14,549 [INFO] PluginManage:359 - Loaded plugin tutovideos (category:base,tabindex:-1)
2024-12-27 21:46:14,550 [INFO] PluginManage:310 - Check plugin updater
2024-12-27 21:46:14,563 [INFO] PluginManage:359 - Loaded plugin updater (category:base,tabindex:12)
2024-12-27 21:46:14,564 [INFO] PluginManage:310 - Check plugin userauth
2024-12-27 21:46:14,567 [INFO] UserAuth:118 - Init User Auth plugin
2024-12-27 21:46:14,568 [INFO] PluginManage:359 - Loaded plugin userauth (category:base,tabindex:14)
2024-12-27 21:46:14,569 [INFO] PluginManage:283 - PluginManage : Loaded plugins [18]
2024-12-27 21:46:14,700 [INFO] PinOutPanel:1589 - setPackage(No Configuration,No Configuration)
2024-12-27 21:46:14,744 [INFO] CADModel:165 - CPN selected for project level
2024-12-27 21:46:14,744 [INFO] CADModel:114 - Register for checkConnection events
2024-12-27 21:46:14,753 [INFO] IPUIPlugin:80 - create IPUIPlugin
2024-12-27 21:46:14,753 [INFO] PluginManager:220 - loadIPPluginJar : add adc
2024-12-27 21:46:14,755 [INFO] IPUIPlugin:80 - create IPUIPlugin
2024-12-27 21:46:14,755 [INFO] PluginManager:220 - loadIPPluginJar : add aes
2024-12-27 21:46:14,756 [INFO] IPUIPlugin:80 - create IPUIPlugin
2024-12-27 21:46:14,756 [INFO] PluginManager:220 - loadIPPluginJar : add can
2024-12-27 21:46:14,757 [INFO] IPUIPlugin:80 - create IPUIPlugin
2024-12-27 21:46:14,757 [INFO] PluginManager:220 - loadIPPluginJar : add comp
2024-12-27 21:46:14,758 [INFO] IPUIPlugin:80 - create IPUIPlugin
2024-12-27 21:46:14,758 [INFO] PluginManager:220 - loadIPPluginJar : add cryp
2024-12-27 21:46:14,759 [INFO] IPUIPlugin:80 - create IPUIPlugin
2024-12-27 21:46:14,759 [INFO] PluginManager:220 - loadIPPluginJar : add ddr_ctrl_phy
2024-12-27 21:46:14,761 [INFO] IPUIPlugin:80 - create IPUIPlugin
2024-12-27 21:46:14,761 [INFO] PluginManager:220 - loadIPPluginJar : add dfsdm
2024-12-27 21:46:14,763 [INFO] IPUIPlugin:80 - create IPUIPlugin
2024-12-27 21:46:14,764 [INFO] PluginManager:220 - loadIPPluginJar : add dma
2024-12-27 21:46:14,765 [INFO] IPUIPlugin:80 - create IPUIPlugin
2024-12-27 21:46:14,765 [INFO] PluginManager:220 - loadIPPluginJar : add dma3
2024-12-27 21:46:14,766 [INFO] IPUIPlugin:80 - create IPUIPlugin
2024-12-27 21:46:14,766 [INFO] PluginManager:220 - loadIPPluginJar : add extmemmanager
2024-12-27 21:46:14,767 [INFO] IPUIPlugin:80 - create IPUIPlugin
2024-12-27 21:46:14,767 [INFO] PluginManager:220 - loadIPPluginJar : add fatfs
2024-12-27 21:46:14,769 [INFO] IPUIPlugin:80 - create IPUIPlugin
2024-12-27 21:46:14,769 [INFO] PluginManager:220 - loadIPPluginJar : add fmc
2024-12-27 21:46:14,771 [INFO] IPUIPlugin:80 - create IPUIPlugin
2024-12-27 21:46:14,772 [INFO] PluginManager:220 - loadIPPluginJar : add freertos
2024-12-27 21:46:14,772 [INFO] IPUIPlugin:80 - create IPUIPlugin
2024-12-27 21:46:14,772 [INFO] PluginManager:220 - loadIPPluginJar : add genericplugin
2024-12-27 21:46:14,773 [INFO] IPUIPlugin:80 - create IPUIPlugin
2024-12-27 21:46:14,773 [INFO] PluginManager:220 - loadIPPluginJar : add gfxmmu
2024-12-27 21:46:14,776 [INFO] IPUIPlugin:80 - create IPUIPlugin
2024-12-27 21:46:14,776 [INFO] PluginManager:220 - loadIPPluginJar : add gic
2024-12-27 21:46:14,777 [INFO] IPUIPlugin:80 - create IPUIPlugin
2024-12-27 21:46:14,778 [INFO] PluginManager:220 - loadIPPluginJar : add gpio
2024-12-27 21:46:14,779 [INFO] IPUIPlugin:80 - create IPUIPlugin
2024-12-27 21:46:14,779 [INFO] PluginManager:220 - loadIPPluginJar : add gtzc
2024-12-27 21:46:14,780 [INFO] IPUIPlugin:80 - create IPUIPlugin
2024-12-27 21:46:14,780 [INFO] PluginManager:220 - loadIPPluginJar : add hash
2024-12-27 21:46:14,781 [INFO] IPUIPlugin:80 - create IPUIPlugin
2024-12-27 21:46:14,781 [INFO] PluginManager:220 - loadIPPluginJar : add i2c
2024-12-27 21:46:14,783 [INFO] IPUIPlugin:80 - create IPUIPlugin
2024-12-27 21:46:14,783 [INFO] PluginManager:220 - loadIPPluginJar : add i2s
2024-12-27 21:46:14,784 [INFO] IPUIPlugin:80 - create IPUIPlugin
2024-12-27 21:46:14,784 [INFO] PluginManager:220 - loadIPPluginJar : add i3c
2024-12-27 21:46:14,786 [INFO] IPUIPlugin:80 - create IPUIPlugin
2024-12-27 21:46:14,786 [INFO] PluginManager:220 - loadIPPluginJar : add ipddr
2024-12-27 21:46:14,790 [INFO] IPUIPlugin:80 - create IPUIPlugin
2024-12-27 21:46:14,790 [INFO] PluginManager:220 - loadIPPluginJar : add linkedlist
2024-12-27 21:46:14,792 [INFO] IPUIPlugin:80 - create IPUIPlugin
2024-12-27 21:46:14,792 [INFO] PluginManager:220 - loadIPPluginJar : add lorawan
2024-12-27 21:46:14,793 [INFO] IPUIPlugin:80 - create IPUIPlugin
2024-12-27 21:46:14,793 [INFO] PluginManager:220 - loadIPPluginJar : add ltdc
2024-12-27 21:46:14,795 [INFO] IPUIPlugin:80 - create IPUIPlugin
2024-12-27 21:46:14,795 [INFO] PluginManager:220 - loadIPPluginJar : add mdma
2024-12-27 21:46:14,797 [INFO] IPUIPlugin:80 - create IPUIPlugin
2024-12-27 21:46:14,797 [INFO] PluginManager:220 - loadIPPluginJar : add nvic
2024-12-27 21:46:14,799 [INFO] IPUIPlugin:80 - create IPUIPlugin
2024-12-27 21:46:14,799 [INFO] PluginManager:220 - loadIPPluginJar : add opamp
2024-12-27 21:46:14,801 [INFO] IPUIPlugin:80 - create IPUIPlugin
2024-12-27 21:46:14,801 [INFO] PluginManager:220 - loadIPPluginJar : add openamp
2024-12-27 21:46:14,802 [INFO] IPUIPlugin:80 - create IPUIPlugin
2024-12-27 21:46:14,802 [INFO] PluginManager:220 - loadIPPluginJar : add pdm2pcm
2024-12-27 21:46:14,805 [INFO] IPUIPlugin:80 - create IPUIPlugin
2024-12-27 21:46:14,806 [INFO] PluginManager:220 - loadIPPluginJar : add plateformsettings
2024-12-27 21:46:14,807 [INFO] IPUIPlugin:80 - create IPUIPlugin
2024-12-27 21:46:14,807 [INFO] PluginManager:220 - loadIPPluginJar : add quadspi
2024-12-27 21:46:14,808 [INFO] IPUIPlugin:80 - create IPUIPlugin
2024-12-27 21:46:14,809 [INFO] PluginManager:220 - loadIPPluginJar : add radio
2024-12-27 21:46:14,810 [INFO] IPUIPlugin:80 - create IPUIPlugin
2024-12-27 21:46:14,810 [INFO] PluginManager:220 - loadIPPluginJar : add resmgrutility
2024-12-27 21:46:14,812 [INFO] IPUIPlugin:80 - create IPUIPlugin
2024-12-27 21:46:14,812 [INFO] PluginManager:220 - loadIPPluginJar : add sai
2024-12-27 21:46:14,813 [INFO] IPUIPlugin:80 - create IPUIPlugin
2024-12-27 21:46:14,813 [INFO] PluginManager:220 - loadIPPluginJar : add spi
2024-12-27 21:46:14,815 [INFO] IPUIPlugin:80 - create IPUIPlugin
2024-12-27 21:46:14,815 [INFO] PluginManager:220 - loadIPPluginJar : add stm32_wpan
2024-12-27 21:46:14,816 [INFO] IPUIPlugin:80 - create IPUIPlugin
2024-12-27 21:46:14,816 [INFO] PluginManager:220 - loadIPPluginJar : add tim
2024-12-27 21:46:14,817 [INFO] IPUIPlugin:80 - create IPUIPlugin
2024-12-27 21:46:14,818 [INFO] PluginManager:220 - loadIPPluginJar : add touchsensing
2024-12-27 21:46:14,819 [INFO] IPUIPlugin:80 - create IPUIPlugin
2024-12-27 21:46:14,819 [INFO] PluginManager:220 - loadIPPluginJar : add tracer_emb
2024-12-27 21:46:14,820 [INFO] IPUIPlugin:80 - create IPUIPlugin
2024-12-27 21:46:14,820 [INFO] PluginManager:220 - loadIPPluginJar : add ts
2024-12-27 21:46:14,820 [INFO] IPUIPlugin:80 - create IPUIPlugin
2024-12-27 21:46:14,820 [INFO] PluginManager:220 - loadIPPluginJar : add tsc
2024-12-27 21:46:14,821 [INFO] IPUIPlugin:80 - create IPUIPlugin
2024-12-27 21:46:14,821 [INFO] PluginManager:220 - loadIPPluginJar : add ucpd
2024-12-27 21:46:14,823 [INFO] IPUIPlugin:80 - create IPUIPlugin
2024-12-27 21:46:14,823 [INFO] PluginManager:220 - loadIPPluginJar : add usart
2024-12-27 21:46:14,824 [INFO] IPUIPlugin:80 - create IPUIPlugin
2024-12-27 21:46:14,824 [INFO] PluginManager:220 - loadIPPluginJar : add usbx
2024-12-27 21:46:14,927 [FATAL] Updater:351 - Updater called before beeing initialized
2024-12-27 21:46:14,955 [INFO] RulesReader:64 - Compatibility file has been processed (297 Rules)
2024-12-27 21:46:14,963 [INFO] RulesReader:64 - Compatibility file has been processed (297 Rules)
2024-12-27 21:46:14,970 [INFO] CADModel:165 - CPN selected for project level
2024-12-27 21:46:14,970 [INFO] CADModel:114 - Register for checkConnection events
2024-12-27 21:46:14,970 [FATAL] Updater:351 - Updater called before beeing initialized
2024-12-27 21:46:14,970 [ERROR] CADModel:125 - Updater not yet initialized, retry later 
2024-12-27 21:46:15,049 [FATAL] Updater:351 - Updater called before beeing initialized
2024-12-27 21:46:15,050 [INFO] CADModel:165 - CPN selected for project level
2024-12-27 21:46:15,050 [INFO] CADModel:114 - Register for checkConnection events
2024-12-27 21:46:15,050 [FATAL] Updater:351 - Updater called before beeing initialized
2024-12-27 21:46:15,050 [ERROR] CADModel:125 - Updater not yet initialized, retry later 
2024-12-27 21:46:15,052 [FATAL] Updater:351 - Updater called before beeing initialized
2024-12-27 21:46:15,117 [FATAL] Updater:351 - Updater called before beeing initialized
2024-12-27 21:46:15,120 [INFO] DbMcusAds:53 - JSON generation date=Thu Sep 30 01:55:09 CDT 2021 (1632984909247)
2024-12-27 21:46:15,121 [FATAL] Updater:351 - Updater called before beeing initialized
2024-12-27 21:46:15,141 [WARN] DetailPanel:346 - Failed to get advertising image, set to default
2024-12-27 21:46:15,267 [FATAL] Updater:351 - Updater called before beeing initialized
2024-12-27 21:46:15,268 [FATAL] Updater:351 - Updater called before beeing initialized
2024-12-27 21:46:15,268 [FATAL] Updater:351 - Updater called before beeing initialized
2024-12-27 21:46:15,268 [WARN] DetailPanel:346 - Failed to get advertising image, set to default
2024-12-27 21:46:15,269 [FATAL] Updater:351 - Updater called before beeing initialized
2024-12-27 21:46:15,303 [ERROR] Updater:1198 - MainUpdater not yet initialized. External WinMGr cannot be set.
2024-12-27 21:46:15,304 [INFO] Updater:1134 - Updater Version found : 6.13.0
2024-12-27 21:46:15,314 [INFO] ApplicationProperties:184 - Using Application install path: C:\ST\STM32CubeIDE_1.17.0\STM32CubeIDE\plugins\com.st.stm32cube.common.mx_6.13.0.202411220809
2024-12-27 21:46:16,876 [ERROR] LogOutputStream:75 - [STDERR_REDIRECT] Dec 27, 2024 9:46:16 PM java.util.prefs.WindowsPreferences <init>
2024-12-27 21:46:16,877 [ERROR] LogOutputStream:75 - [STDERR_REDIRECT] WARNING: Could not open/create prefs root node Software\JavaSoft\Prefs at root 0xffffffff80000002. Windows RegCreateKeyEx(...) returned error code 5.
2024-12-27 21:46:16,877 [ERROR] LogOutputStream:75 - [STDERR_REDIRECT] 
2024-12-27 21:46:17,387 [INFO] MainUpdater:2872 - connection check result : 10
2024-12-27 21:46:17,388 [INFO] MainUpdater:3566 - Updater definition file requires update
2024-12-27 21:46:17,388 [INFO] MainUpdater:289 - Updater Check For Update Now.
2024-12-27 21:46:17,388 [INFO] MicroXplorer:498 - Change Database Version : DB.6.0.130
2024-12-27 21:46:17,395 [INFO] McuFinderGlobals:63 - Set McuFinder mode to 2 (CubeIDE integrated)
2024-12-27 21:46:17,396 [INFO] UserAuth:171 - activating auth plugin
2024-12-27 21:46:17,397 [INFO] UserAuth:486 - Internet connection configuration mode: 1
2024-12-27 21:46:17,403 [INFO] JxBrowserEngine:152 - Initiate JxBrowser Engine with user profile folder
2024-12-27 21:46:17,462 [WARN] MainUpdater:1193 - Updater busy. Cannot search thirdparties
2024-12-27 21:46:17,462 [INFO] ThirdPartyUpdaterWithRetryManager:96 - Updater plugin is busy. [1/15]
2024-12-27 21:46:17,503 [INFO] ServerAccessManage:473 - Download File updaters.zip
2024-12-27 21:46:17,695 [INFO] WebApp:168 - Instantiating new browser for Auth
2024-12-27 21:46:17,842 [INFO] FileExtend:240 - Unzip File : updaters.zip
2024-12-27 21:46:17,842 [INFO] FileExtend:255 - Standard Zip Deflate
2024-12-27 21:46:18,162 [INFO] ServerAccessManage:473 - Download File PacksControlFlags.xml
2024-12-27 21:46:18,170 [INFO] WebApp:449 - Apply proxy settings
2024-12-27 21:46:18,170 [INFO] WebApp:534 - Chromium requires no authentication
2024-12-27 21:46:18,174 [INFO] WebApp:477 - Direct internet connection detected
2024-12-27 21:46:18,194 [INFO] WebApp:880 - Register for checkConnection events
2024-12-27 21:46:18,194 [INFO] WebApp:449 - Apply proxy settings
2024-12-27 21:46:18,194 [INFO] WebApp:534 - Chromium requires no authentication
2024-12-27 21:46:18,195 [INFO] WebApp:477 - Direct internet connection detected
2024-12-27 21:46:18,295 [INFO] WebApp:221 - Starting web application
2024-12-27 21:46:18,296 [INFO] WebApp:579 - Web application path used C:\ST\STM32CubeIDE_1.17.0\STM32CubeIDE\plugins\com.st.stm32cube.common.mx_6.13.0.202411220809\db\plugins\mcufinder\reactClient1\index.html
2024-12-27 21:46:18,308 [INFO] ServerAccessManage:473 - Download File cubemx.pidx
2024-12-27 21:46:18,368 [INFO] LoadServerUpdatesThread:375 - End of LoadServerUpdate Thread
2024-12-27 21:46:18,417 [WARN] CheckServerUpdateThread:151 - Open CheckUpdateFile Fail
2024-12-27 21:46:18,432 [INFO] WebApp:187 - Connection restablished
2024-12-27 21:46:18,530 [INFO] CheckServerUpdateThread:120 - End of CheckServer Thread
2024-12-27 21:46:19,461 [ERROR] LogOutputStream:75 - [STDERR_REDIRECT] [Fatal Error] :1:1: Premature end of file.
2024-12-27 21:46:19,461 [ERROR] LogOutputStream:75 - [STDERR_REDIRECT] 
2024-12-27 21:46:20,452 [ERROR] LogOutputStream:75 - [STDERR_REDIRECT] [Fatal Error] :1:1: Premature end of file.
2024-12-27 21:46:20,453 [ERROR] LogOutputStream:75 - [STDERR_REDIRECT] 
2024-12-27 21:46:20,525 [WARN] PackLoader:240 - Cannot read IP mode file for STMicroelectronics.FP-SNS-MOTENVWB1.1.4.0
2024-12-27 21:46:20,530 [WARN] PackLoader:240 - Cannot read IP mode file for STMicroelectronics.FP-SNS-FLIGHT1.5.0.2
2024-12-27 21:46:20,539 [WARN] PackLoader:240 - Cannot read IP mode file for STMicroelectronics.X-CUBE-DISPLAY.3.0.0
2024-12-27 21:46:20,546 [WARN] PackLoader:240 - Cannot read IP mode file for STMicroelectronics.X-CUBE-BLE1.7.0.0
2024-12-27 21:46:20,550 [WARN] PackLoader:240 - Cannot read IP mode file for STMicroelectronics.FP-SNS-SMARTAG2.1.2.0
2024-12-27 21:46:20,553 [WARN] PackLoader:240 - Cannot read IP mode file for STMicroelectronics.FP-SNS-MOTENV1.5.0.0
2024-12-27 21:46:20,557 [WARN] PackLoader:240 - Cannot read IP mode file for STMicroelectronics.X-CUBE-BLE2.3.3.0
2024-12-27 21:46:20,560 [WARN] PackLoader:240 - Cannot read IP mode file for STMicroelectronics.FP-ATR-SIGFOX1.3.2.0
2024-12-27 21:46:20,564 [WARN] PackLoader:240 - Cannot read IP mode file for STMicroelectronics.X-CUBE-EEPRMA1.5.1.0
2024-12-27 21:46:20,567 [WARN] PackLoader:240 - Cannot read IP mode file for STMicroelectronics.X-CUBE-AI.9.1.0
2024-12-27 21:46:20,571 [WARN] PackLoader:240 - Cannot read IP mode file for STMicroelectronics.X-CUBE-DPower.1.2.0
2024-12-27 21:46:20,575 [WARN] PackLoader:240 - Cannot read IP mode file for STMicroelectronics.FP-SNS-STBOX1.2.0.0
2024-12-27 21:46:20,579 [WARN] PackLoader:240 - Cannot read IP mode file for STMicroelectronics.X-CUBE-ALS.1.0.2
2024-12-27 21:46:20,579 [INFO] ThirdParty:978 - Integrity check success = true
2024-12-27 21:46:20,579 [INFO] IntegrityCheckThread:100 - exiting critical section [integrity check]
2024-12-27 21:46:20,579 [INFO] IntegrityCheckThread:103 - End integrity checks thread
