2025-03-28 02:26:02,205 [INFO] WebApp:190 - Connection lost
2025-03-28 02:26:02,331 [INFO] WebApp:187 - Connection restablished
2025-03-28 02:26:02,778 [ERROR] LogOutputStream:75 - [STDERR_REDIRECT] [Fatal Error] :1:1: Premature end of file.
2025-03-28 02:26:02,778 [ERROR] LogOutputStream:75 - [STDERR_REDIRECT] 
2025-03-28 02:26:03,775 [ERROR] LogOutputStream:75 - [STDERR_REDIRECT] [Fatal Error] :1:1: Premature end of file.
2025-03-28 02:26:03,775 [ERROR] LogOutputStream:75 - [STDERR_REDIRECT] 
2025-03-28 02:26:04,796 [ERROR] LogOutputStream:75 - [STDERR_REDIRECT] [Fatal Error] :1:1: Premature end of file.
2025-03-28 02:26:04,796 [ERROR] LogOutputStream:75 - [STDERR_REDIRECT] 
2025-03-28 02:26:05,785 [ERROR] LogOutputStream:75 - [STDERR_REDIRECT] [Fatal Error] :1:1: Premature end of file.
2025-03-28 02:26:05,785 [ERROR] LogOutputStream:75 - [STDERR_REDIRECT] 
2025-03-28 02:26:06,798 [ERROR] LogOutputStream:75 - [STDERR_REDIRECT] [Fatal Error] :1:1: Premature end of file.
2025-03-28 02:26:06,798 [ERROR] LogOutputStream:75 - [STDERR_REDIRECT] 
2025-03-28 02:26:07,787 [ERROR] LogOutputStream:75 - [STDERR_REDIRECT] [Fatal Error] :1:1: Premature end of file.
2025-03-28 02:26:07,787 [ERROR] LogOutputStream:75 - [STDERR_REDIRECT] 
2025-03-28 02:26:08,791 [ERROR] LogOutputStream:75 - [STDERR_REDIRECT] [Fatal Error] :1:1: Premature end of file.
2025-03-28 02:26:08,791 [ERROR] LogOutputStream:75 - [STDERR_REDIRECT] 
2025-03-28 02:26:09,787 [ERROR] LogOutputStream:75 - [STDERR_REDIRECT] [Fatal Error] :1:1: Premature end of file.
2025-03-28 02:26:09,787 [ERROR] LogOutputStream:75 - [STDERR_REDIRECT] 
2025-03-28 02:26:10,792 [ERROR] LogOutputStream:75 - [STDERR_REDIRECT] [Fatal Error] :1:1: Premature end of file.
2025-03-28 02:26:10,793 [ERROR] LogOutputStream:75 - [STDERR_REDIRECT] 
2025-03-28 02:26:11,785 [ERROR] LogOutputStream:75 - [STDERR_REDIRECT] [Fatal Error] :1:1: Premature end of file.
2025-03-28 02:26:11,785 [ERROR] LogOutputStream:75 - [STDERR_REDIRECT] 
2025-03-28 02:26:12,791 [ERROR] LogOutputStream:75 - [STDERR_REDIRECT] [Fatal Error] :1:1: Premature end of file.
2025-03-28 02:26:12,791 [ERROR] LogOutputStream:75 - [STDERR_REDIRECT] 
2025-03-28 02:26:13,791 [ERROR] LogOutputStream:75 - [STDERR_REDIRECT] [Fatal Error] :1:1: Premature end of file.
2025-03-28 02:26:13,791 [ERROR] LogOutputStream:75 - [STDERR_REDIRECT] 
2025-03-28 02:26:14,779 [ERROR] LogOutputStream:75 - [STDERR_REDIRECT] [Fatal Error] :1:1: Premature end of file.
2025-03-28 02:26:14,779 [ERROR] LogOutputStream:75 - [STDERR_REDIRECT] 
2025-03-28 02:26:15,778 [ERROR] LogOutputStream:75 - [STDERR_REDIRECT] [Fatal Error] :1:1: Premature end of file.
2025-03-28 02:26:15,778 [ERROR] LogOutputStream:75 - [STDERR_REDIRECT] 
2025-03-28 02:26:16,794 [ERROR] LogOutputStream:75 - [STDERR_REDIRECT] [Fatal Error] :1:1: Premature end of file.
2025-03-28 02:26:16,795 [ERROR] LogOutputStream:75 - [STDERR_REDIRECT] 
2025-03-28 02:26:17,786 [ERROR] LogOutputStream:75 - [STDERR_REDIRECT] [Fatal Error] :1:1: Premature end of file.
2025-03-28 02:26:17,786 [ERROR] LogOutputStream:75 - [STDERR_REDIRECT] 
2025-03-28 02:26:18,799 [ERROR] LogOutputStream:75 - [STDERR_REDIRECT] [Fatal Error] :1:1: Premature end of file.
2025-03-28 02:26:18,799 [ERROR] LogOutputStream:75 - [STDERR_REDIRECT] 
2025-03-28 02:26:19,779 [ERROR] LogOutputStream:75 - [STDERR_REDIRECT] [Fatal Error] :1:1: Premature end of file.
2025-03-28 02:26:19,779 [ERROR] LogOutputStream:75 - [STDERR_REDIRECT] 
2025-03-28 02:26:20,791 [ERROR] LogOutputStream:75 - [STDERR_REDIRECT] [Fatal Error] :1:1: Premature end of file.
2025-03-28 02:26:20,791 [ERROR] LogOutputStream:75 - [STDERR_REDIRECT] 
2025-03-28 02:26:21,776 [ERROR] LogOutputStream:75 - [STDERR_REDIRECT] [Fatal Error] :1:1: Premature end of file.
2025-03-28 02:26:21,776 [ERROR] LogOutputStream:75 - [STDERR_REDIRECT] 
2025-03-28 02:26:22,795 [ERROR] LogOutputStream:75 - [STDERR_REDIRECT] [Fatal Error] :1:1: Premature end of file.
2025-03-28 02:26:22,795 [ERROR] LogOutputStream:75 - [STDERR_REDIRECT] 
2025-03-28 02:26:23,776 [ERROR] LogOutputStream:75 - [STDERR_REDIRECT] [Fatal Error] :1:1: Premature end of file.
2025-03-28 02:26:23,776 [ERROR] LogOutputStream:75 - [STDERR_REDIRECT] 
2025-03-28 02:26:24,799 [ERROR] LogOutputStream:75 - [STDERR_REDIRECT] [Fatal Error] :1:1: Premature end of file.
2025-03-28 02:26:24,799 [ERROR] LogOutputStream:75 - [STDERR_REDIRECT] 
2025-03-28 02:26:25,783 [ERROR] LogOutputStream:75 - [STDERR_REDIRECT] [Fatal Error] :1:1: Premature end of file.
2025-03-28 02:26:25,784 [ERROR] LogOutputStream:75 - [STDERR_REDIRECT] 
2025-03-28 02:26:26,785 [ERROR] LogOutputStream:75 - [STDERR_REDIRECT] [Fatal Error] :1:1: Premature end of file.
2025-03-28 02:26:26,785 [ERROR] LogOutputStream:75 - [STDERR_REDIRECT] 
2025-03-28 02:26:27,792 [ERROR] LogOutputStream:75 - [STDERR_REDIRECT] [Fatal Error] :1:1: Premature end of file.
2025-03-28 02:26:27,792 [ERROR] LogOutputStream:75 - [STDERR_REDIRECT] 
2025-03-28 02:26:28,794 [ERROR] LogOutputStream:75 - [STDERR_REDIRECT] [Fatal Error] :1:1: Premature end of file.
2025-03-28 02:26:28,794 [ERROR] LogOutputStream:75 - [STDERR_REDIRECT] 
2025-03-28 02:26:29,781 [ERROR] LogOutputStream:75 - [STDERR_REDIRECT] [Fatal Error] :1:1: Premature end of file.
2025-03-28 02:26:29,781 [ERROR] LogOutputStream:75 - [STDERR_REDIRECT] 
2025-03-28 02:26:30,798 [ERROR] LogOutputStream:75 - [STDERR_REDIRECT] [Fatal Error] :1:1: Premature end of file.
2025-03-28 02:26:30,798 [ERROR] LogOutputStream:75 - [STDERR_REDIRECT] 
2025-03-28 02:26:31,785 [ERROR] LogOutputStream:75 - [STDERR_REDIRECT] [Fatal Error] :1:1: Premature end of file.
2025-03-28 02:26:31,785 [ERROR] LogOutputStream:75 - [STDERR_REDIRECT] 
2025-03-28 02:26:32,778 [ERROR] LogOutputStream:75 - [STDERR_REDIRECT] [Fatal Error] :1:1: Premature end of file.
2025-03-28 02:26:32,778 [ERROR] LogOutputStream:75 - [STDERR_REDIRECT] 
2025-03-28 02:26:33,789 [ERROR] LogOutputStream:75 - [STDERR_REDIRECT] [Fatal Error] :1:1: Premature end of file.
2025-03-28 02:26:33,789 [ERROR] LogOutputStream:75 - [STDERR_REDIRECT] 
2025-03-28 02:26:34,786 [ERROR] LogOutputStream:75 - [STDERR_REDIRECT] [Fatal Error] :1:1: Premature end of file.
2025-03-28 02:26:34,786 [ERROR] LogOutputStream:75 - [STDERR_REDIRECT] 
2025-03-28 02:26:35,793 [ERROR] LogOutputStream:75 - [STDERR_REDIRECT] [Fatal Error] :1:1: Premature end of file.
2025-03-28 02:26:35,794 [ERROR] LogOutputStream:75 - [STDERR_REDIRECT] 
2025-03-28 02:26:36,794 [ERROR] LogOutputStream:75 - [STDERR_REDIRECT] [Fatal Error] :1:1: Premature end of file.
2025-03-28 02:26:36,794 [ERROR] LogOutputStream:75 - [STDERR_REDIRECT] 
2025-03-28 02:26:37,786 [ERROR] LogOutputStream:75 - [STDERR_REDIRECT] [Fatal Error] :1:1: Premature end of file.
2025-03-28 02:26:37,786 [ERROR] LogOutputStream:75 - [STDERR_REDIRECT] 
2025-03-28 02:26:38,780 [ERROR] LogOutputStream:75 - [STDERR_REDIRECT] [Fatal Error] :1:1: Premature end of file.
2025-03-28 02:26:38,780 [ERROR] LogOutputStream:75 - [STDERR_REDIRECT] 
2025-03-28 02:26:39,780 [ERROR] LogOutputStream:75 - [STDERR_REDIRECT] [Fatal Error] :1:1: Premature end of file.
2025-03-28 02:26:39,780 [ERROR] LogOutputStream:75 - [STDERR_REDIRECT] 
2025-03-28 02:26:40,778 [ERROR] LogOutputStream:75 - [STDERR_REDIRECT] [Fatal Error] :1:1: Premature end of file.
2025-03-28 02:26:40,778 [ERROR] LogOutputStream:75 - [STDERR_REDIRECT] 
2025-03-28 02:26:41,793 [ERROR] LogOutputStream:75 - [STDERR_REDIRECT] [Fatal Error] :1:1: Premature end of file.
2025-03-28 02:26:41,793 [ERROR] LogOutputStream:75 - [STDERR_REDIRECT] 
2025-03-28 02:26:42,798 [ERROR] LogOutputStream:75 - [STDERR_REDIRECT] [Fatal Error] :1:1: Premature end of file.
2025-03-28 02:26:42,798 [ERROR] LogOutputStream:75 - [STDERR_REDIRECT] 
2025-03-28 02:26:43,780 [ERROR] LogOutputStream:75 - [STDERR_REDIRECT] [Fatal Error] :1:1: Premature end of file.
2025-03-28 02:26:43,780 [ERROR] LogOutputStream:75 - [STDERR_REDIRECT] 
2025-03-28 02:26:44,802 [ERROR] LogOutputStream:75 - [STDERR_REDIRECT] [Fatal Error] :1:1: Premature end of file.
2025-03-28 02:26:44,802 [ERROR] LogOutputStream:75 - [STDERR_REDIRECT] 
2025-03-28 02:26:45,792 [ERROR] LogOutputStream:75 - [STDERR_REDIRECT] [Fatal Error] :1:1: Premature end of file.
2025-03-28 02:26:45,792 [ERROR] LogOutputStream:75 - [STDERR_REDIRECT] 
2025-03-28 02:26:46,788 [ERROR] LogOutputStream:75 - [STDERR_REDIRECT] [Fatal Error] :1:1: Premature end of file.
2025-03-28 02:26:46,788 [ERROR] LogOutputStream:75 - [STDERR_REDIRECT] 
2025-03-28 02:26:47,792 [ERROR] LogOutputStream:75 - [STDERR_REDIRECT] [Fatal Error] :1:1: Premature end of file.
2025-03-28 02:26:47,792 [ERROR] LogOutputStream:75 - [STDERR_REDIRECT] 
2025-03-28 02:26:48,774 [ERROR] LogOutputStream:75 - [STDERR_REDIRECT] [Fatal Error] :1:1: Premature end of file.
2025-03-28 02:26:48,774 [ERROR] LogOutputStream:75 - [STDERR_REDIRECT] 
2025-03-28 02:26:49,796 [ERROR] LogOutputStream:75 - [STDERR_REDIRECT] [Fatal Error] :1:1: Premature end of file.
2025-03-28 02:26:49,796 [ERROR] LogOutputStream:75 - [STDERR_REDIRECT] 
2025-03-28 02:26:50,780 [ERROR] LogOutputStream:75 - [STDERR_REDIRECT] [Fatal Error] :1:1: Premature end of file.
2025-03-28 02:26:50,780 [ERROR] LogOutputStream:75 - [STDERR_REDIRECT] 
2025-03-28 02:26:51,785 [ERROR] LogOutputStream:75 - [STDERR_REDIRECT] [Fatal Error] :1:1: Premature end of file.
2025-03-28 02:26:51,785 [ERROR] LogOutputStream:75 - [STDERR_REDIRECT] 
2025-03-28 02:26:52,783 [ERROR] LogOutputStream:75 - [STDERR_REDIRECT] [Fatal Error] :1:1: Premature end of file.
2025-03-28 02:26:52,783 [ERROR] LogOutputStream:75 - [STDERR_REDIRECT] 
2025-03-28 02:26:53,784 [ERROR] LogOutputStream:75 - [STDERR_REDIRECT] [Fatal Error] :1:1: Premature end of file.
2025-03-28 02:26:53,784 [ERROR] LogOutputStream:75 - [STDERR_REDIRECT] 
2025-03-28 02:26:54,786 [ERROR] LogOutputStream:75 - [STDERR_REDIRECT] [Fatal Error] :1:1: Premature end of file.
2025-03-28 02:26:54,786 [ERROR] LogOutputStream:75 - [STDERR_REDIRECT] 
2025-03-28 02:26:55,789 [ERROR] LogOutputStream:75 - [STDERR_REDIRECT] [Fatal Error] :1:1: Premature end of file.
2025-03-28 02:26:55,789 [ERROR] LogOutputStream:75 - [STDERR_REDIRECT] 
2025-03-28 02:26:56,778 [ERROR] LogOutputStream:75 - [STDERR_REDIRECT] [Fatal Error] :1:1: Premature end of file.
2025-03-28 02:26:56,778 [ERROR] LogOutputStream:75 - [STDERR_REDIRECT] 
2025-03-28 02:26:57,791 [ERROR] LogOutputStream:75 - [STDERR_REDIRECT] [Fatal Error] :1:1: Premature end of file.
2025-03-28 02:26:57,791 [ERROR] LogOutputStream:75 - [STDERR_REDIRECT] 
2025-03-28 02:26:58,789 [ERROR] LogOutputStream:75 - [STDERR_REDIRECT] [Fatal Error] :1:1: Premature end of file.
2025-03-28 02:26:58,789 [ERROR] LogOutputStream:75 - [STDERR_REDIRECT] 
2025-03-28 02:26:59,778 [ERROR] LogOutputStream:75 - [STDERR_REDIRECT] [Fatal Error] :1:1: Premature end of file.
2025-03-28 02:26:59,778 [ERROR] LogOutputStream:75 - [STDERR_REDIRECT] 
2025-03-28 02:27:00,779 [ERROR] LogOutputStream:75 - [STDERR_REDIRECT] [Fatal Error] :1:1: Premature end of file.
2025-03-28 02:27:00,780 [ERROR] LogOutputStream:75 - [STDERR_REDIRECT] 
2025-03-28 02:27:01,777 [ERROR] LogOutputStream:75 - [STDERR_REDIRECT] [Fatal Error] :1:1: Premature end of file.
2025-03-28 02:27:01,777 [ERROR] LogOutputStream:75 - [STDERR_REDIRECT] 
2025-03-28 02:27:02,795 [ERROR] LogOutputStream:75 - [STDERR_REDIRECT] [Fatal Error] :1:1: Premature end of file.
2025-03-28 02:27:02,795 [ERROR] LogOutputStream:75 - [STDERR_REDIRECT] 
2025-03-28 02:27:03,782 [ERROR] LogOutputStream:75 - [STDERR_REDIRECT] [Fatal Error] :1:1: Premature end of file.
2025-03-28 02:27:03,782 [ERROR] LogOutputStream:75 - [STDERR_REDIRECT] 
2025-03-28 02:27:04,787 [ERROR] LogOutputStream:75 - [STDERR_REDIRECT] [Fatal Error] :1:1: Premature end of file.
2025-03-28 02:27:04,787 [ERROR] LogOutputStream:75 - [STDERR_REDIRECT] 
2025-03-28 02:27:05,794 [ERROR] LogOutputStream:75 - [STDERR_REDIRECT] [Fatal Error] :1:1: Premature end of file.
2025-03-28 02:27:05,794 [ERROR] LogOutputStream:75 - [STDERR_REDIRECT] 
2025-03-28 02:27:06,791 [ERROR] LogOutputStream:75 - [STDERR_REDIRECT] [Fatal Error] :1:1: Premature end of file.
2025-03-28 02:27:06,791 [ERROR] LogOutputStream:75 - [STDERR_REDIRECT] 
2025-03-28 02:27:07,784 [ERROR] LogOutputStream:75 - [STDERR_REDIRECT] [Fatal Error] :1:1: Premature end of file.
2025-03-28 02:27:07,784 [ERROR] LogOutputStream:75 - [STDERR_REDIRECT] 
2025-03-28 02:27:08,787 [ERROR] LogOutputStream:75 - [STDERR_REDIRECT] [Fatal Error] :1:1: Premature end of file.
2025-03-28 02:27:08,787 [ERROR] LogOutputStream:75 - [STDERR_REDIRECT] 
2025-03-28 02:27:09,793 [ERROR] LogOutputStream:75 - [STDERR_REDIRECT] [Fatal Error] :1:1: Premature end of file.
2025-03-28 02:27:09,793 [ERROR] LogOutputStream:75 - [STDERR_REDIRECT] 
2025-03-28 02:27:10,783 [ERROR] LogOutputStream:75 - [STDERR_REDIRECT] [Fatal Error] :1:1: Premature end of file.
2025-03-28 02:27:10,783 [ERROR] LogOutputStream:75 - [STDERR_REDIRECT] 
2025-03-28 02:27:11,784 [ERROR] LogOutputStream:75 - [STDERR_REDIRECT] [Fatal Error] :1:1: Premature end of file.
2025-03-28 02:27:11,785 [ERROR] LogOutputStream:75 - [STDERR_REDIRECT] 
2025-03-28 02:27:12,779 [ERROR] LogOutputStream:75 - [STDERR_REDIRECT] [Fatal Error] :1:1: Premature end of file.
2025-03-28 02:27:12,779 [ERROR] LogOutputStream:75 - [STDERR_REDIRECT] 
2025-03-28 02:27:13,775 [ERROR] LogOutputStream:75 - [STDERR_REDIRECT] [Fatal Error] :1:1: Premature end of file.
2025-03-28 02:27:13,775 [ERROR] LogOutputStream:75 - [STDERR_REDIRECT] 
2025-03-28 02:27:14,804 [ERROR] LogOutputStream:75 - [STDERR_REDIRECT] [Fatal Error] :1:1: Premature end of file.
2025-03-28 02:27:14,804 [ERROR] LogOutputStream:75 - [STDERR_REDIRECT] 
2025-03-28 02:27:15,782 [ERROR] LogOutputStream:75 - [STDERR_REDIRECT] [Fatal Error] :1:1: Premature end of file.
2025-03-28 02:27:15,782 [ERROR] LogOutputStream:75 - [STDERR_REDIRECT] 
2025-03-28 02:27:16,786 [ERROR] LogOutputStream:75 - [STDERR_REDIRECT] [Fatal Error] :1:1: Premature end of file.
2025-03-28 02:27:16,786 [ERROR] LogOutputStream:75 - [STDERR_REDIRECT] 
2025-03-28 02:27:17,794 [ERROR] LogOutputStream:75 - [STDERR_REDIRECT] [Fatal Error] :1:1: Premature end of file.
2025-03-28 02:27:17,794 [ERROR] LogOutputStream:75 - [STDERR_REDIRECT] 
2025-03-28 02:27:18,780 [ERROR] LogOutputStream:75 - [STDERR_REDIRECT] [Fatal Error] :1:1: Premature end of file.
2025-03-28 02:27:18,780 [ERROR] LogOutputStream:75 - [STDERR_REDIRECT] 
2025-03-28 02:27:19,786 [ERROR] LogOutputStream:75 - [STDERR_REDIRECT] [Fatal Error] :1:1: Premature end of file.
2025-03-28 02:27:19,786 [ERROR] LogOutputStream:75 - [STDERR_REDIRECT] 
2025-03-28 02:27:20,785 [ERROR] LogOutputStream:75 - [STDERR_REDIRECT] [Fatal Error] :1:1: Premature end of file.
2025-03-28 02:27:20,785 [ERROR] LogOutputStream:75 - [STDERR_REDIRECT] 
2025-03-28 02:27:21,785 [ERROR] LogOutputStream:75 - [STDERR_REDIRECT] [Fatal Error] :1:1: Premature end of file.
2025-03-28 02:27:21,785 [ERROR] LogOutputStream:75 - [STDERR_REDIRECT] 
2025-03-28 02:27:22,786 [ERROR] LogOutputStream:75 - [STDERR_REDIRECT] [Fatal Error] :1:1: Premature end of file.
2025-03-28 02:27:22,786 [ERROR] LogOutputStream:75 - [STDERR_REDIRECT] 
2025-03-28 02:27:23,799 [ERROR] LogOutputStream:75 - [STDERR_REDIRECT] [Fatal Error] :1:1: Premature end of file.
2025-03-28 02:27:23,800 [ERROR] LogOutputStream:75 - [STDERR_REDIRECT] 
2025-03-28 02:27:24,791 [ERROR] LogOutputStream:75 - [STDERR_REDIRECT] [Fatal Error] :1:1: Premature end of file.
2025-03-28 02:27:24,791 [ERROR] LogOutputStream:75 - [STDERR_REDIRECT] 
2025-03-28 02:27:25,786 [ERROR] LogOutputStream:75 - [STDERR_REDIRECT] [Fatal Error] :1:1: Premature end of file.
2025-03-28 02:27:25,786 [ERROR] LogOutputStream:75 - [STDERR_REDIRECT] 
2025-03-28 02:27:26,776 [ERROR] LogOutputStream:75 - [STDERR_REDIRECT] [Fatal Error] :1:1: Premature end of file.
2025-03-28 02:27:26,776 [ERROR] LogOutputStream:75 - [STDERR_REDIRECT] 
2025-03-28 02:27:27,792 [ERROR] LogOutputStream:75 - [STDERR_REDIRECT] [Fatal Error] :1:1: Premature end of file.
2025-03-28 02:27:27,792 [ERROR] LogOutputStream:75 - [STDERR_REDIRECT] 
2025-03-28 02:27:28,794 [ERROR] LogOutputStream:75 - [STDERR_REDIRECT] [Fatal Error] :1:1: Premature end of file.
2025-03-28 02:27:28,794 [ERROR] LogOutputStream:75 - [STDERR_REDIRECT] 
2025-03-28 02:27:29,800 [ERROR] LogOutputStream:75 - [STDERR_REDIRECT] [Fatal Error] :1:1: Premature end of file.
2025-03-28 02:27:29,800 [ERROR] LogOutputStream:75 - [STDERR_REDIRECT] 
2025-03-28 02:27:30,786 [ERROR] LogOutputStream:75 - [STDERR_REDIRECT] [Fatal Error] :1:1: Premature end of file.
2025-03-28 02:27:30,786 [ERROR] LogOutputStream:75 - [STDERR_REDIRECT] 
2025-03-28 02:27:31,797 [ERROR] LogOutputStream:75 - [STDERR_REDIRECT] [Fatal Error] :1:1: Premature end of file.
2025-03-28 02:27:31,797 [ERROR] LogOutputStream:75 - [STDERR_REDIRECT] 
2025-03-28 02:27:32,805 [ERROR] LogOutputStream:75 - [STDERR_REDIRECT] [Fatal Error] :1:1: Premature end of file.
2025-03-28 02:27:32,805 [ERROR] LogOutputStream:75 - [STDERR_REDIRECT] 
2025-03-28 02:27:33,793 [ERROR] LogOutputStream:75 - [STDERR_REDIRECT] [Fatal Error] :1:1: Premature end of file.
2025-03-28 02:27:33,793 [ERROR] LogOutputStream:75 - [STDERR_REDIRECT] 
2025-03-28 02:27:34,794 [ERROR] LogOutputStream:75 - [STDERR_REDIRECT] [Fatal Error] :1:1: Premature end of file.
2025-03-28 02:27:34,794 [ERROR] LogOutputStream:75 - [STDERR_REDIRECT] 
2025-03-28 02:27:35,780 [ERROR] LogOutputStream:75 - [STDERR_REDIRECT] [Fatal Error] :1:1: Premature end of file.
2025-03-28 02:27:35,780 [ERROR] LogOutputStream:75 - [STDERR_REDIRECT] 
2025-03-28 02:27:36,784 [ERROR] LogOutputStream:75 - [STDERR_REDIRECT] [Fatal Error] :1:1: Premature end of file.
2025-03-28 02:27:36,784 [ERROR] LogOutputStream:75 - [STDERR_REDIRECT] 
2025-03-28 02:27:37,783 [ERROR] LogOutputStream:75 - [STDERR_REDIRECT] [Fatal Error] :1:1: Premature end of file.
2025-03-28 02:27:37,783 [ERROR] LogOutputStream:75 - [STDERR_REDIRECT] 
2025-03-28 02:27:38,786 [ERROR] LogOutputStream:75 - [STDERR_REDIRECT] [Fatal Error] :1:1: Premature end of file.
2025-03-28 02:27:38,786 [ERROR] LogOutputStream:75 - [STDERR_REDIRECT] 
2025-03-28 02:27:39,786 [ERROR] LogOutputStream:75 - [STDERR_REDIRECT] [Fatal Error] :1:1: Premature end of file.
2025-03-28 02:27:39,786 [ERROR] LogOutputStream:75 - [STDERR_REDIRECT] 
2025-03-28 02:27:40,786 [ERROR] LogOutputStream:75 - [STDERR_REDIRECT] [Fatal Error] :1:1: Premature end of file.
2025-03-28 02:27:40,786 [ERROR] LogOutputStream:75 - [STDERR_REDIRECT] 
2025-03-28 02:27:41,792 [ERROR] LogOutputStream:75 - [STDERR_REDIRECT] [Fatal Error] :1:1: Premature end of file.
2025-03-28 02:27:41,792 [ERROR] LogOutputStream:75 - [STDERR_REDIRECT] 
2025-03-28 02:27:42,793 [ERROR] LogOutputStream:75 - [STDERR_REDIRECT] [Fatal Error] :1:1: Premature end of file.
2025-03-28 02:27:42,793 [ERROR] LogOutputStream:75 - [STDERR_REDIRECT] 
2025-03-28 02:27:43,779 [ERROR] LogOutputStream:75 - [STDERR_REDIRECT] [Fatal Error] :1:1: Premature end of file.
2025-03-28 02:27:43,780 [ERROR] LogOutputStream:75 - [STDERR_REDIRECT] 
2025-03-28 02:27:44,784 [ERROR] LogOutputStream:75 - [STDERR_REDIRECT] [Fatal Error] :1:1: Premature end of file.
2025-03-28 02:27:44,784 [ERROR] LogOutputStream:75 - [STDERR_REDIRECT] 
2025-03-28 02:27:45,792 [ERROR] LogOutputStream:75 - [STDERR_REDIRECT] [Fatal Error] :1:1: Premature end of file.
2025-03-28 02:27:45,792 [ERROR] LogOutputStream:75 - [STDERR_REDIRECT] 
2025-03-28 02:27:46,792 [ERROR] LogOutputStream:75 - [STDERR_REDIRECT] [Fatal Error] :1:1: Premature end of file.
2025-03-28 02:27:46,792 [ERROR] LogOutputStream:75 - [STDERR_REDIRECT] 
2025-03-28 02:27:47,789 [ERROR] LogOutputStream:75 - [STDERR_REDIRECT] [Fatal Error] :1:1: Premature end of file.
2025-03-28 02:27:47,789 [ERROR] LogOutputStream:75 - [STDERR_REDIRECT] 
2025-03-28 02:27:48,795 [ERROR] LogOutputStream:75 - [STDERR_REDIRECT] [Fatal Error] :1:1: Premature end of file.
2025-03-28 02:27:48,795 [ERROR] LogOutputStream:75 - [STDERR_REDIRECT] 
2025-03-28 02:27:49,794 [ERROR] LogOutputStream:75 - [STDERR_REDIRECT] [Fatal Error] :1:1: Premature end of file.
2025-03-28 02:27:49,794 [ERROR] LogOutputStream:75 - [STDERR_REDIRECT] 
2025-03-28 02:27:50,785 [ERROR] LogOutputStream:75 - [STDERR_REDIRECT] [Fatal Error] :1:1: Premature end of file.
2025-03-28 02:27:50,785 [ERROR] LogOutputStream:75 - [STDERR_REDIRECT] 
2025-03-28 02:27:51,792 [ERROR] LogOutputStream:75 - [STDERR_REDIRECT] [Fatal Error] :1:1: Premature end of file.
2025-03-28 02:27:51,792 [ERROR] LogOutputStream:75 - [STDERR_REDIRECT] 
2025-03-28 02:27:52,794 [ERROR] LogOutputStream:75 - [STDERR_REDIRECT] [Fatal Error] :1:1: Premature end of file.
2025-03-28 02:27:52,795 [ERROR] LogOutputStream:75 - [STDERR_REDIRECT] 
2025-03-28 02:27:53,777 [ERROR] LogOutputStream:75 - [STDERR_REDIRECT] [Fatal Error] :1:1: Premature end of file.
2025-03-28 02:27:53,777 [ERROR] LogOutputStream:75 - [STDERR_REDIRECT] 
2025-03-28 02:27:54,794 [ERROR] LogOutputStream:75 - [STDERR_REDIRECT] [Fatal Error] :1:1: Premature end of file.
2025-03-28 02:27:54,794 [ERROR] LogOutputStream:75 - [STDERR_REDIRECT] 
2025-03-28 02:27:55,794 [ERROR] LogOutputStream:75 - [STDERR_REDIRECT] [Fatal Error] :1:1: Premature end of file.
2025-03-28 02:27:55,794 [ERROR] LogOutputStream:75 - [STDERR_REDIRECT] 
2025-03-28 02:27:56,775 [ERROR] LogOutputStream:75 - [STDERR_REDIRECT] [Fatal Error] :1:1: Premature end of file.
2025-03-28 02:27:56,775 [ERROR] LogOutputStream:75 - [STDERR_REDIRECT] 
2025-03-28 02:27:57,780 [ERROR] LogOutputStream:75 - [STDERR_REDIRECT] [Fatal Error] :1:1: Premature end of file.
2025-03-28 02:27:57,780 [ERROR] LogOutputStream:75 - [STDERR_REDIRECT] 
2025-03-28 02:27:58,791 [ERROR] LogOutputStream:75 - [STDERR_REDIRECT] [Fatal Error] :1:1: Premature end of file.
2025-03-28 02:27:58,791 [ERROR] LogOutputStream:75 - [STDERR_REDIRECT] 
2025-03-28 02:27:59,793 [ERROR] LogOutputStream:75 - [STDERR_REDIRECT] [Fatal Error] :1:1: Premature end of file.
2025-03-28 02:27:59,793 [ERROR] LogOutputStream:75 - [STDERR_REDIRECT] 
2025-03-28 02:28:00,781 [ERROR] LogOutputStream:75 - [STDERR_REDIRECT] [Fatal Error] :1:1: Premature end of file.
2025-03-28 02:28:00,781 [ERROR] LogOutputStream:75 - [STDERR_REDIRECT] 
2025-03-28 02:28:01,778 [ERROR] LogOutputStream:75 - [STDERR_REDIRECT] [Fatal Error] :1:1: Premature end of file.
2025-03-28 02:28:01,778 [ERROR] LogOutputStream:75 - [STDERR_REDIRECT] 
2025-03-28 02:28:02,782 [ERROR] LogOutputStream:75 - [STDERR_REDIRECT] [Fatal Error] :1:1: Premature end of file.
2025-03-28 02:28:02,782 [ERROR] LogOutputStream:75 - [STDERR_REDIRECT] 
2025-03-28 02:28:03,782 [ERROR] LogOutputStream:75 - [STDERR_REDIRECT] [Fatal Error] :1:1: Premature end of file.
2025-03-28 02:28:03,782 [ERROR] LogOutputStream:75 - [STDERR_REDIRECT] 
2025-03-28 02:28:04,780 [ERROR] LogOutputStream:75 - [STDERR_REDIRECT] [Fatal Error] :1:1: Premature end of file.
2025-03-28 02:28:04,780 [ERROR] LogOutputStream:75 - [STDERR_REDIRECT] 
2025-03-28 02:28:05,784 [ERROR] LogOutputStream:75 - [STDERR_REDIRECT] [Fatal Error] :1:1: Premature end of file.
2025-03-28 02:28:05,784 [ERROR] LogOutputStream:75 - [STDERR_REDIRECT] 
2025-03-28 02:28:06,788 [ERROR] LogOutputStream:75 - [STDERR_REDIRECT] [Fatal Error] :1:1: Premature end of file.
2025-03-28 02:28:06,788 [ERROR] LogOutputStream:75 - [STDERR_REDIRECT] 
2025-03-28 02:28:07,785 [ERROR] LogOutputStream:75 - [STDERR_REDIRECT] [Fatal Error] :1:1: Premature end of file.
2025-03-28 02:28:07,785 [ERROR] LogOutputStream:75 - [STDERR_REDIRECT] 
2025-03-28 02:28:08,784 [ERROR] LogOutputStream:75 - [STDERR_REDIRECT] [Fatal Error] :1:1: Premature end of file.
2025-03-28 02:28:08,784 [ERROR] LogOutputStream:75 - [STDERR_REDIRECT] 
2025-03-28 02:28:09,792 [ERROR] LogOutputStream:75 - [STDERR_REDIRECT] [Fatal Error] :1:1: Premature end of file.
2025-03-28 02:28:09,792 [ERROR] LogOutputStream:75 - [STDERR_REDIRECT] 
2025-03-28 02:28:10,791 [ERROR] LogOutputStream:75 - [STDERR_REDIRECT] [Fatal Error] :1:1: Premature end of file.
2025-03-28 02:28:10,792 [ERROR] LogOutputStream:75 - [STDERR_REDIRECT] 
2025-03-28 02:28:11,798 [ERROR] LogOutputStream:75 - [STDERR_REDIRECT] [Fatal Error] :1:1: Premature end of file.
2025-03-28 02:28:11,798 [ERROR] LogOutputStream:75 - [STDERR_REDIRECT] 
2025-03-28 02:28:12,790 [ERROR] LogOutputStream:75 - [STDERR_REDIRECT] [Fatal Error] :1:1: Premature end of file.
2025-03-28 02:28:12,790 [ERROR] LogOutputStream:75 - [STDERR_REDIRECT] 
2025-03-28 02:28:13,791 [ERROR] LogOutputStream:75 - [STDERR_REDIRECT] [Fatal Error] :1:1: Premature end of file.
2025-03-28 02:28:13,793 [ERROR] LogOutputStream:75 - [STDERR_REDIRECT] 
2025-03-28 02:28:14,788 [ERROR] LogOutputStream:75 - [STDERR_REDIRECT] [Fatal Error] :1:1: Premature end of file.
2025-03-28 02:28:14,788 [ERROR] LogOutputStream:75 - [STDERR_REDIRECT] 
2025-03-28 02:28:15,786 [ERROR] LogOutputStream:75 - [STDERR_REDIRECT] [Fatal Error] :1:1: Premature end of file.
2025-03-28 02:28:15,786 [ERROR] LogOutputStream:75 - [STDERR_REDIRECT] 
2025-03-28 02:28:16,789 [ERROR] LogOutputStream:75 - [STDERR_REDIRECT] [Fatal Error] :1:1: Premature end of file.
2025-03-28 02:28:16,789 [ERROR] LogOutputStream:75 - [STDERR_REDIRECT] 
2025-03-28 02:28:17,780 [ERROR] LogOutputStream:75 - [STDERR_REDIRECT] [Fatal Error] :1:1: Premature end of file.
2025-03-28 02:28:17,781 [ERROR] LogOutputStream:75 - [STDERR_REDIRECT] 
2025-03-28 02:28:18,786 [ERROR] LogOutputStream:75 - [STDERR_REDIRECT] [Fatal Error] :1:1: Premature end of file.
2025-03-28 02:28:18,786 [ERROR] LogOutputStream:75 - [STDERR_REDIRECT] 
2025-03-28 02:28:19,787 [ERROR] LogOutputStream:75 - [STDERR_REDIRECT] [Fatal Error] :1:1: Premature end of file.
2025-03-28 02:28:19,787 [ERROR] LogOutputStream:75 - [STDERR_REDIRECT] 
2025-03-28 02:28:20,780 [ERROR] LogOutputStream:75 - [STDERR_REDIRECT] [Fatal Error] :1:1: Premature end of file.
2025-03-28 02:28:20,780 [ERROR] LogOutputStream:75 - [STDERR_REDIRECT] 
2025-03-28 02:28:21,801 [ERROR] LogOutputStream:75 - [STDERR_REDIRECT] [Fatal Error] :1:1: Premature end of file.
2025-03-28 02:28:21,801 [ERROR] LogOutputStream:75 - [STDERR_REDIRECT] 
2025-03-28 02:28:22,797 [ERROR] LogOutputStream:75 - [STDERR_REDIRECT] [Fatal Error] :1:1: Premature end of file.
2025-03-28 02:28:22,797 [ERROR] LogOutputStream:75 - [STDERR_REDIRECT] 
2025-03-28 02:28:23,796 [ERROR] LogOutputStream:75 - [STDERR_REDIRECT] [Fatal Error] :1:1: Premature end of file.
2025-03-28 02:28:23,796 [ERROR] LogOutputStream:75 - [STDERR_REDIRECT] 
2025-03-28 02:28:24,780 [ERROR] LogOutputStream:75 - [STDERR_REDIRECT] [Fatal Error] :1:1: Premature end of file.
2025-03-28 02:28:24,780 [ERROR] LogOutputStream:75 - [STDERR_REDIRECT] 
2025-03-28 02:28:25,785 [ERROR] LogOutputStream:75 - [STDERR_REDIRECT] [Fatal Error] :1:1: Premature end of file.
2025-03-28 02:28:25,785 [ERROR] LogOutputStream:75 - [STDERR_REDIRECT] 
2025-03-28 02:28:26,783 [ERROR] LogOutputStream:75 - [STDERR_REDIRECT] [Fatal Error] :1:1: Premature end of file.
2025-03-28 02:28:26,783 [ERROR] LogOutputStream:75 - [STDERR_REDIRECT] 
2025-03-28 02:28:27,786 [ERROR] LogOutputStream:75 - [STDERR_REDIRECT] [Fatal Error] :1:1: Premature end of file.
2025-03-28 02:28:27,786 [ERROR] LogOutputStream:75 - [STDERR_REDIRECT] 
2025-03-28 02:28:28,782 [ERROR] LogOutputStream:75 - [STDERR_REDIRECT] [Fatal Error] :1:1: Premature end of file.
2025-03-28 02:28:28,782 [ERROR] LogOutputStream:75 - [STDERR_REDIRECT] 
2025-03-28 02:28:29,795 [ERROR] LogOutputStream:75 - [STDERR_REDIRECT] [Fatal Error] :1:1: Premature end of file.
2025-03-28 02:28:29,795 [ERROR] LogOutputStream:75 - [STDERR_REDIRECT] 
2025-03-28 02:28:30,776 [ERROR] LogOutputStream:75 - [STDERR_REDIRECT] [Fatal Error] :1:1: Premature end of file.
2025-03-28 02:28:30,776 [ERROR] LogOutputStream:75 - [STDERR_REDIRECT] 
2025-03-28 02:28:31,795 [ERROR] LogOutputStream:75 - [STDERR_REDIRECT] [Fatal Error] :1:1: Premature end of file.
2025-03-28 02:28:31,795 [ERROR] LogOutputStream:75 - [STDERR_REDIRECT] 
2025-03-28 02:28:32,777 [ERROR] LogOutputStream:75 - [STDERR_REDIRECT] [Fatal Error] :1:1: Premature end of file.
2025-03-28 02:28:32,777 [ERROR] LogOutputStream:75 - [STDERR_REDIRECT] 
2025-03-28 02:28:33,795 [ERROR] LogOutputStream:75 - [STDERR_REDIRECT] [Fatal Error] :1:1: Premature end of file.
2025-03-28 02:28:33,795 [ERROR] LogOutputStream:75 - [STDERR_REDIRECT] 
2025-03-28 02:28:34,791 [ERROR] LogOutputStream:75 - [STDERR_REDIRECT] [Fatal Error] :1:1: Premature end of file.
2025-03-28 02:28:34,791 [ERROR] LogOutputStream:75 - [STDERR_REDIRECT] 
2025-03-28 02:28:35,777 [ERROR] LogOutputStream:75 - [STDERR_REDIRECT] [Fatal Error] :1:1: Premature end of file.
2025-03-28 02:28:35,777 [ERROR] LogOutputStream:75 - [STDERR_REDIRECT] 
2025-03-28 02:28:36,794 [ERROR] LogOutputStream:75 - [STDERR_REDIRECT] [Fatal Error] :1:1: Premature end of file.
2025-03-28 02:28:36,795 [ERROR] LogOutputStream:75 - [STDERR_REDIRECT] 
2025-03-28 02:28:37,782 [ERROR] LogOutputStream:75 - [STDERR_REDIRECT] [Fatal Error] :1:1: Premature end of file.
2025-03-28 02:28:37,782 [ERROR] LogOutputStream:75 - [STDERR_REDIRECT] 
2025-03-28 02:28:38,799 [ERROR] LogOutputStream:75 - [STDERR_REDIRECT] [Fatal Error] :1:1: Premature end of file.
2025-03-28 02:28:38,799 [ERROR] LogOutputStream:75 - [STDERR_REDIRECT] 
2025-03-28 02:28:39,793 [ERROR] LogOutputStream:75 - [STDERR_REDIRECT] [Fatal Error] :1:1: Premature end of file.
2025-03-28 02:28:39,793 [ERROR] LogOutputStream:75 - [STDERR_REDIRECT] 
2025-03-28 02:28:40,789 [ERROR] LogOutputStream:75 - [STDERR_REDIRECT] [Fatal Error] :1:1: Premature end of file.
2025-03-28 02:28:40,790 [ERROR] LogOutputStream:75 - [STDERR_REDIRECT] 
2025-03-28 02:28:41,784 [ERROR] LogOutputStream:75 - [STDERR_REDIRECT] [Fatal Error] :1:1: Premature end of file.
2025-03-28 02:28:41,784 [ERROR] LogOutputStream:75 - [STDERR_REDIRECT] 
2025-03-28 02:28:42,787 [ERROR] LogOutputStream:75 - [STDERR_REDIRECT] [Fatal Error] :1:1: Premature end of file.
2025-03-28 02:28:42,787 [ERROR] LogOutputStream:75 - [STDERR_REDIRECT] 
2025-03-28 02:28:43,776 [ERROR] LogOutputStream:75 - [STDERR_REDIRECT] [Fatal Error] :1:1: Premature end of file.
2025-03-28 02:28:43,778 [ERROR] LogOutputStream:75 - [STDERR_REDIRECT] 
2025-03-28 02:28:44,795 [ERROR] LogOutputStream:75 - [STDERR_REDIRECT] [Fatal Error] :1:1: Premature end of file.
2025-03-28 02:28:44,795 [ERROR] LogOutputStream:75 - [STDERR_REDIRECT] 
2025-03-28 02:28:45,787 [ERROR] LogOutputStream:75 - [STDERR_REDIRECT] [Fatal Error] :1:1: Premature end of file.
2025-03-28 02:28:45,787 [ERROR] LogOutputStream:75 - [STDERR_REDIRECT] 
2025-03-28 02:28:46,781 [ERROR] LogOutputStream:75 - [STDERR_REDIRECT] [Fatal Error] :1:1: Premature end of file.
2025-03-28 02:28:46,781 [ERROR] LogOutputStream:75 - [STDERR_REDIRECT] 
2025-03-28 02:28:47,789 [ERROR] LogOutputStream:75 - [STDERR_REDIRECT] [Fatal Error] :1:1: Premature end of file.
2025-03-28 02:28:47,789 [ERROR] LogOutputStream:75 - [STDERR_REDIRECT] 
2025-03-28 02:28:48,798 [ERROR] LogOutputStream:75 - [STDERR_REDIRECT] [Fatal Error] :1:1: Premature end of file.
2025-03-28 02:28:48,798 [ERROR] LogOutputStream:75 - [STDERR_REDIRECT] 
2025-03-28 02:28:49,779 [ERROR] LogOutputStream:75 - [STDERR_REDIRECT] [Fatal Error] :1:1: Premature end of file.
2025-03-28 02:28:49,779 [ERROR] LogOutputStream:75 - [STDERR_REDIRECT] 
2025-03-28 02:28:50,792 [ERROR] LogOutputStream:75 - [STDERR_REDIRECT] [Fatal Error] :1:1: Premature end of file.
2025-03-28 02:28:50,792 [ERROR] LogOutputStream:75 - [STDERR_REDIRECT] 
2025-03-28 02:28:51,782 [ERROR] LogOutputStream:75 - [STDERR_REDIRECT] [Fatal Error] :1:1: Premature end of file.
2025-03-28 02:28:51,783 [ERROR] LogOutputStream:75 - [STDERR_REDIRECT] 
2025-03-28 02:28:52,783 [ERROR] LogOutputStream:75 - [STDERR_REDIRECT] [Fatal Error] :1:1: Premature end of file.
2025-03-28 02:28:52,783 [ERROR] LogOutputStream:75 - [STDERR_REDIRECT] 
2025-03-28 02:28:53,788 [ERROR] LogOutputStream:75 - [STDERR_REDIRECT] [Fatal Error] :1:1: Premature end of file.
2025-03-28 02:28:53,788 [ERROR] LogOutputStream:75 - [STDERR_REDIRECT] 
2025-03-28 02:28:54,794 [ERROR] LogOutputStream:75 - [STDERR_REDIRECT] [Fatal Error] :1:1: Premature end of file.
2025-03-28 02:28:54,794 [ERROR] LogOutputStream:75 - [STDERR_REDIRECT] 
2025-03-28 02:28:55,795 [ERROR] LogOutputStream:75 - [STDERR_REDIRECT] [Fatal Error] :1:1: Premature end of file.
2025-03-28 02:28:55,795 [ERROR] LogOutputStream:75 - [STDERR_REDIRECT] 
2025-03-28 02:28:56,786 [ERROR] LogOutputStream:75 - [STDERR_REDIRECT] [Fatal Error] :1:1: Premature end of file.
2025-03-28 02:28:56,786 [ERROR] LogOutputStream:75 - [STDERR_REDIRECT] 
2025-03-28 02:28:57,782 [ERROR] LogOutputStream:75 - [STDERR_REDIRECT] [Fatal Error] :1:1: Premature end of file.
2025-03-28 02:28:57,782 [ERROR] LogOutputStream:75 - [STDERR_REDIRECT] 
2025-03-28 02:28:58,794 [ERROR] LogOutputStream:75 - [STDERR_REDIRECT] [Fatal Error] :1:1: Premature end of file.
2025-03-28 02:28:58,795 [ERROR] LogOutputStream:75 - [STDERR_REDIRECT] 
2025-03-28 02:28:59,782 [ERROR] LogOutputStream:75 - [STDERR_REDIRECT] [Fatal Error] :1:1: Premature end of file.
2025-03-28 02:28:59,782 [ERROR] LogOutputStream:75 - [STDERR_REDIRECT] 
2025-03-28 02:29:00,789 [ERROR] LogOutputStream:75 - [STDERR_REDIRECT] [Fatal Error] :1:1: Premature end of file.
2025-03-28 02:29:00,789 [ERROR] LogOutputStream:75 - [STDERR_REDIRECT] 
2025-03-28 02:29:01,786 [ERROR] LogOutputStream:75 - [STDERR_REDIRECT] [Fatal Error] :1:1: Premature end of file.
2025-03-28 02:29:01,786 [ERROR] LogOutputStream:75 - [STDERR_REDIRECT] 
2025-03-28 02:29:02,779 [ERROR] LogOutputStream:75 - [STDERR_REDIRECT] [Fatal Error] :1:1: Premature end of file.
2025-03-28 02:29:02,779 [ERROR] LogOutputStream:75 - [STDERR_REDIRECT] 
2025-03-28 02:29:03,789 [ERROR] LogOutputStream:75 - [STDERR_REDIRECT] [Fatal Error] :1:1: Premature end of file.
2025-03-28 02:29:03,789 [ERROR] LogOutputStream:75 - [STDERR_REDIRECT] 
2025-03-28 02:29:04,785 [ERROR] LogOutputStream:75 - [STDERR_REDIRECT] [Fatal Error] :1:1: Premature end of file.
2025-03-28 02:29:04,785 [ERROR] LogOutputStream:75 - [STDERR_REDIRECT] 
2025-03-28 02:29:05,790 [ERROR] LogOutputStream:75 - [STDERR_REDIRECT] [Fatal Error] :1:1: Premature end of file.
2025-03-28 02:29:05,790 [ERROR] LogOutputStream:75 - [STDERR_REDIRECT] 
2025-03-28 02:29:06,789 [ERROR] LogOutputStream:75 - [STDERR_REDIRECT] [Fatal Error] :1:1: Premature end of file.
2025-03-28 02:29:06,789 [ERROR] LogOutputStream:75 - [STDERR_REDIRECT] 
2025-03-28 02:29:07,777 [ERROR] LogOutputStream:75 - [STDERR_REDIRECT] [Fatal Error] :1:1: Premature end of file.
2025-03-28 02:29:07,777 [ERROR] LogOutputStream:75 - [STDERR_REDIRECT] 
2025-03-28 02:29:08,803 [ERROR] LogOutputStream:75 - [STDERR_REDIRECT] [Fatal Error] :1:1: Premature end of file.
2025-03-28 02:29:08,803 [ERROR] LogOutputStream:75 - [STDERR_REDIRECT] 
2025-03-28 02:29:09,787 [ERROR] LogOutputStream:75 - [STDERR_REDIRECT] [Fatal Error] :1:1: Premature end of file.
2025-03-28 02:29:09,787 [ERROR] LogOutputStream:75 - [STDERR_REDIRECT] 
2025-03-28 02:29:10,791 [ERROR] LogOutputStream:75 - [STDERR_REDIRECT] [Fatal Error] :1:1: Premature end of file.
2025-03-28 02:29:10,791 [ERROR] LogOutputStream:75 - [STDERR_REDIRECT] 
2025-03-28 02:29:11,786 [ERROR] LogOutputStream:75 - [STDERR_REDIRECT] [Fatal Error] :1:1: Premature end of file.
2025-03-28 02:29:11,786 [ERROR] LogOutputStream:75 - [STDERR_REDIRECT] 
2025-03-28 02:29:12,789 [ERROR] LogOutputStream:75 - [STDERR_REDIRECT] [Fatal Error] :1:1: Premature end of file.
2025-03-28 02:29:12,789 [ERROR] LogOutputStream:75 - [STDERR_REDIRECT] 
2025-03-28 02:29:13,780 [ERROR] LogOutputStream:75 - [STDERR_REDIRECT] [Fatal Error] :1:1: Premature end of file.
2025-03-28 02:29:13,780 [ERROR] LogOutputStream:75 - [STDERR_REDIRECT] 
2025-03-28 02:29:14,779 [ERROR] LogOutputStream:75 - [STDERR_REDIRECT] [Fatal Error] :1:1: Premature end of file.
2025-03-28 02:29:14,779 [ERROR] LogOutputStream:75 - [STDERR_REDIRECT] 
2025-03-28 02:29:15,788 [ERROR] LogOutputStream:75 - [STDERR_REDIRECT] [Fatal Error] :1:1: Premature end of file.
2025-03-28 02:29:15,788 [ERROR] LogOutputStream:75 - [STDERR_REDIRECT] 
2025-03-28 02:29:16,778 [ERROR] LogOutputStream:75 - [STDERR_REDIRECT] [Fatal Error] :1:1: Premature end of file.
2025-03-28 02:29:16,778 [ERROR] LogOutputStream:75 - [STDERR_REDIRECT] 
2025-03-28 02:29:17,792 [ERROR] LogOutputStream:75 - [STDERR_REDIRECT] [Fatal Error] :1:1: Premature end of file.
2025-03-28 02:29:17,792 [ERROR] LogOutputStream:75 - [STDERR_REDIRECT] 
2025-03-28 02:29:18,788 [ERROR] LogOutputStream:75 - [STDERR_REDIRECT] [Fatal Error] :1:1: Premature end of file.
2025-03-28 02:29:18,788 [ERROR] LogOutputStream:75 - [STDERR_REDIRECT] 
2025-03-28 02:29:19,783 [ERROR] LogOutputStream:75 - [STDERR_REDIRECT] [Fatal Error] :1:1: Premature end of file.
2025-03-28 02:29:19,783 [ERROR] LogOutputStream:75 - [STDERR_REDIRECT] 
2025-03-28 02:29:20,792 [ERROR] LogOutputStream:75 - [STDERR_REDIRECT] [Fatal Error] :1:1: Premature end of file.
2025-03-28 02:29:20,792 [ERROR] LogOutputStream:75 - [STDERR_REDIRECT] 
2025-03-28 02:29:21,789 [ERROR] LogOutputStream:75 - [STDERR_REDIRECT] [Fatal Error] :1:1: Premature end of file.
2025-03-28 02:29:21,789 [ERROR] LogOutputStream:75 - [STDERR_REDIRECT] 
2025-03-28 02:29:22,794 [ERROR] LogOutputStream:75 - [STDERR_REDIRECT] [Fatal Error] :1:1: Premature end of file.
2025-03-28 02:29:22,794 [ERROR] LogOutputStream:75 - [STDERR_REDIRECT] 
2025-03-28 02:29:23,781 [ERROR] LogOutputStream:75 - [STDERR_REDIRECT] [Fatal Error] :1:1: Premature end of file.
2025-03-28 02:29:23,781 [ERROR] LogOutputStream:75 - [STDERR_REDIRECT] 
2025-03-28 02:29:24,788 [ERROR] LogOutputStream:75 - [STDERR_REDIRECT] [Fatal Error] :1:1: Premature end of file.
2025-03-28 02:29:24,788 [ERROR] LogOutputStream:75 - [STDERR_REDIRECT] 
2025-03-28 02:29:25,792 [ERROR] LogOutputStream:75 - [STDERR_REDIRECT] [Fatal Error] :1:1: Premature end of file.
2025-03-28 02:29:25,792 [ERROR] LogOutputStream:75 - [STDERR_REDIRECT] 
2025-03-28 02:29:26,783 [ERROR] LogOutputStream:75 - [STDERR_REDIRECT] [Fatal Error] :1:1: Premature end of file.
2025-03-28 02:29:26,783 [ERROR] LogOutputStream:75 - [STDERR_REDIRECT] 
2025-03-28 02:29:27,782 [ERROR] LogOutputStream:75 - [STDERR_REDIRECT] [Fatal Error] :1:1: Premature end of file.
2025-03-28 02:29:27,782 [ERROR] LogOutputStream:75 - [STDERR_REDIRECT] 
2025-03-28 02:29:28,793 [ERROR] LogOutputStream:75 - [STDERR_REDIRECT] [Fatal Error] :1:1: Premature end of file.
2025-03-28 02:29:28,793 [ERROR] LogOutputStream:75 - [STDERR_REDIRECT] 
2025-03-28 02:29:29,789 [ERROR] LogOutputStream:75 - [STDERR_REDIRECT] [Fatal Error] :1:1: Premature end of file.
2025-03-28 02:29:29,790 [ERROR] LogOutputStream:75 - [STDERR_REDIRECT] 
2025-03-28 02:29:30,778 [ERROR] LogOutputStream:75 - [STDERR_REDIRECT] [Fatal Error] :1:1: Premature end of file.
2025-03-28 02:29:30,778 [ERROR] LogOutputStream:75 - [STDERR_REDIRECT] 
2025-03-28 02:29:31,795 [ERROR] LogOutputStream:75 - [STDERR_REDIRECT] [Fatal Error] :1:1: Premature end of file.
2025-03-28 02:29:31,795 [ERROR] LogOutputStream:75 - [STDERR_REDIRECT] 
2025-03-28 02:29:32,786 [ERROR] LogOutputStream:75 - [STDERR_REDIRECT] [Fatal Error] :1:1: Premature end of file.
2025-03-28 02:29:32,786 [ERROR] LogOutputStream:75 - [STDERR_REDIRECT] 
2025-03-28 02:29:33,786 [ERROR] LogOutputStream:75 - [STDERR_REDIRECT] [Fatal Error] :1:1: Premature end of file.
2025-03-28 02:29:33,787 [ERROR] LogOutputStream:75 - [STDERR_REDIRECT] 
2025-03-28 02:29:34,791 [ERROR] LogOutputStream:75 - [STDERR_REDIRECT] [Fatal Error] :1:1: Premature end of file.
2025-03-28 02:29:34,791 [ERROR] LogOutputStream:75 - [STDERR_REDIRECT] 
2025-03-28 02:29:35,780 [ERROR] LogOutputStream:75 - [STDERR_REDIRECT] [Fatal Error] :1:1: Premature end of file.
2025-03-28 02:29:35,780 [ERROR] LogOutputStream:75 - [STDERR_REDIRECT] 
2025-03-28 02:29:36,807 [ERROR] LogOutputStream:75 - [STDERR_REDIRECT] [Fatal Error] :1:1: Premature end of file.
2025-03-28 02:29:36,807 [ERROR] LogOutputStream:75 - [STDERR_REDIRECT] 
2025-03-28 02:29:37,780 [ERROR] LogOutputStream:75 - [STDERR_REDIRECT] [Fatal Error] :1:1: Premature end of file.
2025-03-28 02:29:37,780 [ERROR] LogOutputStream:75 - [STDERR_REDIRECT] 
2025-03-28 02:29:38,782 [ERROR] LogOutputStream:75 - [STDERR_REDIRECT] [Fatal Error] :1:1: Premature end of file.
2025-03-28 02:29:38,782 [ERROR] LogOutputStream:75 - [STDERR_REDIRECT] 
2025-03-28 02:29:39,786 [ERROR] LogOutputStream:75 - [STDERR_REDIRECT] [Fatal Error] :1:1: Premature end of file.
2025-03-28 02:29:39,786 [ERROR] LogOutputStream:75 - [STDERR_REDIRECT] 
2025-03-28 02:29:40,792 [ERROR] LogOutputStream:75 - [STDERR_REDIRECT] [Fatal Error] :1:1: Premature end of file.
2025-03-28 02:29:40,792 [ERROR] LogOutputStream:75 - [STDERR_REDIRECT] 
2025-03-28 02:29:41,798 [ERROR] LogOutputStream:75 - [STDERR_REDIRECT] [Fatal Error] :1:1: Premature end of file.
2025-03-28 02:29:41,798 [ERROR] LogOutputStream:75 - [STDERR_REDIRECT] 
2025-03-28 02:29:42,794 [ERROR] LogOutputStream:75 - [STDERR_REDIRECT] [Fatal Error] :1:1: Premature end of file.
2025-03-28 02:29:42,795 [ERROR] LogOutputStream:75 - [STDERR_REDIRECT] 
2025-03-28 02:29:43,788 [ERROR] LogOutputStream:75 - [STDERR_REDIRECT] [Fatal Error] :1:1: Premature end of file.
2025-03-28 02:29:43,789 [ERROR] LogOutputStream:75 - [STDERR_REDIRECT] 
2025-03-28 02:29:44,789 [ERROR] LogOutputStream:75 - [STDERR_REDIRECT] [Fatal Error] :1:1: Premature end of file.
2025-03-28 02:29:44,789 [ERROR] LogOutputStream:75 - [STDERR_REDIRECT] 
2025-03-28 02:29:45,779 [ERROR] LogOutputStream:75 - [STDERR_REDIRECT] [Fatal Error] :1:1: Premature end of file.
2025-03-28 02:29:45,780 [ERROR] LogOutputStream:75 - [STDERR_REDIRECT] 
2025-03-28 02:29:46,804 [ERROR] LogOutputStream:75 - [STDERR_REDIRECT] [Fatal Error] :1:1: Premature end of file.
2025-03-28 02:29:46,804 [ERROR] LogOutputStream:75 - [STDERR_REDIRECT] 
2025-03-28 02:29:47,786 [ERROR] LogOutputStream:75 - [STDERR_REDIRECT] [Fatal Error] :1:1: Premature end of file.
2025-03-28 02:29:47,786 [ERROR] LogOutputStream:75 - [STDERR_REDIRECT] 
2025-03-28 02:29:48,777 [ERROR] LogOutputStream:75 - [STDERR_REDIRECT] [Fatal Error] :1:1: Premature end of file.
2025-03-28 02:29:48,777 [ERROR] LogOutputStream:75 - [STDERR_REDIRECT] 
2025-03-28 02:29:49,791 [ERROR] LogOutputStream:75 - [STDERR_REDIRECT] [Fatal Error] :1:1: Premature end of file.
2025-03-28 02:29:49,791 [ERROR] LogOutputStream:75 - [STDERR_REDIRECT] 
2025-03-28 02:29:50,780 [ERROR] LogOutputStream:75 - [STDERR_REDIRECT] [Fatal Error] :1:1: Premature end of file.
2025-03-28 02:29:50,780 [ERROR] LogOutputStream:75 - [STDERR_REDIRECT] 
2025-03-28 02:29:51,790 [ERROR] LogOutputStream:75 - [STDERR_REDIRECT] [Fatal Error] :1:1: Premature end of file.
2025-03-28 02:29:51,790 [ERROR] LogOutputStream:75 - [STDERR_REDIRECT] 
2025-03-28 02:29:52,794 [ERROR] LogOutputStream:75 - [STDERR_REDIRECT] [Fatal Error] :1:1: Premature end of file.
2025-03-28 02:29:52,794 [ERROR] LogOutputStream:75 - [STDERR_REDIRECT] 
2025-03-28 02:29:53,781 [ERROR] LogOutputStream:75 - [STDERR_REDIRECT] [Fatal Error] :1:1: Premature end of file.
2025-03-28 02:29:53,781 [ERROR] LogOutputStream:75 - [STDERR_REDIRECT] 
2025-03-28 02:29:54,796 [ERROR] LogOutputStream:75 - [STDERR_REDIRECT] [Fatal Error] :1:1: Premature end of file.
2025-03-28 02:29:54,796 [ERROR] LogOutputStream:75 - [STDERR_REDIRECT] 
2025-03-28 02:29:55,793 [ERROR] LogOutputStream:75 - [STDERR_REDIRECT] [Fatal Error] :1:1: Premature end of file.
2025-03-28 02:29:55,793 [ERROR] LogOutputStream:75 - [STDERR_REDIRECT] 
2025-03-28 02:29:56,804 [ERROR] LogOutputStream:75 - [STDERR_REDIRECT] [Fatal Error] :1:1: Premature end of file.
2025-03-28 02:29:56,804 [ERROR] LogOutputStream:75 - [STDERR_REDIRECT] 
2025-03-28 02:29:57,787 [ERROR] LogOutputStream:75 - [STDERR_REDIRECT] [Fatal Error] :1:1: Premature end of file.
2025-03-28 02:29:57,788 [ERROR] LogOutputStream:75 - [STDERR_REDIRECT] 
2025-03-28 02:29:58,777 [ERROR] LogOutputStream:75 - [STDERR_REDIRECT] [Fatal Error] :1:1: Premature end of file.
2025-03-28 02:29:58,777 [ERROR] LogOutputStream:75 - [STDERR_REDIRECT] 
2025-03-28 02:29:59,796 [ERROR] LogOutputStream:75 - [STDERR_REDIRECT] [Fatal Error] :1:1: Premature end of file.
2025-03-28 02:29:59,796 [ERROR] LogOutputStream:75 - [STDERR_REDIRECT] 
2025-03-28 02:30:00,792 [ERROR] LogOutputStream:75 - [STDERR_REDIRECT] [Fatal Error] :1:1: Premature end of file.
2025-03-28 02:30:00,792 [ERROR] LogOutputStream:75 - [STDERR_REDIRECT] 
2025-03-28 02:30:01,788 [ERROR] LogOutputStream:75 - [STDERR_REDIRECT] [Fatal Error] :1:1: Premature end of file.
2025-03-28 02:30:01,788 [ERROR] LogOutputStream:75 - [STDERR_REDIRECT] 
2025-03-28 02:30:02,791 [ERROR] LogOutputStream:75 - [STDERR_REDIRECT] [Fatal Error] :1:1: Premature end of file.
2025-03-28 02:30:02,791 [ERROR] LogOutputStream:75 - [STDERR_REDIRECT] 
2025-03-28 02:30:03,783 [ERROR] LogOutputStream:75 - [STDERR_REDIRECT] [Fatal Error] :1:1: Premature end of file.
2025-03-28 02:30:03,783 [ERROR] LogOutputStream:75 - [STDERR_REDIRECT] 
2025-03-28 02:30:04,790 [ERROR] LogOutputStream:75 - [STDERR_REDIRECT] [Fatal Error] :1:1: Premature end of file.
2025-03-28 02:30:04,790 [ERROR] LogOutputStream:75 - [STDERR_REDIRECT] 
2025-03-28 02:30:05,786 [ERROR] LogOutputStream:75 - [STDERR_REDIRECT] [Fatal Error] :1:1: Premature end of file.
2025-03-28 02:30:05,786 [ERROR] LogOutputStream:75 - [STDERR_REDIRECT] 
2025-03-28 02:30:06,784 [ERROR] LogOutputStream:75 - [STDERR_REDIRECT] [Fatal Error] :1:1: Premature end of file.
2025-03-28 02:30:06,784 [ERROR] LogOutputStream:75 - [STDERR_REDIRECT] 
2025-03-28 02:30:07,793 [ERROR] LogOutputStream:75 - [STDERR_REDIRECT] [Fatal Error] :1:1: Premature end of file.
2025-03-28 02:30:07,793 [ERROR] LogOutputStream:75 - [STDERR_REDIRECT] 
2025-03-28 02:30:08,782 [ERROR] LogOutputStream:75 - [STDERR_REDIRECT] [Fatal Error] :1:1: Premature end of file.
2025-03-28 02:30:08,782 [ERROR] LogOutputStream:75 - [STDERR_REDIRECT] 
2025-03-28 02:30:09,784 [ERROR] LogOutputStream:75 - [STDERR_REDIRECT] [Fatal Error] :1:1: Premature end of file.
2025-03-28 02:30:09,784 [ERROR] LogOutputStream:75 - [STDERR_REDIRECT] 
2025-03-28 02:30:10,788 [ERROR] LogOutputStream:75 - [STDERR_REDIRECT] [Fatal Error] :1:1: Premature end of file.
2025-03-28 02:30:10,788 [ERROR] LogOutputStream:75 - [STDERR_REDIRECT] 
2025-03-28 02:30:11,789 [ERROR] LogOutputStream:75 - [STDERR_REDIRECT] [Fatal Error] :1:1: Premature end of file.
2025-03-28 02:30:11,789 [ERROR] LogOutputStream:75 - [STDERR_REDIRECT] 
2025-03-28 02:30:12,776 [ERROR] LogOutputStream:75 - [STDERR_REDIRECT] [Fatal Error] :1:1: Premature end of file.
2025-03-28 02:30:12,777 [ERROR] LogOutputStream:75 - [STDERR_REDIRECT] 
2025-03-28 02:30:13,789 [ERROR] LogOutputStream:75 - [STDERR_REDIRECT] [Fatal Error] :1:1: Premature end of file.
2025-03-28 02:30:13,789 [ERROR] LogOutputStream:75 - [STDERR_REDIRECT] 
2025-03-28 02:30:14,790 [ERROR] LogOutputStream:75 - [STDERR_REDIRECT] [Fatal Error] :1:1: Premature end of file.
2025-03-28 02:30:14,790 [ERROR] LogOutputStream:75 - [STDERR_REDIRECT] 
2025-03-28 02:30:15,791 [ERROR] LogOutputStream:75 - [STDERR_REDIRECT] [Fatal Error] :1:1: Premature end of file.
2025-03-28 02:30:15,791 [ERROR] LogOutputStream:75 - [STDERR_REDIRECT] 
2025-03-28 02:30:16,784 [ERROR] LogOutputStream:75 - [STDERR_REDIRECT] [Fatal Error] :1:1: Premature end of file.
2025-03-28 02:30:16,784 [ERROR] LogOutputStream:75 - [STDERR_REDIRECT] 
2025-03-28 02:30:17,797 [ERROR] LogOutputStream:75 - [STDERR_REDIRECT] [Fatal Error] :1:1: Premature end of file.
2025-03-28 02:30:17,797 [ERROR] LogOutputStream:75 - [STDERR_REDIRECT] 
2025-03-28 02:30:18,777 [ERROR] LogOutputStream:75 - [STDERR_REDIRECT] [Fatal Error] :1:1: Premature end of file.
2025-03-28 02:30:18,778 [ERROR] LogOutputStream:75 - [STDERR_REDIRECT] 
2025-03-28 02:30:19,787 [ERROR] LogOutputStream:75 - [STDERR_REDIRECT] [Fatal Error] :1:1: Premature end of file.
2025-03-28 02:30:19,787 [ERROR] LogOutputStream:75 - [STDERR_REDIRECT] 
2025-03-28 02:30:20,791 [ERROR] LogOutputStream:75 - [STDERR_REDIRECT] [Fatal Error] :1:1: Premature end of file.
2025-03-28 02:30:20,792 [ERROR] LogOutputStream:75 - [STDERR_REDIRECT] 
2025-03-28 02:30:21,783 [ERROR] LogOutputStream:75 - [STDERR_REDIRECT] [Fatal Error] :1:1: Premature end of file.
2025-03-28 02:30:21,783 [ERROR] LogOutputStream:75 - [STDERR_REDIRECT] 
2025-03-28 02:30:22,778 [ERROR] LogOutputStream:75 - [STDERR_REDIRECT] [Fatal Error] :1:1: Premature end of file.
2025-03-28 02:30:22,778 [ERROR] LogOutputStream:75 - [STDERR_REDIRECT] 
2025-03-28 02:30:23,788 [ERROR] LogOutputStream:75 - [STDERR_REDIRECT] [Fatal Error] :1:1: Premature end of file.
2025-03-28 02:30:23,788 [ERROR] LogOutputStream:75 - [STDERR_REDIRECT] 
2025-03-28 02:30:24,781 [ERROR] LogOutputStream:75 - [STDERR_REDIRECT] [Fatal Error] :1:1: Premature end of file.
2025-03-28 02:30:24,781 [ERROR] LogOutputStream:75 - [STDERR_REDIRECT] 
2025-03-28 02:30:25,788 [ERROR] LogOutputStream:75 - [STDERR_REDIRECT] [Fatal Error] :1:1: Premature end of file.
2025-03-28 02:30:25,788 [ERROR] LogOutputStream:75 - [STDERR_REDIRECT] 
2025-03-28 02:30:26,806 [ERROR] LogOutputStream:75 - [STDERR_REDIRECT] [Fatal Error] :1:1: Premature end of file.
2025-03-28 02:30:26,806 [ERROR] LogOutputStream:75 - [STDERR_REDIRECT] 
2025-03-28 02:30:27,792 [ERROR] LogOutputStream:75 - [STDERR_REDIRECT] [Fatal Error] :1:1: Premature end of file.
2025-03-28 02:30:27,792 [ERROR] LogOutputStream:75 - [STDERR_REDIRECT] 
2025-03-28 02:30:28,791 [ERROR] LogOutputStream:75 - [STDERR_REDIRECT] [Fatal Error] :1:1: Premature end of file.
2025-03-28 02:30:28,791 [ERROR] LogOutputStream:75 - [STDERR_REDIRECT] 
2025-03-28 02:30:29,792 [ERROR] LogOutputStream:75 - [STDERR_REDIRECT] [Fatal Error] :1:1: Premature end of file.
2025-03-28 02:30:29,792 [ERROR] LogOutputStream:75 - [STDERR_REDIRECT] 
2025-03-28 02:30:30,800 [ERROR] LogOutputStream:75 - [STDERR_REDIRECT] [Fatal Error] :1:1: Premature end of file.
2025-03-28 02:30:30,800 [ERROR] LogOutputStream:75 - [STDERR_REDIRECT] 
2025-03-28 02:30:31,795 [ERROR] LogOutputStream:75 - [STDERR_REDIRECT] [Fatal Error] :1:1: Premature end of file.
2025-03-28 02:30:31,795 [ERROR] LogOutputStream:75 - [STDERR_REDIRECT] 
2025-03-28 02:30:32,795 [ERROR] LogOutputStream:75 - [STDERR_REDIRECT] [Fatal Error] :1:1: Premature end of file.
2025-03-28 02:30:32,795 [ERROR] LogOutputStream:75 - [STDERR_REDIRECT] 
2025-03-28 02:30:33,793 [ERROR] LogOutputStream:75 - [STDERR_REDIRECT] [Fatal Error] :1:1: Premature end of file.
2025-03-28 02:30:33,794 [ERROR] LogOutputStream:75 - [STDERR_REDIRECT] 
2025-03-28 02:30:34,797 [ERROR] LogOutputStream:75 - [STDERR_REDIRECT] [Fatal Error] :1:1: Premature end of file.
2025-03-28 02:30:34,797 [ERROR] LogOutputStream:75 - [STDERR_REDIRECT] 
2025-03-28 02:30:35,794 [ERROR] LogOutputStream:75 - [STDERR_REDIRECT] [Fatal Error] :1:1: Premature end of file.
2025-03-28 02:30:35,794 [ERROR] LogOutputStream:75 - [STDERR_REDIRECT] 
2025-03-28 02:30:36,791 [ERROR] LogOutputStream:75 - [STDERR_REDIRECT] [Fatal Error] :1:1: Premature end of file.
2025-03-28 02:30:36,791 [ERROR] LogOutputStream:75 - [STDERR_REDIRECT] 
2025-03-28 02:30:37,790 [ERROR] LogOutputStream:75 - [STDERR_REDIRECT] [Fatal Error] :1:1: Premature end of file.
2025-03-28 02:30:37,790 [ERROR] LogOutputStream:75 - [STDERR_REDIRECT] 
2025-03-28 02:30:38,782 [ERROR] LogOutputStream:75 - [STDERR_REDIRECT] [Fatal Error] :1:1: Premature end of file.
2025-03-28 02:30:38,782 [ERROR] LogOutputStream:75 - [STDERR_REDIRECT] 
2025-03-28 02:30:39,809 [ERROR] LogOutputStream:75 - [STDERR_REDIRECT] [Fatal Error] :1:1: Premature end of file.
2025-03-28 02:30:39,809 [ERROR] LogOutputStream:75 - [STDERR_REDIRECT] 
2025-03-28 02:30:40,794 [ERROR] LogOutputStream:75 - [STDERR_REDIRECT] [Fatal Error] :1:1: Premature end of file.
2025-03-28 02:30:40,794 [ERROR] LogOutputStream:75 - [STDERR_REDIRECT] 
2025-03-28 02:30:41,784 [ERROR] LogOutputStream:75 - [STDERR_REDIRECT] [Fatal Error] :1:1: Premature end of file.
2025-03-28 02:30:41,784 [ERROR] LogOutputStream:75 - [STDERR_REDIRECT] 
2025-03-28 02:30:42,805 [ERROR] LogOutputStream:75 - [STDERR_REDIRECT] [Fatal Error] :1:1: Premature end of file.
2025-03-28 02:30:42,806 [ERROR] LogOutputStream:75 - [STDERR_REDIRECT] 
2025-03-28 02:30:43,787 [ERROR] LogOutputStream:75 - [STDERR_REDIRECT] [Fatal Error] :1:1: Premature end of file.
2025-03-28 02:30:43,787 [ERROR] LogOutputStream:75 - [STDERR_REDIRECT] 
2025-03-28 02:30:44,787 [ERROR] LogOutputStream:75 - [STDERR_REDIRECT] [Fatal Error] :1:1: Premature end of file.
2025-03-28 02:30:44,787 [ERROR] LogOutputStream:75 - [STDERR_REDIRECT] 
2025-03-28 02:30:45,795 [ERROR] LogOutputStream:75 - [STDERR_REDIRECT] [Fatal Error] :1:1: Premature end of file.
2025-03-28 02:30:45,795 [ERROR] LogOutputStream:75 - [STDERR_REDIRECT] 
2025-03-28 02:30:46,786 [ERROR] LogOutputStream:75 - [STDERR_REDIRECT] [Fatal Error] :1:1: Premature end of file.
2025-03-28 02:30:46,786 [ERROR] LogOutputStream:75 - [STDERR_REDIRECT] 
2025-03-28 02:30:47,788 [ERROR] LogOutputStream:75 - [STDERR_REDIRECT] [Fatal Error] :1:1: Premature end of file.
2025-03-28 02:30:47,788 [ERROR] LogOutputStream:75 - [STDERR_REDIRECT] 
2025-03-28 02:30:48,788 [ERROR] LogOutputStream:75 - [STDERR_REDIRECT] [Fatal Error] :1:1: Premature end of file.
2025-03-28 02:30:48,788 [ERROR] LogOutputStream:75 - [STDERR_REDIRECT] 
2025-03-28 02:30:49,776 [ERROR] LogOutputStream:75 - [STDERR_REDIRECT] [Fatal Error] :1:1: Premature end of file.
2025-03-28 02:30:49,777 [ERROR] LogOutputStream:75 - [STDERR_REDIRECT] 
2025-03-28 02:30:50,795 [ERROR] LogOutputStream:75 - [STDERR_REDIRECT] [Fatal Error] :1:1: Premature end of file.
2025-03-28 02:30:50,795 [ERROR] LogOutputStream:75 - [STDERR_REDIRECT] 
2025-03-28 02:30:51,788 [ERROR] LogOutputStream:75 - [STDERR_REDIRECT] [Fatal Error] :1:1: Premature end of file.
2025-03-28 02:30:51,788 [ERROR] LogOutputStream:75 - [STDERR_REDIRECT] 
2025-03-28 02:30:52,772 [ERROR] LogOutputStream:75 - [STDERR_REDIRECT] [Fatal Error] :1:1: Premature end of file.
2025-03-28 02:30:52,772 [ERROR] LogOutputStream:75 - [STDERR_REDIRECT] 
2025-03-28 02:30:53,789 [ERROR] LogOutputStream:75 - [STDERR_REDIRECT] [Fatal Error] :1:1: Premature end of file.
2025-03-28 02:30:53,789 [ERROR] LogOutputStream:75 - [STDERR_REDIRECT] 
2025-03-28 02:30:54,793 [ERROR] LogOutputStream:75 - [STDERR_REDIRECT] [Fatal Error] :1:1: Premature end of file.
2025-03-28 02:30:54,793 [ERROR] LogOutputStream:75 - [STDERR_REDIRECT] 
2025-03-28 02:30:55,778 [ERROR] LogOutputStream:75 - [STDERR_REDIRECT] [Fatal Error] :1:1: Premature end of file.
2025-03-28 02:30:55,778 [ERROR] LogOutputStream:75 - [STDERR_REDIRECT] 
2025-03-28 02:30:56,794 [ERROR] LogOutputStream:75 - [STDERR_REDIRECT] [Fatal Error] :1:1: Premature end of file.
2025-03-28 02:30:56,794 [ERROR] LogOutputStream:75 - [STDERR_REDIRECT] 
2025-03-28 02:30:57,774 [ERROR] LogOutputStream:75 - [STDERR_REDIRECT] [Fatal Error] :1:1: Premature end of file.
2025-03-28 02:30:57,776 [ERROR] LogOutputStream:75 - [STDERR_REDIRECT] 
2025-03-28 02:30:58,774 [ERROR] LogOutputStream:75 - [STDERR_REDIRECT] [Fatal Error] :1:1: Premature end of file.
2025-03-28 02:30:58,774 [ERROR] LogOutputStream:75 - [STDERR_REDIRECT] 
2025-03-28 02:30:59,780 [ERROR] LogOutputStream:75 - [STDERR_REDIRECT] [Fatal Error] :1:1: Premature end of file.
2025-03-28 02:30:59,780 [ERROR] LogOutputStream:75 - [STDERR_REDIRECT] 
2025-03-28 02:31:00,780 [ERROR] LogOutputStream:75 - [STDERR_REDIRECT] [Fatal Error] :1:1: Premature end of file.
2025-03-28 02:31:00,780 [ERROR] LogOutputStream:75 - [STDERR_REDIRECT] 
2025-03-28 02:31:01,792 [ERROR] LogOutputStream:75 - [STDERR_REDIRECT] [Fatal Error] :1:1: Premature end of file.
2025-03-28 02:31:01,792 [ERROR] LogOutputStream:75 - [STDERR_REDIRECT] 
2025-03-28 02:31:02,790 [ERROR] LogOutputStream:75 - [STDERR_REDIRECT] [Fatal Error] :1:1: Premature end of file.
2025-03-28 02:31:02,790 [ERROR] LogOutputStream:75 - [STDERR_REDIRECT] 
2025-03-28 02:31:03,793 [ERROR] LogOutputStream:75 - [STDERR_REDIRECT] [Fatal Error] :1:1: Premature end of file.
2025-03-28 02:31:03,793 [ERROR] LogOutputStream:75 - [STDERR_REDIRECT] 
2025-03-28 02:31:04,784 [ERROR] LogOutputStream:75 - [STDERR_REDIRECT] [Fatal Error] :1:1: Premature end of file.
2025-03-28 02:31:04,784 [ERROR] LogOutputStream:75 - [STDERR_REDIRECT] 
2025-03-28 02:31:05,781 [ERROR] LogOutputStream:75 - [STDERR_REDIRECT] [Fatal Error] :1:1: Premature end of file.
2025-03-28 02:31:05,781 [ERROR] LogOutputStream:75 - [STDERR_REDIRECT] 
2025-03-28 02:31:06,788 [ERROR] LogOutputStream:75 - [STDERR_REDIRECT] [Fatal Error] :1:1: Premature end of file.
2025-03-28 02:31:06,789 [ERROR] LogOutputStream:75 - [STDERR_REDIRECT] 
2025-03-28 02:31:07,792 [ERROR] LogOutputStream:75 - [STDERR_REDIRECT] [Fatal Error] :1:1: Premature end of file.
2025-03-28 02:31:07,793 [ERROR] LogOutputStream:75 - [STDERR_REDIRECT] 
2025-03-28 02:31:08,780 [ERROR] LogOutputStream:75 - [STDERR_REDIRECT] [Fatal Error] :1:1: Premature end of file.
2025-03-28 02:31:08,780 [ERROR] LogOutputStream:75 - [STDERR_REDIRECT] 
2025-03-28 02:31:09,781 [ERROR] LogOutputStream:75 - [STDERR_REDIRECT] [Fatal Error] :1:1: Premature end of file.
2025-03-28 02:31:09,781 [ERROR] LogOutputStream:75 - [STDERR_REDIRECT] 
2025-03-28 02:31:10,783 [ERROR] LogOutputStream:75 - [STDERR_REDIRECT] [Fatal Error] :1:1: Premature end of file.
2025-03-28 02:31:10,783 [ERROR] LogOutputStream:75 - [STDERR_REDIRECT] 
2025-03-28 02:31:11,788 [ERROR] LogOutputStream:75 - [STDERR_REDIRECT] [Fatal Error] :1:1: Premature end of file.
2025-03-28 02:31:11,788 [ERROR] LogOutputStream:75 - [STDERR_REDIRECT] 
2025-03-28 02:31:12,785 [ERROR] LogOutputStream:75 - [STDERR_REDIRECT] [Fatal Error] :1:1: Premature end of file.
2025-03-28 02:31:12,785 [ERROR] LogOutputStream:75 - [STDERR_REDIRECT] 
2025-03-28 02:31:13,783 [ERROR] LogOutputStream:75 - [STDERR_REDIRECT] [Fatal Error] :1:1: Premature end of file.
2025-03-28 02:31:13,783 [ERROR] LogOutputStream:75 - [STDERR_REDIRECT] 
2025-03-28 02:31:14,783 [ERROR] LogOutputStream:75 - [STDERR_REDIRECT] [Fatal Error] :1:1: Premature end of file.
2025-03-28 02:31:14,783 [ERROR] LogOutputStream:75 - [STDERR_REDIRECT] 
2025-03-28 02:31:15,777 [ERROR] LogOutputStream:75 - [STDERR_REDIRECT] [Fatal Error] :1:1: Premature end of file.
2025-03-28 02:31:15,777 [ERROR] LogOutputStream:75 - [STDERR_REDIRECT] 
2025-03-28 02:31:16,787 [ERROR] LogOutputStream:75 - [STDERR_REDIRECT] [Fatal Error] :1:1: Premature end of file.
2025-03-28 02:31:16,787 [ERROR] LogOutputStream:75 - [STDERR_REDIRECT] 
2025-03-28 02:31:17,787 [ERROR] LogOutputStream:75 - [STDERR_REDIRECT] [Fatal Error] :1:1: Premature end of file.
2025-03-28 02:31:17,788 [ERROR] LogOutputStream:75 - [STDERR_REDIRECT] 
2025-03-28 02:31:18,797 [ERROR] LogOutputStream:75 - [STDERR_REDIRECT] [Fatal Error] :1:1: Premature end of file.
2025-03-28 02:31:18,797 [ERROR] LogOutputStream:75 - [STDERR_REDIRECT] 
2025-03-28 02:31:19,781 [ERROR] LogOutputStream:75 - [STDERR_REDIRECT] [Fatal Error] :1:1: Premature end of file.
2025-03-28 02:31:19,781 [ERROR] LogOutputStream:75 - [STDERR_REDIRECT] 
2025-03-28 02:31:20,778 [ERROR] LogOutputStream:75 - [STDERR_REDIRECT] [Fatal Error] :1:1: Premature end of file.
2025-03-28 02:31:20,778 [ERROR] LogOutputStream:75 - [STDERR_REDIRECT] 
2025-03-28 02:31:21,785 [ERROR] LogOutputStream:75 - [STDERR_REDIRECT] [Fatal Error] :1:1: Premature end of file.
2025-03-28 02:31:21,786 [ERROR] LogOutputStream:75 - [STDERR_REDIRECT] 
2025-03-28 02:31:22,791 [ERROR] LogOutputStream:75 - [STDERR_REDIRECT] [Fatal Error] :1:1: Premature end of file.
2025-03-28 02:31:22,791 [ERROR] LogOutputStream:75 - [STDERR_REDIRECT] 
2025-03-28 02:31:23,794 [ERROR] LogOutputStream:75 - [STDERR_REDIRECT] [Fatal Error] :1:1: Premature end of file.
2025-03-28 02:31:23,794 [ERROR] LogOutputStream:75 - [STDERR_REDIRECT] 
2025-03-28 02:31:24,792 [ERROR] LogOutputStream:75 - [STDERR_REDIRECT] [Fatal Error] :1:1: Premature end of file.
2025-03-28 02:31:24,792 [ERROR] LogOutputStream:75 - [STDERR_REDIRECT] 
2025-03-28 02:31:25,787 [ERROR] LogOutputStream:75 - [STDERR_REDIRECT] [Fatal Error] :1:1: Premature end of file.
2025-03-28 02:31:25,787 [ERROR] LogOutputStream:75 - [STDERR_REDIRECT] 
2025-03-28 02:31:26,778 [ERROR] LogOutputStream:75 - [STDERR_REDIRECT] [Fatal Error] :1:1: Premature end of file.
2025-03-28 02:31:26,778 [ERROR] LogOutputStream:75 - [STDERR_REDIRECT] 
2025-03-28 02:31:27,788 [ERROR] LogOutputStream:75 - [STDERR_REDIRECT] [Fatal Error] :1:1: Premature end of file.
2025-03-28 02:31:27,788 [ERROR] LogOutputStream:75 - [STDERR_REDIRECT] 
2025-03-28 02:31:28,777 [ERROR] LogOutputStream:75 - [STDERR_REDIRECT] [Fatal Error] :1:1: Premature end of file.
2025-03-28 02:31:28,777 [ERROR] LogOutputStream:75 - [STDERR_REDIRECT] 
2025-03-28 02:31:29,793 [ERROR] LogOutputStream:75 - [STDERR_REDIRECT] [Fatal Error] :1:1: Premature end of file.
2025-03-28 02:31:29,793 [ERROR] LogOutputStream:75 - [STDERR_REDIRECT] 
2025-03-28 02:31:30,789 [ERROR] LogOutputStream:75 - [STDERR_REDIRECT] [Fatal Error] :1:1: Premature end of file.
2025-03-28 02:31:30,789 [ERROR] LogOutputStream:75 - [STDERR_REDIRECT] 
2025-03-28 02:31:31,788 [ERROR] LogOutputStream:75 - [STDERR_REDIRECT] [Fatal Error] :1:1: Premature end of file.
2025-03-28 02:31:31,788 [ERROR] LogOutputStream:75 - [STDERR_REDIRECT] 
2025-03-28 02:31:32,782 [ERROR] LogOutputStream:75 - [STDERR_REDIRECT] [Fatal Error] :1:1: Premature end of file.
2025-03-28 02:31:32,782 [ERROR] LogOutputStream:75 - [STDERR_REDIRECT] 
2025-03-28 02:31:33,781 [ERROR] LogOutputStream:75 - [STDERR_REDIRECT] [Fatal Error] :1:1: Premature end of file.
2025-03-28 02:31:33,781 [ERROR] LogOutputStream:75 - [STDERR_REDIRECT] 
2025-03-28 02:31:34,787 [ERROR] LogOutputStream:75 - [STDERR_REDIRECT] [Fatal Error] :1:1: Premature end of file.
2025-03-28 02:31:34,787 [ERROR] LogOutputStream:75 - [STDERR_REDIRECT] 
2025-03-28 02:31:35,789 [ERROR] LogOutputStream:75 - [STDERR_REDIRECT] [Fatal Error] :1:1: Premature end of file.
2025-03-28 02:31:35,789 [ERROR] LogOutputStream:75 - [STDERR_REDIRECT] 
2025-03-28 02:31:36,788 [ERROR] LogOutputStream:75 - [STDERR_REDIRECT] [Fatal Error] :1:1: Premature end of file.
2025-03-28 02:31:36,788 [ERROR] LogOutputStream:75 - [STDERR_REDIRECT] 
2025-03-28 02:31:37,797 [ERROR] LogOutputStream:75 - [STDERR_REDIRECT] [Fatal Error] :1:1: Premature end of file.
2025-03-28 02:31:37,797 [ERROR] LogOutputStream:75 - [STDERR_REDIRECT] 
2025-03-28 02:31:38,799 [ERROR] LogOutputStream:75 - [STDERR_REDIRECT] [Fatal Error] :1:1: Premature end of file.
2025-03-28 02:31:38,799 [ERROR] LogOutputStream:75 - [STDERR_REDIRECT] 
2025-03-28 02:31:39,798 [ERROR] LogOutputStream:75 - [STDERR_REDIRECT] [Fatal Error] :1:1: Premature end of file.
2025-03-28 02:31:39,798 [ERROR] LogOutputStream:75 - [STDERR_REDIRECT] 
2025-03-28 02:31:40,788 [ERROR] LogOutputStream:75 - [STDERR_REDIRECT] [Fatal Error] :1:1: Premature end of file.
2025-03-28 02:31:40,788 [ERROR] LogOutputStream:75 - [STDERR_REDIRECT] 
2025-03-28 02:31:41,794 [ERROR] LogOutputStream:75 - [STDERR_REDIRECT] [Fatal Error] :1:1: Premature end of file.
2025-03-28 02:31:41,795 [ERROR] LogOutputStream:75 - [STDERR_REDIRECT] 
2025-03-28 02:31:42,794 [ERROR] LogOutputStream:75 - [STDERR_REDIRECT] [Fatal Error] :1:1: Premature end of file.
2025-03-28 02:31:42,794 [ERROR] LogOutputStream:75 - [STDERR_REDIRECT] 
2025-03-28 02:31:43,791 [ERROR] LogOutputStream:75 - [STDERR_REDIRECT] [Fatal Error] :1:1: Premature end of file.
2025-03-28 02:31:43,791 [ERROR] LogOutputStream:75 - [STDERR_REDIRECT] 
2025-03-28 02:31:44,797 [ERROR] LogOutputStream:75 - [STDERR_REDIRECT] [Fatal Error] :1:1: Premature end of file.
2025-03-28 02:31:44,797 [ERROR] LogOutputStream:75 - [STDERR_REDIRECT] 
2025-03-28 02:31:45,785 [ERROR] LogOutputStream:75 - [STDERR_REDIRECT] [Fatal Error] :1:1: Premature end of file.
2025-03-28 02:31:45,785 [ERROR] LogOutputStream:75 - [STDERR_REDIRECT] 
2025-03-28 02:31:46,794 [ERROR] LogOutputStream:75 - [STDERR_REDIRECT] [Fatal Error] :1:1: Premature end of file.
2025-03-28 02:31:46,794 [ERROR] LogOutputStream:75 - [STDERR_REDIRECT] 
2025-03-28 02:31:47,790 [ERROR] LogOutputStream:75 - [STDERR_REDIRECT] [Fatal Error] :1:1: Premature end of file.
2025-03-28 02:31:47,791 [ERROR] LogOutputStream:75 - [STDERR_REDIRECT] 
2025-03-28 02:31:48,785 [ERROR] LogOutputStream:75 - [STDERR_REDIRECT] [Fatal Error] :1:1: Premature end of file.
2025-03-28 02:31:48,785 [ERROR] LogOutputStream:75 - [STDERR_REDIRECT] 
2025-03-28 02:31:49,789 [ERROR] LogOutputStream:75 - [STDERR_REDIRECT] [Fatal Error] :1:1: Premature end of file.
2025-03-28 02:31:49,789 [ERROR] LogOutputStream:75 - [STDERR_REDIRECT] 
2025-03-28 02:31:50,790 [ERROR] LogOutputStream:75 - [STDERR_REDIRECT] [Fatal Error] :1:1: Premature end of file.
2025-03-28 02:31:50,791 [ERROR] LogOutputStream:75 - [STDERR_REDIRECT] 
2025-03-28 02:31:51,794 [ERROR] LogOutputStream:75 - [STDERR_REDIRECT] [Fatal Error] :1:1: Premature end of file.
2025-03-28 02:31:51,794 [ERROR] LogOutputStream:75 - [STDERR_REDIRECT] 
2025-03-28 02:31:52,779 [ERROR] LogOutputStream:75 - [STDERR_REDIRECT] [Fatal Error] :1:1: Premature end of file.
2025-03-28 02:31:52,779 [ERROR] LogOutputStream:75 - [STDERR_REDIRECT] 
2025-03-28 02:31:53,792 [ERROR] LogOutputStream:75 - [STDERR_REDIRECT] [Fatal Error] :1:1: Premature end of file.
2025-03-28 02:31:53,792 [ERROR] LogOutputStream:75 - [STDERR_REDIRECT] 
2025-03-28 02:31:54,779 [ERROR] LogOutputStream:75 - [STDERR_REDIRECT] [Fatal Error] :1:1: Premature end of file.
2025-03-28 02:31:54,779 [ERROR] LogOutputStream:75 - [STDERR_REDIRECT] 
2025-03-28 02:31:55,805 [ERROR] LogOutputStream:75 - [STDERR_REDIRECT] [Fatal Error] :1:1: Premature end of file.
2025-03-28 02:31:55,805 [ERROR] LogOutputStream:75 - [STDERR_REDIRECT] 
2025-03-28 02:31:56,784 [ERROR] LogOutputStream:75 - [STDERR_REDIRECT] [Fatal Error] :1:1: Premature end of file.
2025-03-28 02:31:56,784 [ERROR] LogOutputStream:75 - [STDERR_REDIRECT] 
2025-03-28 02:31:57,792 [ERROR] LogOutputStream:75 - [STDERR_REDIRECT] [Fatal Error] :1:1: Premature end of file.
2025-03-28 02:31:57,792 [ERROR] LogOutputStream:75 - [STDERR_REDIRECT] 
2025-03-28 02:31:58,788 [ERROR] LogOutputStream:75 - [STDERR_REDIRECT] [Fatal Error] :1:1: Premature end of file.
2025-03-28 02:31:58,788 [ERROR] LogOutputStream:75 - [STDERR_REDIRECT] 
2025-03-28 02:31:59,782 [ERROR] LogOutputStream:75 - [STDERR_REDIRECT] [Fatal Error] :1:1: Premature end of file.
2025-03-28 02:31:59,782 [ERROR] LogOutputStream:75 - [STDERR_REDIRECT] 
2025-03-28 02:32:00,779 [ERROR] LogOutputStream:75 - [STDERR_REDIRECT] [Fatal Error] :1:1: Premature end of file.
2025-03-28 02:32:00,779 [ERROR] LogOutputStream:75 - [STDERR_REDIRECT] 
2025-03-28 02:32:01,787 [ERROR] LogOutputStream:75 - [STDERR_REDIRECT] [Fatal Error] :1:1: Premature end of file.
2025-03-28 02:32:01,787 [ERROR] LogOutputStream:75 - [STDERR_REDIRECT] 
2025-03-28 02:32:02,790 [ERROR] LogOutputStream:75 - [STDERR_REDIRECT] [Fatal Error] :1:1: Premature end of file.
2025-03-28 02:32:02,791 [ERROR] LogOutputStream:75 - [STDERR_REDIRECT] 
2025-03-28 02:32:03,792 [ERROR] LogOutputStream:75 - [STDERR_REDIRECT] [Fatal Error] :1:1: Premature end of file.
2025-03-28 02:32:03,793 [ERROR] LogOutputStream:75 - [STDERR_REDIRECT] 
2025-03-28 02:32:04,782 [ERROR] LogOutputStream:75 - [STDERR_REDIRECT] [Fatal Error] :1:1: Premature end of file.
2025-03-28 02:32:04,782 [ERROR] LogOutputStream:75 - [STDERR_REDIRECT] 
2025-03-28 02:32:05,784 [ERROR] LogOutputStream:75 - [STDERR_REDIRECT] [Fatal Error] :1:1: Premature end of file.
2025-03-28 02:32:05,784 [ERROR] LogOutputStream:75 - [STDERR_REDIRECT] 
2025-03-28 02:32:06,787 [ERROR] LogOutputStream:75 - [STDERR_REDIRECT] [Fatal Error] :1:1: Premature end of file.
2025-03-28 02:32:06,787 [ERROR] LogOutputStream:75 - [STDERR_REDIRECT] 
2025-03-28 02:32:07,782 [ERROR] LogOutputStream:75 - [STDERR_REDIRECT] [Fatal Error] :1:1: Premature end of file.
2025-03-28 02:32:07,782 [ERROR] LogOutputStream:75 - [STDERR_REDIRECT] 
2025-03-28 02:32:08,795 [ERROR] LogOutputStream:75 - [STDERR_REDIRECT] [Fatal Error] :1:1: Premature end of file.
2025-03-28 02:32:08,796 [ERROR] LogOutputStream:75 - [STDERR_REDIRECT] 
2025-03-28 02:32:09,786 [ERROR] LogOutputStream:75 - [STDERR_REDIRECT] [Fatal Error] :1:1: Premature end of file.
2025-03-28 02:32:09,786 [ERROR] LogOutputStream:75 - [STDERR_REDIRECT] 
2025-03-28 02:32:10,794 [ERROR] LogOutputStream:75 - [STDERR_REDIRECT] [Fatal Error] :1:1: Premature end of file.
2025-03-28 02:32:10,795 [ERROR] LogOutputStream:75 - [STDERR_REDIRECT] 
2025-03-28 02:32:11,778 [ERROR] LogOutputStream:75 - [STDERR_REDIRECT] [Fatal Error] :1:1: Premature end of file.
2025-03-28 02:32:11,778 [ERROR] LogOutputStream:75 - [STDERR_REDIRECT] 
2025-03-28 02:32:12,781 [ERROR] LogOutputStream:75 - [STDERR_REDIRECT] [Fatal Error] :1:1: Premature end of file.
2025-03-28 02:32:12,781 [ERROR] LogOutputStream:75 - [STDERR_REDIRECT] 
2025-03-28 02:32:13,787 [ERROR] LogOutputStream:75 - [STDERR_REDIRECT] [Fatal Error] :1:1: Premature end of file.
2025-03-28 02:32:13,787 [ERROR] LogOutputStream:75 - [STDERR_REDIRECT] 
2025-03-28 02:32:14,777 [ERROR] LogOutputStream:75 - [STDERR_REDIRECT] [Fatal Error] :1:1: Premature end of file.
2025-03-28 02:32:14,777 [ERROR] LogOutputStream:75 - [STDERR_REDIRECT] 
2025-03-28 02:32:15,790 [ERROR] LogOutputStream:75 - [STDERR_REDIRECT] [Fatal Error] :1:1: Premature end of file.
2025-03-28 02:32:15,790 [ERROR] LogOutputStream:75 - [STDERR_REDIRECT] 
2025-03-28 02:32:16,787 [ERROR] LogOutputStream:75 - [STDERR_REDIRECT] [Fatal Error] :1:1: Premature end of file.
2025-03-28 02:32:16,787 [ERROR] LogOutputStream:75 - [STDERR_REDIRECT] 
2025-03-28 02:32:17,788 [ERROR] LogOutputStream:75 - [STDERR_REDIRECT] [Fatal Error] :1:1: Premature end of file.
2025-03-28 02:32:17,788 [ERROR] LogOutputStream:75 - [STDERR_REDIRECT] 
2025-03-28 02:32:18,796 [ERROR] LogOutputStream:75 - [STDERR_REDIRECT] [Fatal Error] :1:1: Premature end of file.
2025-03-28 02:32:18,796 [ERROR] LogOutputStream:75 - [STDERR_REDIRECT] 
2025-03-28 02:32:19,786 [ERROR] LogOutputStream:75 - [STDERR_REDIRECT] [Fatal Error] :1:1: Premature end of file.
2025-03-28 02:32:19,787 [ERROR] LogOutputStream:75 - [STDERR_REDIRECT] 
2025-03-28 02:32:20,780 [ERROR] LogOutputStream:75 - [STDERR_REDIRECT] [Fatal Error] :1:1: Premature end of file.
2025-03-28 02:32:20,780 [ERROR] LogOutputStream:75 - [STDERR_REDIRECT] 
2025-03-28 02:32:21,790 [ERROR] LogOutputStream:75 - [STDERR_REDIRECT] [Fatal Error] :1:1: Premature end of file.
2025-03-28 02:32:21,790 [ERROR] LogOutputStream:75 - [STDERR_REDIRECT] 
2025-03-28 02:32:22,793 [ERROR] LogOutputStream:75 - [STDERR_REDIRECT] [Fatal Error] :1:1: Premature end of file.
2025-03-28 02:32:22,793 [ERROR] LogOutputStream:75 - [STDERR_REDIRECT] 
2025-03-28 02:32:23,792 [ERROR] LogOutputStream:75 - [STDERR_REDIRECT] [Fatal Error] :1:1: Premature end of file.
2025-03-28 02:32:23,792 [ERROR] LogOutputStream:75 - [STDERR_REDIRECT] 
2025-03-28 02:32:24,781 [ERROR] LogOutputStream:75 - [STDERR_REDIRECT] [Fatal Error] :1:1: Premature end of file.
2025-03-28 02:32:24,781 [ERROR] LogOutputStream:75 - [STDERR_REDIRECT] 
2025-03-28 02:32:25,787 [ERROR] LogOutputStream:75 - [STDERR_REDIRECT] [Fatal Error] :1:1: Premature end of file.
2025-03-28 02:32:25,787 [ERROR] LogOutputStream:75 - [STDERR_REDIRECT] 
2025-03-28 02:32:26,791 [ERROR] LogOutputStream:75 - [STDERR_REDIRECT] [Fatal Error] :1:1: Premature end of file.
2025-03-28 02:32:26,791 [ERROR] LogOutputStream:75 - [STDERR_REDIRECT] 
2025-03-28 02:32:27,787 [ERROR] LogOutputStream:75 - [STDERR_REDIRECT] [Fatal Error] :1:1: Premature end of file.
2025-03-28 02:32:27,787 [ERROR] LogOutputStream:75 - [STDERR_REDIRECT] 
2025-03-28 02:32:28,786 [ERROR] LogOutputStream:75 - [STDERR_REDIRECT] [Fatal Error] :1:1: Premature end of file.
2025-03-28 02:32:28,786 [ERROR] LogOutputStream:75 - [STDERR_REDIRECT] 
2025-03-28 02:32:29,787 [ERROR] LogOutputStream:75 - [STDERR_REDIRECT] [Fatal Error] :1:1: Premature end of file.
2025-03-28 02:32:29,787 [ERROR] LogOutputStream:75 - [STDERR_REDIRECT] 
2025-03-28 02:32:30,788 [ERROR] LogOutputStream:75 - [STDERR_REDIRECT] [Fatal Error] :1:1: Premature end of file.
2025-03-28 02:32:30,788 [ERROR] LogOutputStream:75 - [STDERR_REDIRECT] 
2025-03-28 02:32:31,785 [ERROR] LogOutputStream:75 - [STDERR_REDIRECT] [Fatal Error] :1:1: Premature end of file.
2025-03-28 02:32:31,785 [ERROR] LogOutputStream:75 - [STDERR_REDIRECT] 
2025-03-28 02:32:32,788 [ERROR] LogOutputStream:75 - [STDERR_REDIRECT] [Fatal Error] :1:1: Premature end of file.
2025-03-28 02:32:32,788 [ERROR] LogOutputStream:75 - [STDERR_REDIRECT] 
2025-03-28 02:32:33,785 [ERROR] LogOutputStream:75 - [STDERR_REDIRECT] [Fatal Error] :1:1: Premature end of file.
2025-03-28 02:32:33,785 [ERROR] LogOutputStream:75 - [STDERR_REDIRECT] 
2025-03-28 02:32:34,785 [ERROR] LogOutputStream:75 - [STDERR_REDIRECT] [Fatal Error] :1:1: Premature end of file.
2025-03-28 02:32:34,785 [ERROR] LogOutputStream:75 - [STDERR_REDIRECT] 
2025-03-28 02:32:35,788 [ERROR] LogOutputStream:75 - [STDERR_REDIRECT] [Fatal Error] :1:1: Premature end of file.
2025-03-28 02:32:35,788 [ERROR] LogOutputStream:75 - [STDERR_REDIRECT] 
2025-03-28 02:32:36,781 [ERROR] LogOutputStream:75 - [STDERR_REDIRECT] [Fatal Error] :1:1: Premature end of file.
2025-03-28 02:32:36,782 [ERROR] LogOutputStream:75 - [STDERR_REDIRECT] 
2025-03-28 02:32:37,796 [ERROR] LogOutputStream:75 - [STDERR_REDIRECT] [Fatal Error] :1:1: Premature end of file.
2025-03-28 02:32:37,796 [ERROR] LogOutputStream:75 - [STDERR_REDIRECT] 
2025-03-28 02:32:38,788 [ERROR] LogOutputStream:75 - [STDERR_REDIRECT] [Fatal Error] :1:1: Premature end of file.
2025-03-28 02:32:38,788 [ERROR] LogOutputStream:75 - [STDERR_REDIRECT] 
2025-03-28 02:32:39,776 [ERROR] LogOutputStream:75 - [STDERR_REDIRECT] [Fatal Error] :1:1: Premature end of file.
2025-03-28 02:32:39,776 [ERROR] LogOutputStream:75 - [STDERR_REDIRECT] 
2025-03-28 02:32:40,794 [ERROR] LogOutputStream:75 - [STDERR_REDIRECT] [Fatal Error] :1:1: Premature end of file.
2025-03-28 02:32:40,794 [ERROR] LogOutputStream:75 - [STDERR_REDIRECT] 
2025-03-28 02:32:41,782 [ERROR] LogOutputStream:75 - [STDERR_REDIRECT] [Fatal Error] :1:1: Premature end of file.
2025-03-28 02:32:41,782 [ERROR] LogOutputStream:75 - [STDERR_REDIRECT] 
2025-03-28 02:32:42,779 [ERROR] LogOutputStream:75 - [STDERR_REDIRECT] [Fatal Error] :1:1: Premature end of file.
2025-03-28 02:32:42,779 [ERROR] LogOutputStream:75 - [STDERR_REDIRECT] 
2025-03-28 02:32:43,780 [ERROR] LogOutputStream:75 - [STDERR_REDIRECT] [Fatal Error] :1:1: Premature end of file.
2025-03-28 02:32:43,781 [ERROR] LogOutputStream:75 - [STDERR_REDIRECT] 
2025-03-28 02:32:44,782 [ERROR] LogOutputStream:75 - [STDERR_REDIRECT] [Fatal Error] :1:1: Premature end of file.
2025-03-28 02:32:44,782 [ERROR] LogOutputStream:75 - [STDERR_REDIRECT] 
2025-03-28 02:32:45,794 [ERROR] LogOutputStream:75 - [STDERR_REDIRECT] [Fatal Error] :1:1: Premature end of file.
2025-03-28 02:32:45,794 [ERROR] LogOutputStream:75 - [STDERR_REDIRECT] 
2025-03-28 02:32:46,789 [ERROR] LogOutputStream:75 - [STDERR_REDIRECT] [Fatal Error] :1:1: Premature end of file.
2025-03-28 02:32:46,789 [ERROR] LogOutputStream:75 - [STDERR_REDIRECT] 
2025-03-28 02:32:47,785 [ERROR] LogOutputStream:75 - [STDERR_REDIRECT] [Fatal Error] :1:1: Premature end of file.
2025-03-28 02:32:47,785 [ERROR] LogOutputStream:75 - [STDERR_REDIRECT] 
2025-03-28 02:32:48,797 [ERROR] LogOutputStream:75 - [STDERR_REDIRECT] [Fatal Error] :1:1: Premature end of file.
2025-03-28 02:32:48,797 [ERROR] LogOutputStream:75 - [STDERR_REDIRECT] 
2025-03-28 02:32:49,799 [ERROR] LogOutputStream:75 - [STDERR_REDIRECT] [Fatal Error] :1:1: Premature end of file.
2025-03-28 02:32:49,800 [ERROR] LogOutputStream:75 - [STDERR_REDIRECT] 
2025-03-28 02:32:51,164 [ERROR] LogOutputStream:75 - [STDERR_REDIRECT] [Fatal Error] :1:1: Premature end of file.
2025-03-28 02:32:51,164 [ERROR] LogOutputStream:75 - [STDERR_REDIRECT] 
2025-03-28 02:32:51,798 [ERROR] LogOutputStream:75 - [STDERR_REDIRECT] [Fatal Error] :1:1: Premature end of file.
2025-03-28 02:32:51,799 [ERROR] LogOutputStream:75 - [STDERR_REDIRECT] 
2025-03-28 02:32:52,788 [ERROR] LogOutputStream:75 - [STDERR_REDIRECT] [Fatal Error] :1:1: Premature end of file.
2025-03-28 02:32:52,788 [ERROR] LogOutputStream:75 - [STDERR_REDIRECT] 
2025-03-28 02:32:53,780 [ERROR] LogOutputStream:75 - [STDERR_REDIRECT] [Fatal Error] :1:1: Premature end of file.
2025-03-28 02:32:53,780 [ERROR] LogOutputStream:75 - [STDERR_REDIRECT] 
2025-03-28 02:32:54,793 [ERROR] LogOutputStream:75 - [STDERR_REDIRECT] [Fatal Error] :1:1: Premature end of file.
2025-03-28 02:32:54,793 [ERROR] LogOutputStream:75 - [STDERR_REDIRECT] 
2025-03-28 02:32:55,788 [ERROR] LogOutputStream:75 - [STDERR_REDIRECT] [Fatal Error] :1:1: Premature end of file.
2025-03-28 02:32:55,788 [ERROR] LogOutputStream:75 - [STDERR_REDIRECT] 
2025-03-28 02:32:56,778 [ERROR] LogOutputStream:75 - [STDERR_REDIRECT] [Fatal Error] :1:1: Premature end of file.
2025-03-28 02:32:56,778 [ERROR] LogOutputStream:75 - [STDERR_REDIRECT] 
2025-03-28 02:32:57,790 [ERROR] LogOutputStream:75 - [STDERR_REDIRECT] [Fatal Error] :1:1: Premature end of file.
2025-03-28 02:32:57,790 [ERROR] LogOutputStream:75 - [STDERR_REDIRECT] 
2025-03-28 02:32:58,780 [ERROR] LogOutputStream:75 - [STDERR_REDIRECT] [Fatal Error] :1:1: Premature end of file.
2025-03-28 02:32:58,780 [ERROR] LogOutputStream:75 - [STDERR_REDIRECT] 
2025-03-28 02:32:59,777 [ERROR] LogOutputStream:75 - [STDERR_REDIRECT] [Fatal Error] :1:1: Premature end of file.
2025-03-28 02:32:59,777 [ERROR] LogOutputStream:75 - [STDERR_REDIRECT] 
2025-03-28 02:33:00,777 [ERROR] LogOutputStream:75 - [STDERR_REDIRECT] [Fatal Error] :1:1: Premature end of file.
2025-03-28 02:33:00,778 [ERROR] LogOutputStream:75 - [STDERR_REDIRECT] 
2025-03-28 02:33:01,783 [ERROR] LogOutputStream:75 - [STDERR_REDIRECT] [Fatal Error] :1:1: Premature end of file.
2025-03-28 02:33:01,783 [ERROR] LogOutputStream:75 - [STDERR_REDIRECT] 
2025-03-28 02:33:02,775 [ERROR] LogOutputStream:75 - [STDERR_REDIRECT] [Fatal Error] :1:1: Premature end of file.
2025-03-28 02:33:02,775 [ERROR] LogOutputStream:75 - [STDERR_REDIRECT] 
2025-03-28 02:33:03,795 [ERROR] LogOutputStream:75 - [STDERR_REDIRECT] [Fatal Error] :1:1: Premature end of file.
2025-03-28 02:33:03,795 [ERROR] LogOutputStream:75 - [STDERR_REDIRECT] 
2025-03-28 02:33:04,778 [ERROR] LogOutputStream:75 - [STDERR_REDIRECT] [Fatal Error] :1:1: Premature end of file.
2025-03-28 02:33:04,778 [ERROR] LogOutputStream:75 - [STDERR_REDIRECT] 
2025-03-28 02:33:05,790 [ERROR] LogOutputStream:75 - [STDERR_REDIRECT] [Fatal Error] :1:1: Premature end of file.
2025-03-28 02:33:05,790 [ERROR] LogOutputStream:75 - [STDERR_REDIRECT] 
2025-03-28 02:33:06,788 [ERROR] LogOutputStream:75 - [STDERR_REDIRECT] [Fatal Error] :1:1: Premature end of file.
2025-03-28 02:33:06,789 [ERROR] LogOutputStream:75 - [STDERR_REDIRECT] 
2025-03-28 02:33:07,781 [ERROR] LogOutputStream:75 - [STDERR_REDIRECT] [Fatal Error] :1:1: Premature end of file.
2025-03-28 02:33:07,781 [ERROR] LogOutputStream:75 - [STDERR_REDIRECT] 
2025-03-28 02:33:08,789 [ERROR] LogOutputStream:75 - [STDERR_REDIRECT] [Fatal Error] :1:1: Premature end of file.
2025-03-28 02:33:08,790 [ERROR] LogOutputStream:75 - [STDERR_REDIRECT] 
2025-03-28 02:33:09,809 [ERROR] LogOutputStream:75 - [STDERR_REDIRECT] [Fatal Error] :1:1: Premature end of file.
2025-03-28 02:33:09,809 [ERROR] LogOutputStream:75 - [STDERR_REDIRECT] 
2025-03-28 02:33:10,787 [ERROR] LogOutputStream:75 - [STDERR_REDIRECT] [Fatal Error] :1:1: Premature end of file.
2025-03-28 02:33:10,787 [ERROR] LogOutputStream:75 - [STDERR_REDIRECT] 
2025-03-28 02:33:11,783 [ERROR] LogOutputStream:75 - [STDERR_REDIRECT] [Fatal Error] :1:1: Premature end of file.
2025-03-28 02:33:11,783 [ERROR] LogOutputStream:75 - [STDERR_REDIRECT] 
2025-03-28 02:33:12,795 [ERROR] LogOutputStream:75 - [STDERR_REDIRECT] [Fatal Error] :1:1: Premature end of file.
2025-03-28 02:33:12,795 [ERROR] LogOutputStream:75 - [STDERR_REDIRECT] 
2025-03-28 02:33:13,783 [ERROR] LogOutputStream:75 - [STDERR_REDIRECT] [Fatal Error] :1:1: Premature end of file.
2025-03-28 02:33:13,783 [ERROR] LogOutputStream:75 - [STDERR_REDIRECT] 
2025-03-28 02:33:14,792 [ERROR] LogOutputStream:75 - [STDERR_REDIRECT] [Fatal Error] :1:1: Premature end of file.
2025-03-28 02:33:14,792 [ERROR] LogOutputStream:75 - [STDERR_REDIRECT] 
2025-03-28 02:33:15,788 [ERROR] LogOutputStream:75 - [STDERR_REDIRECT] [Fatal Error] :1:1: Premature end of file.
2025-03-28 02:33:15,788 [ERROR] LogOutputStream:75 - [STDERR_REDIRECT] 
2025-03-28 02:33:16,784 [ERROR] LogOutputStream:75 - [STDERR_REDIRECT] [Fatal Error] :1:1: Premature end of file.
2025-03-28 02:33:16,784 [ERROR] LogOutputStream:75 - [STDERR_REDIRECT] 
2025-03-28 02:33:17,794 [ERROR] LogOutputStream:75 - [STDERR_REDIRECT] [Fatal Error] :1:1: Premature end of file.
2025-03-28 02:33:17,794 [ERROR] LogOutputStream:75 - [STDERR_REDIRECT] 
2025-03-28 02:33:18,790 [ERROR] LogOutputStream:75 - [STDERR_REDIRECT] [Fatal Error] :1:1: Premature end of file.
2025-03-28 02:33:18,790 [ERROR] LogOutputStream:75 - [STDERR_REDIRECT] 
2025-03-28 02:33:19,787 [ERROR] LogOutputStream:75 - [STDERR_REDIRECT] [Fatal Error] :1:1: Premature end of file.
2025-03-28 02:33:19,787 [ERROR] LogOutputStream:75 - [STDERR_REDIRECT] 
2025-03-28 02:33:20,815 [ERROR] LogOutputStream:75 - [STDERR_REDIRECT] [Fatal Error] :1:1: Premature end of file.
2025-03-28 02:33:20,816 [ERROR] LogOutputStream:75 - [STDERR_REDIRECT] 
2025-03-28 02:33:21,782 [ERROR] LogOutputStream:75 - [STDERR_REDIRECT] [Fatal Error] :1:1: Premature end of file.
2025-03-28 02:33:21,782 [ERROR] LogOutputStream:75 - [STDERR_REDIRECT] 
2025-03-28 02:33:22,784 [ERROR] LogOutputStream:75 - [STDERR_REDIRECT] [Fatal Error] :1:1: Premature end of file.
2025-03-28 02:33:22,784 [ERROR] LogOutputStream:75 - [STDERR_REDIRECT] 
2025-03-28 02:33:23,787 [ERROR] LogOutputStream:75 - [STDERR_REDIRECT] [Fatal Error] :1:1: Premature end of file.
2025-03-28 02:33:23,787 [ERROR] LogOutputStream:75 - [STDERR_REDIRECT] 
2025-03-28 02:33:24,788 [ERROR] LogOutputStream:75 - [STDERR_REDIRECT] [Fatal Error] :1:1: Premature end of file.
2025-03-28 02:33:24,788 [ERROR] LogOutputStream:75 - [STDERR_REDIRECT] 
2025-03-28 02:33:25,782 [ERROR] LogOutputStream:75 - [STDERR_REDIRECT] [Fatal Error] :1:1: Premature end of file.
2025-03-28 02:33:25,782 [ERROR] LogOutputStream:75 - [STDERR_REDIRECT] 
2025-03-28 02:33:26,785 [ERROR] LogOutputStream:75 - [STDERR_REDIRECT] [Fatal Error] :1:1: Premature end of file.
2025-03-28 02:33:26,785 [ERROR] LogOutputStream:75 - [STDERR_REDIRECT] 
2025-03-28 02:33:27,787 [ERROR] LogOutputStream:75 - [STDERR_REDIRECT] [Fatal Error] :1:1: Premature end of file.
2025-03-28 02:33:27,787 [ERROR] LogOutputStream:75 - [STDERR_REDIRECT] 
2025-03-28 02:33:28,796 [ERROR] LogOutputStream:75 - [STDERR_REDIRECT] [Fatal Error] :1:1: Premature end of file.
2025-03-28 02:33:28,797 [ERROR] LogOutputStream:75 - [STDERR_REDIRECT] 
2025-03-28 02:33:29,784 [ERROR] LogOutputStream:75 - [STDERR_REDIRECT] [Fatal Error] :1:1: Premature end of file.
2025-03-28 02:33:29,784 [ERROR] LogOutputStream:75 - [STDERR_REDIRECT] 
2025-03-28 02:33:30,789 [ERROR] LogOutputStream:75 - [STDERR_REDIRECT] [Fatal Error] :1:1: Premature end of file.
2025-03-28 02:33:30,789 [ERROR] LogOutputStream:75 - [STDERR_REDIRECT] 
2025-03-28 02:33:31,778 [ERROR] LogOutputStream:75 - [STDERR_REDIRECT] [Fatal Error] :1:1: Premature end of file.
2025-03-28 02:33:31,778 [ERROR] LogOutputStream:75 - [STDERR_REDIRECT] 
2025-03-28 02:33:32,789 [ERROR] LogOutputStream:75 - [STDERR_REDIRECT] [Fatal Error] :1:1: Premature end of file.
2025-03-28 02:33:32,789 [ERROR] LogOutputStream:75 - [STDERR_REDIRECT] 
2025-03-28 02:33:33,785 [ERROR] LogOutputStream:75 - [STDERR_REDIRECT] [Fatal Error] :1:1: Premature end of file.
2025-03-28 02:33:33,785 [ERROR] LogOutputStream:75 - [STDERR_REDIRECT] 
2025-03-28 02:33:34,791 [ERROR] LogOutputStream:75 - [STDERR_REDIRECT] [Fatal Error] :1:1: Premature end of file.
2025-03-28 02:33:34,791 [ERROR] LogOutputStream:75 - [STDERR_REDIRECT] 
2025-03-28 02:33:35,786 [ERROR] LogOutputStream:75 - [STDERR_REDIRECT] [Fatal Error] :1:1: Premature end of file.
2025-03-28 02:33:35,786 [ERROR] LogOutputStream:75 - [STDERR_REDIRECT] 
2025-03-28 02:33:36,774 [ERROR] LogOutputStream:75 - [STDERR_REDIRECT] [Fatal Error] :1:1: Premature end of file.
2025-03-28 02:33:36,774 [ERROR] LogOutputStream:75 - [STDERR_REDIRECT] 
2025-03-28 02:33:37,787 [ERROR] LogOutputStream:75 - [STDERR_REDIRECT] [Fatal Error] :1:1: Premature end of file.
2025-03-28 02:33:37,787 [ERROR] LogOutputStream:75 - [STDERR_REDIRECT] 
2025-03-28 02:33:38,781 [ERROR] LogOutputStream:75 - [STDERR_REDIRECT] [Fatal Error] :1:1: Premature end of file.
2025-03-28 02:33:38,781 [ERROR] LogOutputStream:75 - [STDERR_REDIRECT] 
2025-03-28 02:33:39,786 [ERROR] LogOutputStream:75 - [STDERR_REDIRECT] [Fatal Error] :1:1: Premature end of file.
2025-03-28 02:33:39,786 [ERROR] LogOutputStream:75 - [STDERR_REDIRECT] 
2025-03-28 02:33:40,792 [ERROR] LogOutputStream:75 - [STDERR_REDIRECT] [Fatal Error] :1:1: Premature end of file.
2025-03-28 02:33:40,793 [ERROR] LogOutputStream:75 - [STDERR_REDIRECT] 
2025-03-28 02:33:41,786 [ERROR] LogOutputStream:75 - [STDERR_REDIRECT] [Fatal Error] :1:1: Premature end of file.
2025-03-28 02:33:41,786 [ERROR] LogOutputStream:75 - [STDERR_REDIRECT] 
2025-03-28 02:33:42,781 [ERROR] LogOutputStream:75 - [STDERR_REDIRECT] [Fatal Error] :1:1: Premature end of file.
2025-03-28 02:33:42,781 [ERROR] LogOutputStream:75 - [STDERR_REDIRECT] 
2025-03-28 02:33:43,778 [ERROR] LogOutputStream:75 - [STDERR_REDIRECT] [Fatal Error] :1:1: Premature end of file.
2025-03-28 02:33:43,778 [ERROR] LogOutputStream:75 - [STDERR_REDIRECT] 
2025-03-28 02:33:44,774 [ERROR] LogOutputStream:75 - [STDERR_REDIRECT] [Fatal Error] :1:1: Premature end of file.
2025-03-28 02:33:44,775 [ERROR] LogOutputStream:75 - [STDERR_REDIRECT] 
2025-03-28 02:33:45,778 [ERROR] LogOutputStream:75 - [STDERR_REDIRECT] [Fatal Error] :1:1: Premature end of file.
2025-03-28 02:33:45,779 [ERROR] LogOutputStream:75 - [STDERR_REDIRECT] 
2025-03-28 02:33:45,862 [ERROR] LogOutputStream:75 - [STDERR_REDIRECT] 
